<?xml version="1.0"?>
<testsuite name="Chrome Headless 95.0.4638.54 (Mac OS 10.15.7)" package="" timestamp="2021-10-25T21:23:57" id="0" hostname="tyranny" tests="1723" errors="0" failures="0" time="25.718">
  <properties>
    <property name="browser.fullName" value="Mozilla/5.0 (Macintosh; Intel Mac OS X 10_15_7) AppleWebKit/537.36 (KHTML, like Gecko) HeadlessChrome/95.0.4638.54 Safari/537.36"/>
  </properties>
  <testcase name="The About controller exposes version information" time="0.001" classname="The About controller"/>
  <testcase name="The About controller opens license information in a window" time="0.001" classname="The About controller"/>
  <testcase name="The License controller exposes license information" time="0" classname="The License controller"/>
  <testcase name="The About controller shows the about dialog" time="0" classname="The About controller"/>
  <testcase name="The inspector region creates default region parts" time="0" classname="The inspector region"/>
  <testcase name="The navigate action sets navigation if it is allowed" time="0.001" classname="The navigate action"/>
  <testcase name="The navigate action does not set navigation if it is not allowed" time="0.001" classname="The navigate action"/>
  <testcase name="The navigate action is only applicable when a domain object is in context" time="0" classname="The navigate action"/>
  <testcase name="The navigation service stores navigation state" time="0.001" classname="The navigation service"/>
  <testcase name="The navigation service notifies listeners on change" time="0" classname="The navigation service"/>
  <testcase name="The navigation service does not notify listeners when no changes occur" time="0" classname="The navigation service"/>
  <testcase name="The navigation service stops notifying listeners after removal" time="0" classname="The navigation service"/>
  <testcase name="OrphanNavigationHandler listens for mutation with a throttled function" time="0.001" classname="OrphanNavigationHandler"/>
  <testcase name="OrphanNavigationHandler listens for navigation changes with a throttled function" time="0.002" classname="OrphanNavigationHandler"/>
  <testcase name="OrphanNavigationHandler for non-orphan objects that are not being edited when navigation changes does nothing" time="0.001" classname="OrphanNavigationHandler for non-orphan objects that are not being edited when navigation changes"/>
  <testcase name="OrphanNavigationHandler for non-orphan objects that are not being edited when mutation occurs does nothing" time="0.001" classname="OrphanNavigationHandler for non-orphan objects that are not being edited when mutation occurs"/>
  <testcase name="OrphanNavigationHandler for non-orphan objects that are being edited when navigation changes does nothing" time="0" classname="OrphanNavigationHandler for non-orphan objects that are being edited when navigation changes"/>
  <testcase name="OrphanNavigationHandler for non-orphan objects that are being edited when mutation occurs does nothing" time="0.001" classname="OrphanNavigationHandler for non-orphan objects that are being edited when mutation occurs"/>
  <testcase name="OrphanNavigationHandler for orphan objects that are not being edited when navigation changes navigates to the parent" time="0" classname="OrphanNavigationHandler for orphan objects that are not being edited when navigation changes"/>
  <testcase name="OrphanNavigationHandler for orphan objects that are not being edited when mutation occurs navigates to the parent" time="0.001" classname="OrphanNavigationHandler for orphan objects that are not being edited when mutation occurs"/>
  <testcase name="OrphanNavigationHandler for orphan objects that are being edited when navigation changes does nothing" time="0.001" classname="OrphanNavigationHandler for orphan objects that are being edited when navigation changes"/>
  <testcase name="OrphanNavigationHandler for orphan objects that are being edited when mutation occurs does nothing" time="0.002" classname="OrphanNavigationHandler for orphan objects that are being edited when mutation occurs"/>
  <testcase name="The dialog service adds an overlay when user input is requested" time="0.001" classname="The dialog service"/>
  <testcase name="The dialog service allows user input to be canceled" time="0" classname="The dialog service"/>
  <testcase name="The dialog service passes back the result of user input when confirmed" time="0" classname="The dialog service"/>
  <testcase name="The dialog service logs a warning when a dialog is already showing" time="0.001" classname="The dialog service"/>
  <testcase name="The dialog service can show multiple dialogs if prior ones are dismissed" time="0" classname="The dialog service"/>
  <testcase name="The dialog service provides an options dialogs" time="0.001" classname="The dialog service"/>
  <testcase name="The dialog service invokes the overlay service with the correct parameters when a blocking dialog is requested" time="0.001" classname="The dialog service"/>
  <testcase name="The dialog service adds a keydown event listener to the body" time="0.001" classname="The dialog service"/>
  <testcase name="The dialog service destroys the event listener when the dialog is cancelled" time="0" classname="The dialog service"/>
  <testcase name="The dialog service cancels the dialog when an escape keydown event is triggered" time="0.001" classname="The dialog service"/>
  <testcase name="The dialog service ignores non escape keydown events" time="0" classname="The dialog service"/>
  <testcase name="The dialog service the blocking message dialog returns a handle to the dialog" time="0" classname="The dialog service the blocking message dialog"/>
  <testcase name="The dialog service the blocking message dialog dismissing the dialog dismisses the overlay" time="0" classname="The dialog service the blocking message dialog"/>
  <testcase name="The dialog service the blocking message dialog individual dialogs can be dismissed" time="0" classname="The dialog service the blocking message dialog"/>
  <testcase name="The overlay service prepends an mct-include to create overlays" time="0.002" classname="The overlay service"/>
  <testcase name="The overlay service adds the templated element to the body" time="0" classname="The overlay service"/>
  <testcase name="The overlay service places the provided model/key in its template's scope" time="0.001" classname="The overlay service"/>
  <testcase name="The overlay service removes the prepended element on request" time="0" classname="The overlay service"/>
  <testcase name="The Cancel action only applies to domain object that is being edited" time="0" classname="The Cancel action"/>
  <testcase name="The Cancel action invokes the editor capability's cancel functionality when performed" time="0" classname="The Cancel action"/>
  <testcase name="The Cancel action navigates to object if existing using navigate action" time="0" classname="The Cancel action"/>
  <testcase name="The Cancel action navigates to parent if new using navigate action" time="0" classname="The Cancel action"/>
  <testcase name="The Edit action is only applicable when an editable domain object is present" time="0.001" classname="The Edit action"/>
  <testcase name="The Edit action is only applicable to objects not already in edit mode" time="0.001" classname="The Edit action"/>
  <testcase name="The Edit action invokes the Edit capability on the object" time="0" classname="The Edit action"/>
  <testcase name="The Link action adds to the parent's composition when performed" time="0" classname="The Link action"/>
  <testcase name="The Link action enables edit mode for objects that have an edit action" time="0" classname="The Link action"/>
  <testcase name="The Link action Does not enable edit mode for objects that do not have an edit action" time="0" classname="The Link action"/>
  <testcase name="Properties action mutates an object when performed" time="0" classname="Properties action"/>
  <testcase name="Properties action does not muate object upon cancel" time="0" classname="Properties action"/>
  <testcase name="Properties action is only applicable when a domain object is in context" time="0.002" classname="Properties action"/>
  <testcase name="Properties dialog provides sections based on type properties" time="0" classname="Properties dialog"/>
  <testcase name="Properties dialog pulls initial values from object model" time="0" classname="Properties dialog"/>
  <testcase name="Properties dialog populates models with form results" time="0" classname="Properties dialog"/>
  <testcase name="The Save action only applies to domain object with an editor capability" time="0.001" classname="The Save action"/>
  <testcase name="The Save action only applies to domain object that has already been persisted" time="0" classname="The Save action"/>
  <testcase name="The Save action uses the editor capability to save the object" time="0.001" classname="The Save action"/>
  <testcase name="The Save action in order to keep the user in the loop shows a dialog while saving" time="0" classname="The Save action in order to keep the user in the loop"/>
  <testcase name="The Save action in order to keep the user in the loop hides the dialog when saving is complete" time="0" classname="The Save action in order to keep the user in the loop"/>
  <testcase name="The Save action in order to keep the user in the loop notifies if saving succeeded" time="0" classname="The Save action in order to keep the user in the loop"/>
  <testcase name="The Save action in order to keep the user in the loop notifies if saving failed" time="0" classname="The Save action in order to keep the user in the loop"/>
  <testcase name="The Save and Stop Editing action only applies to domain object with an editor capability" time="0" classname="The Save and Stop Editing action"/>
  <testcase name="The Save and Stop Editing action only applies to domain object that has already been persisted" time="0" classname="The Save and Stop Editing action"/>
  <testcase name="The Save and Stop Editing action does not close the editor before completing the save" time="0" classname="The Save and Stop Editing action"/>
  <testcase name="The Save and Stop Editing action closes the editor after saving" time="0" classname="The Save and Stop Editing action"/>
  <testcase name="The Save As action only applies to domain object with an editor capability" time="0" classname="The Save As action">
    <skipped/>
  </testcase>
  <testcase name="The Save As action only applies to domain object that has not already been persisted" time="0" classname="The Save As action">
    <skipped/>
  </testcase>
  <testcase name="The Save As action uses the editor capability to save the object" time="0" classname="The Save As action">
    <skipped/>
  </testcase>
  <testcase name="The Save As action uses the editor capability to finish editing the object" time="0" classname="The Save As action">
    <skipped/>
  </testcase>
  <testcase name="The Save As action returns to browse after save" time="0" classname="The Save As action">
    <skipped/>
  </testcase>
  <testcase name="The Save As action prompts the user for object details" time="0" classname="The Save As action">
    <skipped/>
  </testcase>
  <testcase name="The Save As action in order to keep the user in the loop shows a blocking dialog indicating that saving is in progress" time="0" classname="The Save As action in order to keep the user in the loop">
    <skipped/>
  </testcase>
  <testcase name="The Save As action in order to keep the user in the loop hides the blocking dialog after saving finishes" time="0" classname="The Save As action in order to keep the user in the loop">
    <skipped/>
  </testcase>
  <testcase name="The Save As action in order to keep the user in the loop notifies if saving succeeded" time="0" classname="The Save As action in order to keep the user in the loop">
    <skipped/>
  </testcase>
  <testcase name="The Save As action in order to keep the user in the loop notifies if saving failed" time="0" classname="The Save As action in order to keep the user in the loop">
    <skipped/>
  </testcase>
  <testcase name="The Edit Action controller watches scope that may change applicable actions" time="0.001" classname="The Edit Action controller"/>
  <testcase name="The Edit Action controller populates the scope with 'save' actions" time="0" classname="The Edit Action controller"/>
  <testcase name="The Edit Action controller converts 'save' actions to their menu counterparts" time="0.001" classname="The Edit Action controller"/>
  <testcase name="The Edit Action controller uses a click handler to perform the clicked action" time="0" classname="The Edit Action controller"/>
  <testcase name="The Edit Action controller populates the scope with other editing actions" time="0" classname="The Edit Action controller"/>
  <testcase name="The Edit Object controller adds a check before navigation" time="0" classname="The Edit Object controller"/>
  <testcase name="The Edit Object controller cleans up on destroy" time="0.001" classname="The Edit Object controller"/>
  <testcase name="The Edit Object controller sets the active view from query parameters" time="0.002" classname="The Edit Object controller"/>
  <testcase name="The Edit Panes controller watches for the domain object in view" time="0.001" classname="The Edit Panes controller"/>
  <testcase name="The Edit Panes controller exposes the root object found via the object's context capability" time="0" classname="The Edit Panes controller"/>
  <testcase name="The Edit Panes controller preserves the same root instance to avoid excessive refreshing" time="0.001" classname="The Edit Panes controller"/>
  <testcase name="The Edit Panes controller updates the root when it changes" time="0" classname="The Edit Panes controller"/>
  <testcase name="The create action provider exposes one create action per type" time="0" classname="The create action provider"/>
  <testcase name="The create action provider exposes no non-create actions" time="0" classname="The create action provider"/>
  <testcase name="The create action provider does not expose non-creatable types" time="0" classname="The create action provider"/>
  <testcase name="The create action exposes type-appropriate metadata" time="0" classname="The create action">
    <skipped/>
  </testcase>
  <testcase name="The create action the perform function uses the instantiation capability when performed" time="0" classname="The create action the perform function">
    <skipped/>
  </testcase>
  <testcase name="The create action the perform function uses the edit action if available" time="0" classname="The create action the perform function">
    <skipped/>
  </testcase>
  <testcase name="The create action the perform function uses the save-as action if object does not have an edit action available" time="0" classname="The create action the perform function">
    <skipped/>
  </testcase>
  <testcase name="The create action the perform function uses to editor capability to save the edit if user saves dialog" time="0" classname="The create action the perform function uses to editor capability">
    <skipped/>
  </testcase>
  <testcase name="The create action the perform function uses to editor capability to finish the edit if user cancels dialog" time="0" classname="The create action the perform function uses to editor capability">
    <skipped/>
  </testcase>
  <testcase name="The create menu controller watches scope that may change applicable actions" time="0.001" classname="The create menu controller"/>
  <testcase name="The create menu controller populates the scope with create actions" time="0" classname="The create menu controller"/>
  <testcase name="The create wizard creates a form model with a Properties section" time="0" classname="The create wizard">
    <skipped/>
  </testcase>
  <testcase name="The create wizard adds one row per defined type property" time="0" classname="The create wizard">
    <skipped/>
  </testcase>
  <testcase name="The create wizard interprets form data using type-defined properties" time="0" classname="The create wizard">
    <skipped/>
  </testcase>
  <testcase name="The create wizard looks up initial values from properties" time="0" classname="The create wizard">
    <skipped/>
  </testcase>
  <testcase name="The create wizard populates the model on the associated object" time="0" classname="The create wizard">
    <skipped/>
  </testcase>
  <testcase name="The create wizard validates selection types using policy" time="0" classname="The create wizard">
    <skipped/>
  </testcase>
  <testcase name="The create wizard creates a form model without a location if not requested" time="0" classname="The create wizard">
    <skipped/>
  </testcase>
  <testcase name="The creation policy allows creation of types with the creation feature" time="0" classname="The creation policy"/>
  <testcase name="The creation policy disallows creation of types without the creation feature" time="0" classname="The creation policy"/>
  <testcase name="The creation service allows new objects to be created" time="0" classname="The creation service"/>
  <testcase name="The creation service adds new objects to the parent's composition" time="0.001" classname="The creation service"/>
  <testcase name="The creation service provides the newly-created object" time="0" classname="The creation service"/>
  <testcase name="The creation service warns if parent has no persistence capability" time="0.001" classname="The creation service"/>
  <testcase name="The creation service logs an error when mutation fails" time="0" classname="The creation service"/>
  <testcase name="The locator controller when context is available adds a treeModel to scope" time="0" classname="The locator controller when context is available"/>
  <testcase name="The locator controller when context is available watches for changes to treeModel" time="0.001" classname="The locator controller when context is available"/>
  <testcase name="The locator controller when context is available changes its own model on embedded model updates" time="0" classname="The locator controller when context is available"/>
  <testcase name="The locator controller when context is available rejects changes which fail validation" time="0.002" classname="The locator controller when context is available"/>
  <testcase name="The locator controller when context is available treats a lack of a selection as invalid" time="0.001" classname="The locator controller when context is available"/>
  <testcase name="The locator controller when no context is available provides a default context where none is available" time="0" classname="The locator controller when no context is available"/>
  <testcase name="The locator controller when no context is available does not issue redundant requests for the root object" time="0" classname="The locator controller when no context is available"/>
  <testcase name="The Edit persistable objects policy Applies to edit action" time="0.002" classname="The Edit persistable objects policy"/>
  <testcase name="The Edit persistable objects policy Applies to properties action" time="0" classname="The Edit persistable objects policy"/>
  <testcase name="The Edit persistable objects policy does not apply to other actions" time="0.001" classname="The Edit persistable objects policy"/>
  <testcase name="The Edit persistable objects policy Tests object provider for editability" time="0" classname="The Edit persistable objects policy"/>
  <testcase name="EditRepresenter injects a commit function in scope" time="0" classname="EditRepresenter"/>
  <testcase name="EditRepresenter representation logs a message when commiting" time="0" classname="EditRepresenter representation"/>
  <testcase name="EditRepresenter representation mutates the object when committing" time="0" classname="EditRepresenter representation"/>
  <testcase name="The FormatProvider looks up formats by key" time="0.001" classname="The FormatProvider"/>
  <testcase name="The FormatProvider throws an error about unknown formats" time="0.001" classname="The FormatProvider"/>
  <testcase name="SplashScreenManager when element exists adds fade out class" time="0.001" classname="SplashScreenManager when element exists"/>
  <testcase name="SplashScreenManager when element exists removes the element when the transition ends" time="0" classname="SplashScreenManager when element exists"/>
  <testcase name="SplashScreenManager does not error when element doesn't exist" time="0.001" classname="SplashScreenManager"/>
  <testcase name="The style sheet loader appends one link per stylesheet extension" time="0.001" classname="The style sheet loader"/>
  <testcase name="The style sheet loader appends links to the head" time="0" classname="The style sheet loader"/>
  <testcase name="The style sheet loader adjusts link locations" time="0.001" classname="The style sheet loader"/>
  <testcase name="The style sheet loader for themed stylesheets includes matching themes" time="0.001" classname="The style sheet loader for themed stylesheets"/>
  <testcase name="The style sheet loader for themed stylesheets excludes mismatching themes" time="0" classname="The style sheet loader for themed stylesheets"/>
  <testcase name="The action group controller watches scope that may change applicable actions" time="0" classname="The action group controller"/>
  <testcase name="The action group controller populates the scope with grouped and ungrouped actions" time="0" classname="The action group controller"/>
  <testcase name="The action group controller provides empty arrays when no action capability is available" time="0" classname="The action group controller"/>
  <testcase name="The click-away controller is initially inactive" time="0.001" classname="The click-away controller"/>
  <testcase name="The click-away controller does not listen to the document before being toggled" time="0.001" classname="The click-away controller"/>
  <testcase name="The click-away controller tracks enabled/disabled state when toggled" time="0" classname="The click-away controller"/>
  <testcase name="The click-away controller allows active state to be explicitly specified" time="0.001" classname="The click-away controller"/>
  <testcase name="The click-away controller registers a mouse listener when activated" time="0" classname="The click-away controller"/>
  <testcase name="The click-away controller deactivates and detaches listener on document click" time="0.001" classname="The click-away controller"/>
  <testcase name="The DateTimeFieldController updates text from model values" time="0.002" classname="The DateTimeFieldController"/>
  <testcase name="The DateTimeFieldController when valid text is entered updates models from user-entered text" time="0.001" classname="The DateTimeFieldController when valid text is entered"/>
  <testcase name="The DateTimeFieldController when valid text is entered does not indicate a blur event" time="0.001" classname="The DateTimeFieldController when valid text is entered"/>
  <testcase name="The DateTimeFieldController when a date is chosen via the date picker updates models" time="0.001" classname="The DateTimeFieldController when a date is chosen via the date picker"/>
  <testcase name="The DateTimeFieldController when a date is chosen via the date picker fires a blur event" time="0" classname="The DateTimeFieldController when a date is chosen via the date picker"/>
  <testcase name="The DateTimeFieldController exposes toggle state for date-time picker" time="0" classname="The DateTimeFieldController"/>
  <testcase name="The DateTimeFieldController when user input is invalid displays error state" time="0.001" classname="The DateTimeFieldController when user input is invalid"/>
  <testcase name="The DateTimeFieldController when user input is invalid does not modify model state" time="0" classname="The DateTimeFieldController when user input is invalid"/>
  <testcase name="The DateTimeFieldController when user input is invalid does not modify user input" time="0" classname="The DateTimeFieldController when user input is invalid"/>
  <testcase name="The DateTimeFieldController when user input is invalid restores valid text values on request" time="0" classname="The DateTimeFieldController when user input is invalid"/>
  <testcase name="The DateTimeFieldController does not modify valid but irregular user input" time="0.001" classname="The DateTimeFieldController"/>
  <testcase name="The DateTimeFieldController obtains a format from the format service" time="0.001" classname="The DateTimeFieldController"/>
  <testcase name="The DateTimeFieldController throws an error for unknown formats" time="0" classname="The DateTimeFieldController"/>
  <testcase name="The DateTimeFieldController using the obtained format parses user input" time="0.001" classname="The DateTimeFieldController using the obtained format"/>
  <testcase name="The DateTimeFieldController using the obtained format validates user input" time="0.001" classname="The DateTimeFieldController using the obtained format"/>
  <testcase name="The DateTimeFieldController using the obtained format formats model data for display" time="0.001" classname="The DateTimeFieldController using the obtained format"/>
  <testcase name="The DateTimePickerController watches the model that was passed in" time="0.003" classname="The DateTimePickerController"/>
  <testcase name="The DateTimePickerController updates value in model when values in scope change" time="0.001" classname="The DateTimePickerController"/>
  <testcase name="The DateTimePickerController once initialized with model state exposes date/time values in scope" time="0.002" classname="The DateTimePickerController once initialized with model state"/>
  <testcase name="The DateTimePickerController once initialized with model state provides names for time properties" time="0.002" classname="The DateTimePickerController once initialized with model state"/>
  <testcase name="The DateTimePickerController once initialized with model state provides options for time properties" time="0.002" classname="The DateTimePickerController once initialized with model state"/>
  <testcase name="The DateTimePickerController once initialized with model state exposes times to populate calendar as a table" time="0.001" classname="The DateTimePickerController once initialized with model state"/>
  <testcase name="The DateTimePickerController once initialized with model state contains the current date in its initial table" time="0.002" classname="The DateTimePickerController once initialized with model state"/>
  <testcase name="The DateTimePickerController once initialized with model state allows the displayed month to be advanced" time="0.021" classname="The DateTimePickerController once initialized with model state"/>
  <testcase name="The DateTimePickerController once initialized with model state allows checking if a cell is in the current month" time="0.001" classname="The DateTimePickerController once initialized with model state"/>
  <testcase name="The DateTimePickerController once initialized with model state allows cells to be selected" time="0.001" classname="The DateTimePickerController once initialized with model state"/>
  <testcase name="The DateTimePickerController once initialized with model state allows cells to be compared" time="0.001" classname="The DateTimePickerController once initialized with model state"/>
  <testcase name="The getter-setter controller watches for changes to external and internal mode" time="0.003" classname="The getter-setter controller"/>
  <testcase name="The getter-setter controller updates an external function when changes are detected" time="0" classname="The getter-setter controller"/>
  <testcase name="The getter-setter controller updates internal state when external changes are detected" time="0" classname="The getter-setter controller"/>
  <testcase name="The object inspector controller  watches for changes to the selected object" time="0.001" classname="The object inspector controller "/>
  <testcase name="The object inspector controller  looks for contextual parent objects" time="0" classname="The object inspector controller "/>
  <testcase name="The object inspector controller  if link, looks for primary parent objects" time="0.001" classname="The object inspector controller "/>
  <testcase name="The object inspector controller  gets metadata" time="0" classname="The object inspector controller "/>
  <testcase name="The controller for the 'selector' control loads the root object" time="0" classname="The controller for the 'selector' control"/>
  <testcase name="The controller for the 'selector' control watches for changes in selection in left-hand tree" time="0.002" classname="The controller for the 'selector' control"/>
  <testcase name="The controller for the 'selector' control watches for changes in controlled property" time="0" classname="The controller for the 'selector' control"/>
  <testcase name="The controller for the 'selector' control rejects selection of incorrect types" time="0.001" classname="The controller for the 'selector' control"/>
  <testcase name="The controller for the 'selector' control permits selection of matching types" time="0" classname="The controller for the 'selector' control"/>
  <testcase name="The controller for the 'selector' control loads objects when the underlying list changes" time="0.001" classname="The controller for the 'selector' control"/>
  <testcase name="The controller for the 'selector' control exposes the root object to populate the left-hand tree" time="0" classname="The controller for the 'selector' control"/>
  <testcase name="The controller for the 'selector' control adds objects to the underlying model" time="0" classname="The controller for the 'selector' control"/>
  <testcase name="The controller for the 'selector' control removes objects to the underlying model" time="0" classname="The controller for the 'selector' control"/>
  <testcase name="The controller for the 'selector' control provides a list of currently-selected objects" time="0.001" classname="The controller for the 'selector' control"/>
  <testcase name="The TimeRangeController watches the model that was passed in" time="0.002" classname="The TimeRangeController"/>
  <testcase name="The TimeRangeController exposes start time validator" time="0.001" classname="The TimeRangeController"/>
  <testcase name="The TimeRangeController exposes end time validator" time="0" classname="The TimeRangeController"/>
  <testcase name="The TimeRangeController when changes are made via form entry updates all changed bounds when requested" time="0.002" classname="The TimeRangeController when changes are made via form entry"/>
  <testcase name="The TimeRangeController when changes are made via form entry updates changed start bound when requested" time="0" classname="The TimeRangeController when changes are made via form entry"/>
  <testcase name="The TimeRangeController when changes are made via form entry updates changed end bound when requested" time="0.001" classname="The TimeRangeController when changes are made via form entry"/>
  <testcase name="The TimeRangeController when dragged updates the start time for left drags" time="0" classname="The TimeRangeController when dragged"/>
  <testcase name="The TimeRangeController when dragged updates the end time for right drags" time="0" classname="The TimeRangeController when dragged"/>
  <testcase name="The TimeRangeController when dragged updates both start and end for middle drags" time="0.001" classname="The TimeRangeController when dragged"/>
  <testcase name="The TimeRangeController when dragged enforces a minimum inner span" time="0" classname="The TimeRangeController when dragged"/>
  <testcase name="The TimeRangeController when outer bounds are changed enforces a minimum inner span when outer span changes" time="0" classname="The TimeRangeController when outer bounds are changed"/>
  <testcase name="The TimeRangeController watches for changes in format selection" time="0" classname="The TimeRangeController"/>
  <testcase name="The TimeRangeController throws an error for unknown formats" time="0" classname="The TimeRangeController"/>
  <testcase name="The toggle controller is initially inactive" time="0.001" classname="The toggle controller"/>
  <testcase name="The toggle controller tracks enabled/disabled state when toggled" time="0" classname="The toggle controller"/>
  <testcase name="The toggle controller allows active state to be explicitly specified" time="0" classname="The toggle controller"/>
  <testcase name="The tree node controller allows tracking of expansion state" time="0" classname="The tree node controller"/>
  <testcase name="The tree node controller tracks whether or not the represented object is currently navigated-to" time="0" classname="The tree node controller"/>
  <testcase name="The tree node controller expands a node if it is on the navigation path" time="0" classname="The tree node controller"/>
  <testcase name="The tree node controller does not expand a node if it is not on the navigation path" time="0.001" classname="The tree node controller"/>
  <testcase name="The tree node controller does not expand a node if no context is available" time="0" classname="The tree node controller"/>
  <testcase name="The tree node controller exposes selected objects in scope" time="0" classname="The tree node controller"/>
  <testcase name="The tree node controller invokes optional callbacks upon selection" time="0" classname="The tree node controller"/>
  <testcase name="The view switcher controller watches for changes in applicable views" time="0" classname="The view switcher controller"/>
  <testcase name="The view switcher controller maintains the current selection when views change" time="0.002" classname="The view switcher controller"/>
  <testcase name="The view switcher controller chooses a default if a selected view becomes inapplicable" time="0.001" classname="The view switcher controller"/>
  <testcase name="The view switcher controller updates initial selection on a timeout" time="0" classname="The view switcher controller"/>
  <testcase name="The mct-click-elsewhere directive is valid as an attribute" time="0" classname="The mct-click-elsewhere directive"/>
  <testcase name="The mct-click-elsewhere directive detaches listeners when destroyed" time="0" classname="The mct-click-elsewhere directive"/>
  <testcase name="The mct-click-elsewhere directive listens for mousedown on the document's body" time="0" classname="The mct-click-elsewhere directive"/>
  <testcase name="The mct-click-elsewhere directive when a click occurs outside the element's bounds triggers an evaluation of its related Angular expression" time="0.001" classname="The mct-click-elsewhere directive when a click occurs outside the element's bounds"/>
  <testcase name="The mct-click-elsewhere directive when a click occurs within the element's bounds triggers no evaluation" time="0" classname="The mct-click-elsewhere directive when a click occurs within the element's bounds"/>
  <testcase name="The mct-container directive is applicable to elements" time="0" classname="The mct-container directive"/>
  <testcase name="The mct-container directive creates a new (non-isolate) scope" time="0" classname="The mct-container directive"/>
  <testcase name="The mct-container directive chooses a template based on key" time="0" classname="The mct-container directive"/>
  <testcase name="The mct-container directive copies attributes needed by the container" time="0" classname="The mct-container directive"/>
  <testcase name="The mct-drag directive in Mobile is valid as an attribute" time="0" classname="The mct-drag directive in Mobile"/>
  <testcase name="The mct-drag directive in Mobile listens for touchstart on its element" time="0" classname="The mct-drag directive in Mobile"/>
  <testcase name="The mct-drag directive in Mobile invokes mctDragDown when dragging begins" time="0" classname="The mct-drag directive in Mobile"/>
  <testcase name="The mct-drag directive in Mobile listens for touchmove after dragging begins" time="0.002" classname="The mct-drag directive in Mobile"/>
  <testcase name="The mct-drag directive in Mobile invokes mctDrag expression during drag" time="0" classname="The mct-drag directive in Mobile"/>
  <testcase name="The mct-drag directive in Mobile invokes mctDragUp expression after drag" time="0.001" classname="The mct-drag directive in Mobile"/>
  <testcase name="The mct-drag directive in Desktop is valid as an attribute" time="0" classname="The mct-drag directive in Desktop"/>
  <testcase name="The mct-drag directive in Desktop listens for mousedown on its element" time="0.001" classname="The mct-drag directive in Desktop"/>
  <testcase name="The mct-drag directive in Desktop invokes mctDragDown when dragging begins" time="0" classname="The mct-drag directive in Desktop"/>
  <testcase name="The mct-drag directive in Desktop listens for mousemove after dragging begins" time="0" classname="The mct-drag directive in Desktop"/>
  <testcase name="The mct-drag directive in Desktop invokes mctDrag expression during drag" time="0.001" classname="The mct-drag directive in Desktop"/>
  <testcase name="The mct-drag directive in Desktop invokes mctDragUp expression after drag" time="0" classname="The mct-drag directive in Desktop"/>
  <testcase name="The mct-popup directive is valid as an element" time="0" classname="The mct-popup directive"/>
  <testcase name="The mct-popup directive creates an element which displays as a popup" time="0.001" classname="The mct-popup directive creates an element which"/>
  <testcase name="The mct-popup directive creates an element which displays transcluded content" time="0.001" classname="The mct-popup directive creates an element which"/>
  <testcase name="The mct-popup directive creates an element which is removed when its containing scope is destroyed" time="0" classname="The mct-popup directive creates an element which"/>
  <testcase name="The mct-resize directive is applicable as an attribute only" time="0.001" classname="The mct-resize directive"/>
  <testcase name="The mct-resize directive starts tracking size changes upon link" time="0" classname="The mct-resize directive"/>
  <testcase name="The mct-resize directive reports size changes on a timeout" time="0.001" classname="The mct-resize directive"/>
  <testcase name="The mct-resize directive stops size checking for size changes after destroy" time="0.002" classname="The mct-resize directive"/>
  <testcase name="The mct-resize directive triggers a digest cycle when size changes" time="0" classname="The mct-resize directive"/>
  <testcase name="The mct-resize directive does not trigger a digest cycle when size does not change" time="0" classname="The mct-resize directive"/>
  <testcase name="An mct-scroll-* directive is available for attributes" time="0" classname="An mct-scroll-* directive"/>
  <testcase name="An mct-scroll-* directive does not create an isolate scope" time="0" classname="An mct-scroll-* directive"/>
  <testcase name="An mct-scroll-* directive watches for changes in observed expression" time="0.001" classname="An mct-scroll-* directive"/>
  <testcase name="An mct-scroll-* directive listens for scroll events" time="0" classname="An mct-scroll-* directive"/>
  <testcase name="An mct-scroll-* directive publishes initial scroll state" time="0.001" classname="An mct-scroll-* directive"/>
  <testcase name="An mct-scroll-* directive updates scroll state when scope changes" time="0" classname="An mct-scroll-* directive"/>
  <testcase name="An mct-scroll-* directive updates scope when scroll state changes" time="0.001" classname="An mct-scroll-* directive"/>
  <testcase name="An mct-scroll-* directive does not call $apply during construction" time="0" classname="An mct-scroll-* directive"/>
  <testcase name="The mct-split-pane directive is only applicable as an element" time="0" classname="The mct-split-pane directive"/>
  <testcase name="The mct-split-pane directive when its controller is applied sets an interval which does not trigger digests" time="0" classname="The mct-split-pane directive when its controller is applied"/>
  <testcase name="The mct-split-pane directive when its controller is applied exposes its splitter's initial position" time="0" classname="The mct-split-pane directive when its controller is applied"/>
  <testcase name="The mct-split-pane directive when its controller is applied exposes the current anchoring mode" time="0" classname="The mct-split-pane directive when its controller is applied"/>
  <testcase name="The mct-split-pane directive when its controller is applied applies resizing class to children when resizing" time="0" classname="The mct-split-pane directive when its controller is applied"/>
  <testcase name="The mct-split-pane directive when its controller is applied removes resizing class from children when resizing action ends" time="0.001" classname="The mct-split-pane directive when its controller is applied"/>
  <testcase name="The mct-split-pane directive when its controller is applied allows positions to be set" time="0" classname="The mct-split-pane directive when its controller is applied"/>
  <testcase name="The mct-split-pane directive when its controller is applied issues no warnings under nominal usage" time="0.001" classname="The mct-split-pane directive when its controller is applied"/>
  <testcase name="The mct-split-pane directive when its controller is applied warns if no mct-splitter is present" time="0" classname="The mct-split-pane directive when its controller is applied"/>
  <testcase name="The mct-split-pane directive when its controller is applied warns if an unknown anchor key is given" time="0.001" classname="The mct-split-pane directive when its controller is applied"/>
  <testcase name="The mct-split-pane directive when its controller is applied updates positions on a timer" time="0.001" classname="The mct-split-pane directive when its controller is applied"/>
  <testcase name="The mct-split-pane directive when its controller is applied cancels the active interval when scope is destroyed" time="0" classname="The mct-split-pane directive when its controller is applied"/>
  <testcase name="The mct-split-pane directive when its controller is applied saves user preference to localStorage when user is done resizing" time="0" classname="The mct-split-pane directive when its controller is applied"/>
  <testcase name="The mct-splitter directive is applicable to elements" time="0" classname="The mct-splitter directive"/>
  <testcase name="The mct-splitter directive depends on the mct-split-pane controller" time="0" classname="The mct-splitter directive"/>
  <testcase name="The mct-splitter directive when linked adds a splitter class" time="0" classname="The mct-splitter directive when linked"/>
  <testcase name="The mct-splitter directive when linked and then manipulated tell's the splitter when it is resizing" time="0" classname="The mct-splitter directive when linked and then manipulated"/>
  <testcase name="The mct-splitter directive when linked and then manipulated repositions during drag" time="0.001" classname="The mct-splitter directive when linked and then manipulated"/>
  <testcase name="The mct-splitter directive when linked and then manipulated tell's the splitter when it is done resizing" time="0" classname="The mct-splitter directive when linked and then manipulated"/>
  <testcase name="The mct-tree directive is applicable as an element" time="0" classname="The mct-tree directive"/>
  <testcase name="The mct-tree directive two-way binds" time="0.001" classname="The mct-tree directive"/>
  <testcase name="The mct-tree directive link populates the mct-tree element" time="0.001" classname="The mct-tree directive link"/>
  <testcase name="The mct-tree directive link watches for selected-object expression in the parent" time="0" classname="The mct-tree directive link"/>
  <testcase name="The mct-tree directive link watches for changes to root-object" time="0.001" classname="The mct-tree directive link"/>
  <testcase name="The mct-tree directive link listens for the $destroy event" time="0" classname="The mct-tree directive link"/>
  <testcase name="The mct-tree directive link watches for changes in tree view" time="0.002" classname="The mct-tree directive link"/>
  <testcase name="The mct-tree directive link does not trigger $apply during $watches" time="0" classname="The mct-tree directive link"/>
  <testcase name="The mct-tree directive link does trigger $apply from tree manipulation" time="0" classname="The mct-tree directive link"/>
  <testcase name="The reverse filter reverses text" time="0" classname="The reverse filter"/>
  <testcase name="The reverse filter returns undefined for undefined inputs" time="0" classname="The reverse filter"/>
  <testcase name="PopupService adds elements to the body of the document" time="0" classname="PopupService"/>
  <testcase name="PopupService when positioned in appropriate quadrants orients elements relative to the top-left" time="0" classname="PopupService when positioned in appropriate quadrants"/>
  <testcase name="PopupService when positioned in appropriate quadrants orients elements relative to the top-right" time="0.001" classname="PopupService when positioned in appropriate quadrants"/>
  <testcase name="PopupService when positioned in appropriate quadrants orients elements relative to the bottom-right" time="0" classname="PopupService when positioned in appropriate quadrants"/>
  <testcase name="PopupService when positioned in appropriate quadrants orients elements relative to the bottom-left" time="0" classname="PopupService when positioned in appropriate quadrants"/>
  <testcase name="Popup applies CSS styles when instantiated" time="0.001" classname="Popup"/>
  <testcase name="Popup reports the orientation of the popup" time="0" classname="Popup"/>
  <testcase name="Popup removes elements when dismissed" time="0.002" classname="Popup"/>
  <testcase name="The url service get url for a location using domainObject and mode" time="0" classname="The url service"/>
  <testcase name="The url service get url for a new tab using domainObject and mode" time="0" classname="The url service"/>
  <testcase name="TreeView elements is an unordered list" time="0" classname="TreeView elements">
    <skipped/>
  </testcase>
  <testcase name="TreeView model adds one node per composition element" time="0" classname="TreeView model">
    <skipped/>
  </testcase>
  <testcase name="TreeView model listens for mutation" time="0" classname="TreeView model">
    <skipped/>
  </testcase>
  <testcase name="TreeView model when mutation occurs continues to show one node per composition element" time="0" classname="TreeView model when mutation occurs">
    <skipped/>
  </testcase>
  <testcase name="TreeView model when replaced with a non-compositional domain object stops listening for mutation" time="0" classname="TreeView model when replaced with a non-compositional domain object">
    <skipped/>
  </testcase>
  <testcase name="TreeView model when replaced with a non-compositional domain object removes all tree nodes" time="0" classname="TreeView model when replaced with a non-compositional domain object">
    <skipped/>
  </testcase>
  <testcase name="TreeView model when selection state changes communicates selection state to an appropriate node" time="0" classname="TreeView model when selection state changes">
    <skipped/>
  </testcase>
  <testcase name="TreeView model when a context-less object is selected clears all selection state" time="0" classname="TreeView model when a context-less object is selected">
    <skipped/>
  </testcase>
  <testcase name="TreeView model when children contain children creates inner trees" time="0" classname="TreeView model when children contain children">
    <skipped/>
  </testcase>
  <testcase name="TreeView model when status changes reflects the status change in the tree" time="0" classname="TreeView model when status changes">
    <skipped/>
  </testcase>
  <testcase name="TreeView observe notifies listeners when value is changed" time="0" classname="TreeView observe">
    <skipped/>
  </testcase>
  <testcase name="TreeView observe does not notify listeners when deactivated" time="0" classname="TreeView observe">
    <skipped/>
  </testcase>
  <testcase name="The info button gesture expect click on the representation" time="0.001" classname="The info button gesture"/>
  <testcase name="The info button gesture expect click then dismiss on the representation" time="0" classname="The info button gesture"/>
  <testcase name="The info button gesture detaches a callback for info bubble events when destroyed" time="0" classname="The info button gesture"/>
  <testcase name="The info button gesture does not try to access scope" time="0.001" classname="The info button gesture"/>
  <testcase name="The info gesture listens for mouseenter on the representation" time="0" classname="The info gesture"/>
  <testcase name="The info gesture displays an info bubble on a delay after mouseenter" time="0.001" classname="The info gesture"/>
  <testcase name="The info gesture does not display info bubble if mouse leaves too soon" time="0.001" classname="The info gesture"/>
  <testcase name="The info gesture hides a shown bubble when mouse leaves" time="0" classname="The info gesture"/>
  <testcase name="The info gesture tracks mouse position" time="0.001" classname="The info gesture"/>
  <testcase name="The info gesture hides shown bubbles when destroyed" time="0" classname="The info gesture"/>
  <testcase name="The info gesture detaches listeners when destroyed" time="0.001" classname="The info gesture"/>
  <testcase name="The info service creates elements and displays them as popups" time="0.002" classname="The info service"/>
  <testcase name="The info service provides a function to remove displayed info bubbles" time="0.001" classname="The info service"/>
  <testcase name="The info service when on phone device, positions at  bottom" time="0" classname="The info service"/>
  <testcase name="The info service when bubble goes down-right positions the arrow in the top-left" time="0.002" classname="The info service when bubble goes down-right"/>
  <testcase name="The info service when bubble goes up-right positions the arrow in the bottom-left" time="0" classname="The info service when bubble goes up-right"/>
  <testcase name="The info service when bubble goes down-left positions the arrow in the top-right" time="0" classname="The info service when bubble goes down-left"/>
  <testcase name="The info service when bubble goes up-left positions the arrow in the bottom-right" time="0" classname="The info service when bubble goes up-left"/>
  <testcase name="The AgentService recognizes desktop devices as non-mobile" time="0" classname="The AgentService"/>
  <testcase name="The AgentService detects iPhones" time="0.001" classname="The AgentService"/>
  <testcase name="The AgentService detects iPads" time="0" classname="The AgentService"/>
  <testcase name="The AgentService detects display orientation" time="0" classname="The AgentService"/>
  <testcase name="The AgentService detects touch support" time="0.001" classname="The AgentService"/>
  <testcase name="The AgentService allows for checking browser type" time="0" classname="The AgentService"/>
  <testcase name="The editable region policy  includes only browse region parts for object not in edit mode" time="0" classname="The editable region policy "/>
  <testcase name="The editable region policy  includes only edit region parts for object in edit mode" time="0.001" classname="The editable region policy "/>
  <testcase name="The editable region policy  includes region parts with no mode specification" time="0.001" classname="The editable region policy "/>
  <testcase name="The inspector controller  listens for selection change event" time="0" classname="The inspector controller "/>
  <testcase name="The inspector controller  cleans up on scope destroy" time="0" classname="The inspector controller "/>
  <testcase name="The inspector controller  adds selection object to scope" time="0.001" classname="The inspector controller "/>
  <testcase name="The region class  adding a region at a specified index adds it in that position" time="0" classname="The region class "/>
  <testcase name="The region class  adding a region without an index adds it at the end" time="0" classname="The region class "/>
  <testcase name="The region class  removing a region with a string matches on region name" time="0" classname="The region class  removing a region"/>
  <testcase name="The region class  removing a region with a number removes by index" time="0.001" classname="The region class  removing a region"/>
  <testcase name="The region class  removing a region with object matches that object" time="0" classname="The region class  removing a region"/>
  <testcase name="The compose action policy defers to composition policy" time="0" classname="The compose action policy">
    <skipped/>
  </testcase>
  <testcase name="The compose action policy allows actions other than compose" time="0" classname="The compose action policy">
    <skipped/>
  </testcase>
  <testcase name="The composition model policy only allows composition for types which will have a composition property" time="0.001" classname="The composition model policy"/>
  <testcase name="The composition mutability policy only allows composition for types which can be created/modified" time="0" classname="The composition mutability policy"/>
  <testcase name="Composition policy enforces simple containment rules allows when type matches" time="0" classname="Composition policy enforces simple containment rules"/>
  <testcase name="Composition policy enforces simple containment rules disallows when type doesn't match" time="0" classname="Composition policy enforces simple containment rules"/>
  <testcase name="Composition policy enforces capability-based containment rules allows when object has capability" time="0" classname="Composition policy enforces capability-based containment rules"/>
  <testcase name="Composition policy enforces capability-based containment rules skips when object doesn't have capability" time="0" classname="Composition policy enforces capability-based containment rules"/>
  <testcase name="Persistable Composition policy Does not allow composition for objects that are not persistable" time="0" classname="Persistable Composition policy"/>
  <testcase name="Persistable Composition policy Always allows composition of objects in edit mode to support object creation" time="0" classname="Persistable Composition policy"/>
  <testcase name="Action aggregator consolidates results from aggregated services" time="0" classname="Action aggregator"/>
  <testcase name="Action aggregator passes context along to all aggregated services" time="0" classname="Action aggregator"/>
  <testcase name="The action capability retrieves action for domain objects from the action service" time="0" classname="The action capability"/>
  <testcase name="The action capability promises the result of performed actions" time="0" classname="The action capability"/>
  <testcase name="The action provider exposes provided action extensions" time="0.001" classname="The action provider"/>
  <testcase name="The action provider matches provided actions by key" time="0" classname="The action provider"/>
  <testcase name="The action provider matches provided actions by category" time="0" classname="The action provider"/>
  <testcase name="The action provider matches provided actions by both category and key" time="0.002" classname="The action provider"/>
  <testcase name="The action provider adds a getMetadata method when none is defined" time="0" classname="The action provider"/>
  <testcase name="The action provider does not override defined getMetadata methods" time="0" classname="The action provider"/>
  <testcase name="The action provider when actions throw errors during instantiation logs an error" time="0.001" classname="The action provider when actions throw errors during instantiation"/>
  <testcase name="The action provider when actions throw errors during instantiation reports the error's message" time="0.001" classname="The action provider when actions throw errors during instantiation"/>
  <testcase name="The action provider when actions throw errors during instantiation still provides valid actions" time="0" classname="The action provider when actions throw errors during instantiation"/>
  <testcase name="The logging action decorator logs when actions are performed" time="0" classname="The logging action decorator"/>
  <testcase name="The composition capability applies only to models with a composition field" time="0.002" classname="The composition capability"/>
  <testcase name="The composition capability requests ids found in model's composition from the object service" time="0" classname="The composition capability"/>
  <testcase name="The composition capability adds a context capability to returned domain objects" time="0" classname="The composition capability"/>
  <testcase name="The composition capability allows domain objects to be added" time="0" classname="The composition capability"/>
  <testcase name="The composition capability does not re-add IDs which are already present" time="0" classname="The composition capability"/>
  <testcase name="The composition capability can add objects at a specified index" time="0" classname="The composition capability"/>
  <testcase name="The context capability allows an object's parent to be retrieved" time="0" classname="The context capability"/>
  <testcase name="The context capability allows an object's full ancestry to be retrieved" time="0" classname="The context capability"/>
  <testcase name="The context capability allows the deepest ancestor of an object to be retrieved" time="0" classname="The context capability"/>
  <testcase name="The context capability treats ancestors with no context capability as deepest ancestors" time="0.001" classname="The context capability"/>
  <testcase name="A contextual domain object adds a context capability to a domain object" time="0" classname="A contextual domain object"/>
  <testcase name="A contextual domain object does not shadow other domain object methods" time="0" classname="A contextual domain object"/>
  <testcase name="The core capability provider returns capabilities for models, from extensions" time="0" classname="The core capability provider"/>
  <testcase name="The core capability provider filters out capabilities which do not apply to models" time="0" classname="The core capability provider"/>
  <testcase name="The core capability provider logs a warning when capability extensions have not defined keys" time="0" classname="The core capability provider"/>
  <testcase name="The core capability provider does not log a warning when all capability extensions are valid" time="0" classname="The core capability provider"/>
  <testcase name="The core capability provider prefers higher-priority capability" time="0" classname="The core capability provider"/>
  <testcase name="The core capability provider does not log a warning for multiple capabilities with the same key" time="0.002" classname="The core capability provider"/>
  <testcase name="The delegation capability provides a list of children which expose a desired capability" time="0" classname="The delegation capability"/>
  <testcase name="The 'instantiation' capability aliases 'instantiate' as 'invoke'" time="0" classname="The 'instantiation' capability"/>
  <testcase name="The 'instantiation' capability uses instantiate and contextualize to create domain objects" time="0.001" classname="The 'instantiation' capability"/>
  <testcase name="The metadata capability reads properties from the domain object model" time="0.001" classname="The metadata capability"/>
  <testcase name="The metadata capability reports type-specific properties" time="0" classname="The metadata capability"/>
  <testcase name="The metadata capability reports generic properties" time="0" classname="The metadata capability"/>
  <testcase name="The mutation capability allows mutation of a model" time="0.001" classname="The mutation capability"/>
  <testcase name="The mutation capability allows setting a model" time="0" classname="The mutation capability"/>
  <testcase name="The mutation capability allows model mutation to be aborted" time="0.001" classname="The mutation capability"/>
  <testcase name="The mutation capability attaches a timestamp on mutation" time="0" classname="The mutation capability"/>
  <testcase name="The mutation capability allows a timestamp to be provided" time="0.001" classname="The mutation capability"/>
  <testcase name="The mutation capability notifies listeners of mutation" time="0" classname="The mutation capability"/>
  <testcase name="The mutation capability allows listeners to stop listening" time="0.001" classname="The mutation capability"/>
  <testcase name="The mutation capability shares listeners across instances" time="0" classname="The mutation capability"/>
  <testcase name="The persistence capability successful persistence creates unpersisted objects with the persistence service" time="0" classname="The persistence capability successful persistence"/>
  <testcase name="The persistence capability successful persistence reports which persistence space an object belongs to" time="0.001" classname="The persistence capability successful persistence"/>
  <testcase name="The persistence capability successful persistence refreshes the domain object model from persistence" time="0" classname="The persistence capability successful persistence"/>
  <testcase name="The persistence capability successful persistence does not trigger error notification on successful persistence" time="0.002" classname="The persistence capability successful persistence"/>
  <testcase name="The persistence capability unsuccessful persistence rejects on falsey persistence result" time="0" classname="The persistence capability unsuccessful persistence"/>
  <testcase name="The persistence capability unsuccessful persistence notifies user on persistence failure" time="0.001" classname="The persistence capability unsuccessful persistence"/>
  <testcase name="The relationship capability applies only to models with a 'relationships' field" time="0" classname="The relationship capability"/>
  <testcase name="The relationship capability requests ids found in model's composition from the object service" time="0.001" classname="The relationship capability"/>
  <testcase name="The relationship capability provides a list of relationship types" time="0" classname="The relationship capability"/>
  <testcase name="The relationship capability avoids redundant requests" time="0" classname="The relationship capability"/>
  <testcase name="The relationship capability makes new requests on modification" time="0" classname="The relationship capability"/>
  <testcase name="IdentifierProvider generates unique identifiers" time="0" classname="IdentifierProvider"/>
  <testcase name="IdentifierProvider allows spaces to be specified for generated identifiers" time="0.001" classname="IdentifierProvider"/>
  <testcase name="IdentifierProvider parses identifiers using the default space" time="0" classname="IdentifierProvider"/>
  <testcase name="A parsed domain object identifier when space is encoded provides the encoded space" time="0" classname="A parsed domain object identifier when space is encoded"/>
  <testcase name="A parsed domain object identifier when space is encoded provides the key within that space" time="0" classname="A parsed domain object identifier when space is encoded"/>
  <testcase name="A parsed domain object identifier when space is encoded provides the defined space" time="0.001" classname="A parsed domain object identifier when space is encoded"/>
  <testcase name="A parsed domain object identifier when space is not encoded provides the default space" time="0.001" classname="A parsed domain object identifier when space is not encoded"/>
  <testcase name="A parsed domain object identifier when space is not encoded provides the id as the key" time="0" classname="A parsed domain object identifier when space is not encoded"/>
  <testcase name="A parsed domain object identifier when space is not encoded provides no defined space" time="0" classname="A parsed domain object identifier when space is not encoded"/>
  <testcase name="The caching model decorator loads models from its wrapped model service" time="0" classname="The caching model decorator">
    <skipped/>
  </testcase>
  <testcase name="The caching model decorator does not try to reload cached models" time="0" classname="The caching model decorator">
    <skipped/>
  </testcase>
  <testcase name="The caching model decorator does not call its wrapped model service if not needed" time="0" classname="The caching model decorator">
    <skipped/>
  </testcase>
  <testcase name="The caching model decorator ensures a single object instance, even for multiple concurrent calls" time="0" classname="The caching model decorator">
    <skipped/>
  </testcase>
  <testcase name="The caching model decorator is robust against updating with undefined values" time="0" classname="The caching model decorator">
    <skipped/>
  </testcase>
  <testcase name="The missing model decorator delegates to the wrapped model service" time="0" classname="The missing model decorator"/>
  <testcase name="The missing model decorator provides models for any IDs which are missing" time="0" classname="The missing model decorator"/>
  <testcase name="The missing model decorator does not overwrite existing models" time="0" classname="The missing model decorator"/>
  <testcase name="The missing model decorator does not modify the wrapped service's response" time="0" classname="The missing model decorator"/>
  <testcase name="The model aggregator aggregates results promised by multiple providers" time="0.001" classname="The model aggregator"/>
  <testcase name="The model aggregator passes ids to all aggregated providers" time="0.001" classname="The model aggregator"/>
  <testcase name="ModelCacheService when populated with models indicates that it has these models" time="0.001" classname="ModelCacheService when populated with models"/>
  <testcase name="ModelCacheService when populated with models provides all of these models" time="0.001" classname="ModelCacheService when populated with models"/>
  <testcase name="ModelCacheService when populated with models allows models to be retrieved" time="0.001" classname="ModelCacheService when populated with models"/>
  <testcase name="ModelCacheService when populated with models allows models to be removed" time="0" classname="ModelCacheService when populated with models"/>
  <testcase name="The persisted model provider reads object models from persistence" time="0.001" classname="The persisted model provider"/>
  <testcase name="The persisted model provider ensures that persisted timestamps are present" time="0.001" classname="The persisted model provider"/>
  <testcase name="The static model provider provides models from extension declarations" time="0" classname="The static model provider"/>
  <testcase name="The static model provider does not provide models which are not in extension declarations" time="0.001" classname="The static model provider"/>
  <testcase name="The static model provider logs a warning when model definitions are malformed" time="0" classname="The static model provider"/>
  <testcase name="The domain object provider requests models from the model service" time="0.001" classname="The domain object provider"/>
  <testcase name="The domain object provider instantiates objects with provided models" time="0" classname="The domain object provider"/>
  <testcase name="A domain object reports its id" time="0" classname="A domain object"/>
  <testcase name="A domain object reports its model" time="0" classname="A domain object"/>
  <testcase name="A domain object reports static capabilities" time="0.001" classname="A domain object"/>
  <testcase name="A domain object instantiates dynamic capabilities" time="0" classname="A domain object"/>
  <testcase name="A domain object allows for checking for the presence of capabilities" time="0" classname="A domain object"/>
  <testcase name="A domain object allows for shorthand capability invocation" time="0" classname="A domain object"/>
  <testcase name="The 'instantiate' service loads capabilities from the capability service" time="0" classname="The 'instantiate' service"/>
  <testcase name="The 'instantiate' service exposes loaded capabilities from the created object" time="0" classname="The 'instantiate' service"/>
  <testcase name="The 'instantiate' service exposes the provided model" time="0" classname="The 'instantiate' service"/>
  <testcase name="The 'instantiate' service provides unique identifiers" time="0" classname="The 'instantiate' service"/>
  <testcase name="The 'instantiate' service caches the instantiated model" time="0.002" classname="The 'instantiate' service"/>
  <testcase name="The 'now' service reports system time" time="0" classname="The 'now' service"/>
  <testcase name="The 'throttle' service provides functions which run on a timeout" time="0.001" classname="The 'throttle' service"/>
  <testcase name="The 'throttle' service schedules only one timeout at a time" time="0" classname="The 'throttle' service"/>
  <testcase name="The 'throttle' service schedules additional invocations after resolution" time="0" classname="The 'throttle' service"/>
  <testcase name="The 'topic' service notifies listeners on a topic" time="0" classname="The 'topic' service"/>
  <testcase name="The 'topic' service does not notify listeners across topics" time="0" classname="The 'topic' service"/>
  <testcase name="The 'topic' service does not notify listeners after unlistening" time="0" classname="The 'topic' service"/>
  <testcase name="The 'topic' service provides anonymous private topics" time="0.002" classname="The 'topic' service"/>
  <testcase name="The 'topic' service is robust against errors thrown by listeners" time="0" classname="The 'topic' service"/>
  <testcase name="Model merger merges models" time="0.001" classname="Model merger"/>
  <testcase name="The type capability looks up an object's type from type service" time="0" classname="The type capability"/>
  <testcase name="Type definition wrapper exposes key from definition" time="0" classname="Type definition wrapper"/>
  <testcase name="Type definition wrapper exposes name from definition" time="0" classname="Type definition wrapper"/>
  <testcase name="Type definition wrapper exposes description from definition" time="0" classname="Type definition wrapper"/>
  <testcase name="Type definition wrapper exposes CSS class from definition" time="0.002" classname="Type definition wrapper"/>
  <testcase name="Type definition wrapper exposes its underlying type definition" time="0" classname="Type definition wrapper"/>
  <testcase name="Type definition wrapper supports instance-of checks by type key" time="0" classname="Type definition wrapper"/>
  <testcase name="Type definition wrapper supports instance-of checks by specific type key" time="0" classname="Type definition wrapper"/>
  <testcase name="Type definition wrapper supports instance-of checks by type object" time="0.001" classname="Type definition wrapper"/>
  <testcase name="Type definition wrapper correctly recognizes instance-of checks upon itself" time="0" classname="Type definition wrapper"/>
  <testcase name="Type definition wrapper recognizes that all types are instances of the undefined type" time="0" classname="Type definition wrapper"/>
  <testcase name="Type definition wrapper allows features to be exposed" time="0.001" classname="Type definition wrapper"/>
  <testcase name="Type definition wrapper provides an initial model, if defined" time="0" classname="Type definition wrapper"/>
  <testcase name="Type definition wrapper provides a fresh initial model each time" time="0" classname="Type definition wrapper"/>
  <testcase name="Type definition wrapper provides type properties" time="0.002" classname="Type definition wrapper"/>
  <testcase name="Type property conversion allows non-conversion when parameter is 'identity'" time="0" classname="Type property conversion"/>
  <testcase name="Type property conversion allows numeric conversion" time="0" classname="Type property conversion"/>
  <testcase name="Type property conversion supports array conversions" time="0" classname="Type property conversion"/>
  <testcase name="Type property conversion throws exceptions on unrecognized conversions" time="0" classname="Type property conversion"/>
  <testcase name="Type property allows retrieval of its definition" time="0" classname="Type property"/>
  <testcase name="Type property sets properties in object models" time="0" classname="Type property"/>
  <testcase name="Type property gets properties from object models" time="0" classname="Type property"/>
  <testcase name="Type property sets properties by path" time="0.002" classname="Type property"/>
  <testcase name="Type property gets properties by path" time="0" classname="Type property"/>
  <testcase name="Type property stops looking for properties when a path is invalid" time="0" classname="Type property"/>
  <testcase name="Type property gives undefined for empty paths" time="0" classname="Type property"/>
  <testcase name="Type property provides empty arrays for values that are array-like" time="0" classname="Type property"/>
  <testcase name="Type property detects and ignores empty arrays on setValue" time="0" classname="Type property"/>
  <testcase name="Type provider looks up non-inherited types by name" time="0" classname="Type provider"/>
  <testcase name="Type provider supports single inheritance" time="0" classname="Type provider"/>
  <testcase name="Type provider supports multiple inheritance" time="0" classname="Type provider"/>
  <testcase name="Type provider concatenates capabilities in order" time="0.002" classname="Type provider"/>
  <testcase name="Type provider allows lookup of the undefined type" time="0" classname="Type provider"/>
  <testcase name="Type provider concatenates capabilities of all undefined types" time="0" classname="Type provider"/>
  <testcase name="Type provider includes capabilities from undefined type in all types" time="0.001" classname="Type provider"/>
  <testcase name="Type provider allows types to be listed" time="0.001" classname="Type provider"/>
  <testcase name="A view capability issues invocations to the view service" time="0" classname="A view capability"/>
  <testcase name="The view provider reports views provided as extensions" time="0.001" classname="The view provider"/>
  <testcase name="The view provider filters views by needed capabilities" time="0" classname="The view provider"/>
  <testcase name="The view provider allows delegation of needed capabilities when specified" time="0.002" classname="The view provider"/>
  <testcase name="The view provider warns if keys are omitted from views" time="0" classname="The view provider"/>
  <testcase name="The view provider restricts typed views to matching types" time="0" classname="The view provider"/>
  <testcase name="The view provider enforces view restrictions from types" time="0.001" classname="The view provider"/>
  <testcase name="Move/copy/link Actions are only applicable to domain objects with a context" time="0.001" classname="Move/copy/link Actions"/>
  <testcase name="Move/copy/link Actions with context from context-action initializes happily" time="0" classname="Move/copy/link Actions with context from context-action"/>
  <testcase name="Move/copy/link Actions with context from context-action when performed it prompts for location" time="0.001" classname="Move/copy/link Actions with context from context-action when performed it"/>
  <testcase name="Move/copy/link Actions with context from context-action when performed it waits for location and handles cancellation by user" time="0" classname="Move/copy/link Actions with context from context-action when performed it"/>
  <testcase name="Move/copy/link Actions with context from context-action when performed it copies object to selected location" time="0.001" classname="Move/copy/link Actions with context from context-action when performed it"/>
  <testcase name="Move/copy/link Actions with context from context-action when performed it provides a validator which is sensitive to policy" time="0" classname="Move/copy/link Actions with context from context-action when performed it provides a validator which"/>
  <testcase name="Move/copy/link Actions with context from context-action when performed it provides a validator which is sensitive to service-specific validation" time="0" classname="Move/copy/link Actions with context from context-action when performed it provides a validator which"/>
  <testcase name="Move/copy/link Actions with context from drag-drop initializes happily" time="0" classname="Move/copy/link Actions with context from drag-drop"/>
  <testcase name="Move/copy/link Actions with context from drag-drop performs copy immediately" time="0" classname="Move/copy/link Actions with context from drag-drop"/>
  <testcase name="Link Action with context from context-action initializes happily" time="0" classname="Link Action with context from context-action"/>
  <testcase name="Link Action with context from context-action when performed it prompts for location" time="0.001" classname="Link Action with context from context-action when performed it"/>
  <testcase name="Link Action with context from context-action when performed it waits for location and handles cancellation by user" time="0.001" classname="Link Action with context from context-action when performed it"/>
  <testcase name="Link Action with context from context-action when performed it links object to selected location" time="0" classname="Link Action with context from context-action when performed it"/>
  <testcase name="Link Action with context from drag-drop initializes happily" time="0" classname="Link Action with context from drag-drop"/>
  <testcase name="Link Action with context from drag-drop performs link immediately" time="0" classname="Link Action with context from drag-drop"/>
  <testcase name="The 'set primary location' action is applicable to objects with no location specified" time="0" classname="The 'set primary location' action"/>
  <testcase name="The 'set primary location' action sets the location contextually when performed" time="0.001" classname="The 'set primary location' action"/>
  <testcase name="LocationCapability instantiated with domain object returns contextual location" time="0" classname="LocationCapability instantiated with domain object"/>
  <testcase name="LocationCapability instantiated with domain object knows when the object is an original" time="0.002" classname="LocationCapability instantiated with domain object"/>
  <testcase name="LocationCapability instantiated with domain object knows when the object is a link." time="0" classname="LocationCapability instantiated with domain object"/>
  <testcase name="LocationCapability instantiated with domain object can mutate location" time="0.001" classname="LocationCapability instantiated with domain object"/>
  <testcase name="LocationCapability instantiated with domain object when used to load an original instance provides originals directly" time="0.001" classname="LocationCapability instantiated with domain object when used to load an original instance"/>
  <testcase name="LocationCapability instantiated with domain object when used to load an original instance loads from the object service for links" time="0" classname="LocationCapability instantiated with domain object when used to load an original instance"/>
  <testcase name="CopyPolicy for copy actions when an object is non-creatable disallows the action" time="0" classname="CopyPolicy for copy actions when an object is non-creatable"/>
  <testcase name="CopyPolicy for copy actions when an object is creatable allows the action" time="0" classname="CopyPolicy for copy actions when an object is creatable"/>
  <testcase name="CopyPolicy for other actions simply allows the action" time="0" classname="CopyPolicy for other actions"/>
  <testcase name="CrossSpacePolicy for move actions allows same-space changes" time="0" classname="CrossSpacePolicy for move actions"/>
  <testcase name="CrossSpacePolicy for move actions disallows cross-space changes" time="0" classname="CrossSpacePolicy for move actions"/>
  <testcase name="CrossSpacePolicy for move actions allows actions with no selectedObject" time="0" classname="CrossSpacePolicy for move actions"/>
  <testcase name="CrossSpacePolicy for other actions allows same-space and cross-space changes" time="0.002" classname="CrossSpacePolicy for other actions"/>
  <testcase name="CrossSpacePolicy for other actions allows actions with no selectedObject" time="0" classname="CrossSpacePolicy for other actions"/>
  <testcase name="CopyService validate does not allow invalid parentCandidate" time="0" classname="CopyService validate">
    <skipped/>
  </testcase>
  <testcase name="CopyService validate does not allow copying into source object" time="0" classname="CopyService validate">
    <skipped/>
  </testcase>
  <testcase name="CopyService validate defers to policyService calls policy service with correct args" time="0" classname="CopyService validate defers to policyService">
    <skipped/>
  </testcase>
  <testcase name="CopyService validate defers to policyService and returns false" time="0" classname="CopyService validate defers to policyService">
    <skipped/>
  </testcase>
  <testcase name="CopyService validate defers to policyService and returns true" time="0" classname="CopyService validate defers to policyService">
    <skipped/>
  </testcase>
  <testcase name="CopyService perform on domain object without composition uses persistence capability" time="0" classname="CopyService perform on domain object without composition">
    <skipped/>
  </testcase>
  <testcase name="CopyService perform on domain object without composition deep clones object model" time="0" classname="CopyService perform on domain object without composition">
    <skipped/>
  </testcase>
  <testcase name="CopyService perform on domain object without composition returns a promise" time="0" classname="CopyService perform on domain object without composition">
    <skipped/>
  </testcase>
  <testcase name="CopyService perform on domainObject with composition the cloning process returns a promise" time="0" classname="CopyService perform on domainObject with composition the cloning process">
    <skipped/>
  </testcase>
  <testcase name="CopyService perform on domainObject with composition the cloning process returns a promise" time="0" classname="CopyService perform on domainObject with composition the cloning process">
    <skipped/>
  </testcase>
  <testcase name="CopyService perform on domainObject with composition the cloning process correctly locates cloned objects" time="0" classname="CopyService perform on domainObject with composition the cloning process">
    <skipped/>
  </testcase>
  <testcase name="CopyService perform on domainObject with composition when cloning non-creatable objects creates link instead of clone" time="0" classname="CopyService perform on domainObject with composition when cloning non-creatable objects">
    <skipped/>
  </testcase>
  <testcase name="CopyService perform on domainObject with composition when provided a filtering function does not create new instances of objects rejected by the filter" time="0" classname="CopyService perform on domainObject with composition when provided a filtering function">
    <skipped/>
  </testcase>
  <testcase name="CopyService perform on domainObject with composition when provided a filtering function does create new instances of objects accepted by the filter" time="0" classname="CopyService perform on domainObject with composition when provided a filtering function">
    <skipped/>
  </testcase>
  <testcase name="CopyService perform on invalid inputs throws an error" time="0" classname="CopyService perform on invalid inputs">
    <skipped/>
  </testcase>
  <testcase name="CopyTask produces models which contain rewritten identifiers in arrays" time="0.001" classname="CopyTask produces models which"/>
  <testcase name="CopyTask produces models which contain rewritten identifiers in properties" time="0.002" classname="CopyTask produces models which"/>
  <testcase name="CopyTask produces models which contain rewritten identifiers in property names" time="0.001" classname="CopyTask produces models which"/>
  <testcase name="CopyTask produces models which contain rewritten identifiers in single-element arrays" time="0.001" classname="CopyTask produces models which"/>
  <testcase name="CopyTask copies object trees with multiple references to the same object  and correctly updates child identifiers in models " time="0.002" classname="CopyTask copies object trees with multiple references to the same object"/>
  <testcase name="CopyTask copies object trees with multiple references to the same object  and correctly updates child identifiers in object arrays within models " time="0.001" classname="CopyTask copies object trees with multiple references to the same object"/>
  <testcase name="LinkService validate does not allow invalid parentCandidate" time="0" classname="LinkService validate">
    <skipped/>
  </testcase>
  <testcase name="LinkService validate does not allow parent to be object" time="0" classname="LinkService validate">
    <skipped/>
  </testcase>
  <testcase name="LinkService validate does not allow parent that contains object" time="0" classname="LinkService validate">
    <skipped/>
  </testcase>
  <testcase name="LinkService validate does not allow parents without composition" time="0" classname="LinkService validate">
    <skipped/>
  </testcase>
  <testcase name="LinkService validate defers to policyService calls policy service with correct args" time="0" classname="LinkService validate defers to policyService">
    <skipped/>
  </testcase>
  <testcase name="LinkService validate defers to policyService and returns false" time="0" classname="LinkService validate defers to policyService">
    <skipped/>
  </testcase>
  <testcase name="LinkService validate defers to policyService and returns true" time="0" classname="LinkService validate defers to policyService">
    <skipped/>
  </testcase>
  <testcase name="LinkService perform adds to the parent's composition" time="0" classname="LinkService perform">
    <skipped/>
  </testcase>
  <testcase name="LinkService perform returns object representing new link" time="0" classname="LinkService perform">
    <skipped/>
  </testcase>
  <testcase name="LinkService perform throws an error when performed on invalid inputs" time="0" classname="LinkService perform">
    <skipped/>
  </testcase>
  <testcase name="LocatingCreationDecorator delegates to its decorated service" time="0" classname="LocatingCreationDecorator"/>
  <testcase name="LocatingCreationDecorator adds a location property" time="0" classname="LocatingCreationDecorator"/>
  <testcase name="LocatingObjectDecorator contextualizes domain objects" time="0" classname="LocatingObjectDecorator"/>
  <testcase name="LocatingObjectDecorator warns on cycle detection" time="0.001" classname="LocatingObjectDecorator"/>
  <testcase name="LocationService getLocationFromUser calls through to dialogService" time="0.001" classname="LocationService getLocationFromUser"/>
  <testcase name="LocationService getLocationFromUser returns a promise" time="0" classname="LocationService getLocationFromUser"/>
  <testcase name="LocationService getLocationFromUser formStructure has a location section" time="0" classname="LocationService getLocationFromUser formStructure"/>
  <testcase name="LocationService getLocationFromUser formStructure has a input row" time="0" classname="LocationService getLocationFromUser formStructure"/>
  <testcase name="LocationService getLocationFromUser formState has an initial location" time="0.002" classname="LocationService getLocationFromUser formState"/>
  <testcase name="LocationService getLocationFromUser resolution of dialog service promise returns selectedLocation" time="0" classname="LocationService getLocationFromUser resolution of dialog service promise"/>
  <testcase name="The worker service instantiates workers at registered paths" time="0" classname="The worker service"/>
  <testcase name="The worker service prefers the first worker when multiple keys are found" time="0" classname="The worker service"/>
  <testcase name="The worker service allows workers to be shared" time="0" classname="The worker service"/>
  <testcase name="The worker service returns undefined for unknown workers" time="0" classname="The worker service"/>
  <testcase name="ExportService #exportCSV(rows) triggers saving of a file" time="0.002" classname="ExportService #exportCSV(rows)"/>
  <testcase name="ExportService #exportCSV(rows) includes headers from the data set" time="0.001" classname="ExportService #exportCSV(rows)"/>
  <testcase name="ExportService #exportCSV(rows) includes data from the data set" time="0.001" classname="ExportService #exportCSV(rows)"/>
  <testcase name="ExportService #exportCSV(rows, options.headers) triggers saving of a file" time="0.001" classname="ExportService #exportCSV(rows, options.headers)"/>
  <testcase name="ExportService #exportCSV(rows, options.headers) includes only the specified headers" time="0.001" classname="ExportService #exportCSV(rows, options.headers)"/>
  <testcase name="ExportService #exportCSV(rows, options.headers) includes a subset data from the data set" time="0.002" classname="ExportService #exportCSV(rows, options.headers)"/>
  <testcase name="ExportService #exportCSV(rows, options.filename) saves a file with the specified name" time="0.001" classname="ExportService #exportCSV(rows, options.filename)"/>
  <testcase name="A timer's Pause action updates the model with a timerState" time="0.001" classname="A timer's Pause action"/>
  <testcase name="A timer's Pause action updates the model with a pausedTime" time="0" classname="A timer's Pause action"/>
  <testcase name="A timer's Pause action applies only to timers in a playing state" time="0.001" classname="A timer's Pause action"/>
  <testcase name="A timer's restart action updates the model with a timestamp" time="0" classname="A timer's restart action"/>
  <testcase name="A timer's restart action updates the model with a pausedTime" time="0" classname="A timer's restart action"/>
  <testcase name="A timer's restart action updates the model with a timerState" time="0" classname="A timer's restart action"/>
  <testcase name="A timer's restart action applies only to timers in a non-stopped state" time="0" classname="A timer's restart action"/>
  <testcase name="A timer's start action updates the model with a timestamp" time="0" classname="A timer's start action"/>
  <testcase name="A timer's start action updates the model with a pausedTime" time="0" classname="A timer's start action"/>
  <testcase name="A timer's start action updates the model with a timerState" time="0" classname="A timer's start action"/>
  <testcase name="A timer's start action applies only to timers not in a playing state" time="0.001" classname="A timer's start action"/>
  <testcase name="A timer's stop action updates the model with a timestamp" time="0.001" classname="A timer's stop action"/>
  <testcase name="A timer's stop action updates the model with a pausedTime" time="0" classname="A timer's stop action"/>
  <testcase name="A timer's stop action updates the model with a timerState" time="0" classname="A timer's stop action"/>
  <testcase name="A timer's stop action applies only to timers in a non-stopped state" time="0.001" classname="A timer's stop action"/>
  <testcase name="The refreshing controller refreshes the represented object on every tick" time="0.001" classname="The refreshing controller"/>
  <testcase name="The refreshing controller subscribes to clock ticks" time="0" classname="The refreshing controller"/>
  <testcase name="The refreshing controller unsubscribes to ticks when destroyed" time="0" classname="The refreshing controller"/>
  <testcase name="A timer view's controller watches for the domain object in view" time="0.001" classname="A timer view's controller"/>
  <testcase name="A timer view's controller watches for domain object modifications" time="0" classname="A timer view's controller"/>
  <testcase name="A timer view's controller updates on a timer" time="0" classname="A timer view's controller"/>
  <testcase name="A timer view's controller displays nothing when there is no target" time="0.001" classname="A timer view's controller"/>
  <testcase name="A timer view's controller formats time to display relative to target" time="0.005" classname="A timer view's controller"/>
  <testcase name="A timer view's controller shows cssClass &amp; name for the applicable start/pause action" time="0" classname="A timer view's controller"/>
  <testcase name="A timer view's controller performs correct start/pause/stop action on click" time="0.001" classname="A timer view's controller"/>
  <testcase name="A timer view's controller stops requesting animation frames when destroyed" time="0" classname="A timer view's controller"/>
  <testcase name="The timer value formatter formats short-form values (no days)" time="0.001" classname="The timer value formatter"/>
  <testcase name="The timer value formatter formats negative short-form values (no days)" time="0.001" classname="The timer value formatter"/>
  <testcase name="The timer value formatter formats long-form values (with days)" time="0" classname="The timer value formatter"/>
  <testcase name="The timer value formatter formats negative long-form values (no days)" time="0" classname="The timer value formatter"/>
  <testcase name="The timer value formatter rounds seconds down for positive durations" time="0.001" classname="The timer value formatter"/>
  <testcase name="The timer value formatter rounds seconds up for negative durations" time="0" classname="The timer value formatter"/>
  <testcase name="The timer value formatter short-formats correctly around negative time borders" time="0.001" classname="The timer value formatter"/>
  <testcase name="The timer value formatter differentiates between values around zero" time="0" classname="The timer value formatter"/>
  <testcase name="The timer value formatter handles negative days" time="0.001" classname="The timer value formatter"/>
  <testcase name="The ticker service notifies listeners of clock ticks" time="0.001" classname="The ticker service"/>
  <testcase name="The ticker service allows listeners to unregister" time="0" classname="The ticker service"/>
  <testcase name="TimerService initially emits no change events" time="0" classname="TimerService"/>
  <testcase name="TimerService reports no current timer" time="0" classname="TimerService"/>
  <testcase name="TimerService setTimer emits a change event" time="0" classname="TimerService setTimer"/>
  <testcase name="TimerService setTimer reports the current timer" time="0" classname="TimerService setTimer"/>
  <testcase name="TimerService setTimer observes changes to an object" time="0.001" classname="TimerService setTimer"/>
  <testcase name="The FileInputService can read a file" time="0.002" classname="The FileInputService"/>
  <testcase name="The FileInputService catches file read errors" time="0.001" classname="The FileInputService"/>
  <testcase name="The mct-control directive is restricted to the element level" time="0" classname="The mct-control directive"/>
  <testcase name="The mct-control directive watches its passed key to choose a template" time="0" classname="The mct-control directive"/>
  <testcase name="The mct-control directive changes its template dynamically" time="0" classname="The mct-control directive"/>
  <testcase name="The mct-file-input directive is restricted to attributes" time="0" classname="The mct-file-input directive">
    <skipped/>
  </testcase>
  <testcase name="The mct-file-input directive changes button text to match file name" time="0" classname="The mct-file-input directive">
    <skipped/>
  </testcase>
  <testcase name="The mct-file-input directive validates control on file selection" time="0" classname="The mct-file-input directive">
    <skipped/>
  </testcase>
  <testcase name="The mct-form directive is restricted to elements" time="0" classname="The mct-form directive"/>
  <testcase name="The mct-form directive watches for changes in form by name" time="0" classname="The mct-form directive"/>
  <testcase name="The mct-form directive conveys form status to parent scope" time="0" classname="The mct-form directive"/>
  <testcase name="The mct-form directive allows strings to be converted to RegExps" time="0" classname="The mct-form directive"/>
  <testcase name="The mct-form directive returns the same regexp instance for the same string" time="0" classname="The mct-form directive"/>
  <testcase name="The mct-form directive passes RegExp objects through untouched" time="0" classname="The mct-form directive"/>
  <testcase name="The mct-form directive passes a non-whitespace regexp when no pattern is defined" time="0" classname="The mct-form directive"/>
  <testcase name="The autocomplete controller makes optionNames array equal to options if options is an array of string" time="0" classname="The autocomplete controller"/>
  <testcase name="The autocomplete controller filters options by returning array containing optionId and name" time="0.002" classname="The autocomplete controller"/>
  <testcase name="The autocomplete controller fills input with given string" time="0" classname="The autocomplete controller"/>
  <testcase name="The autocomplete controller sets a new optionIndex on mouse hover" time="0" classname="The autocomplete controller"/>
  <testcase name="The color picker's controller exposes groups of colors" time="0.001" classname="The color picker's controller"/>
  <testcase name="The color picker's controller exposes unique colors" time="0" classname="The color picker's controller"/>
  <testcase name="The composite controller detects non-empty arrays" time="0" classname="The composite controller"/>
  <testcase name="The composite controller detects empty arrays" time="0.001" classname="The composite controller"/>
  <testcase name="The composite controller ignores non-arrays" time="0" classname="The composite controller"/>
  <testcase name="The date-time controller watches for changes in fields" time="0.001" classname="The date-time controller"/>
  <testcase name="The date-time controller converts date-time input into a timestamp" time="0.001" classname="The date-time controller"/>
  <testcase name="The date-time controller reports when form input is partially complete" time="0" classname="The date-time controller"/>
  <testcase name="The date-time controller reports 'undefined' for empty input" time="0.001" classname="The date-time controller"/>
  <testcase name="The date-time controller exposes date-time format for placeholder" time="0" classname="The date-time controller"/>
  <testcase name="The date-time controller initializes form fields with values from ng-model" time="0" classname="The date-time controller"/>
  <testcase name="A dialog button controller provides a structure for a button control" time="0" classname="A dialog button controller"/>
  <testcase name="A dialog button controller shows a dialog when clicked" time="0.001" classname="A dialog button controller"/>
  <testcase name="A dialog button controller stores user input to the model" time="0.001" classname="A dialog button controller"/>
  <testcase name="A dialog button controller supplies initial model state to the dialog" time="0" classname="A dialog button controller"/>
  <testcase name="The form controller watches for changes in form by name" time="0" classname="The form controller"/>
  <testcase name="The form controller conveys form status to parent scope" time="0" classname="The form controller"/>
  <testcase name="The form controller allows strings to be converted to RegExps" time="0" classname="The form controller"/>
  <testcase name="The form controller returns the same regexp instance for the same string" time="0" classname="The form controller"/>
  <testcase name="The form controller passes RegExp objects through untouched" time="0" classname="The form controller"/>
  <testcase name="The form controller passes a non-whitespace regexp when no pattern is defined" time="0.001" classname="The form controller"/>
  <testcase name="The framework initializer calls injected stages in order" time="0.001" classname="The framework initializer"/>
  <testcase name="The logging level handler defaults to 'warn' level" time="0" classname="The logging level handler"/>
  <testcase name="The logging level handler supports log level 'error'" time="0.001" classname="The logging level handler"/>
  <testcase name="The logging level handler supports log level 'warn'" time="0.001" classname="The logging level handler"/>
  <testcase name="The logging level handler supports log level 'info'" time="0" classname="The logging level handler"/>
  <testcase name="The logging level handler supports log level 'log'" time="0" classname="The logging level handler"/>
  <testcase name="The logging level handler supports log level 'debug'" time="0" classname="The logging level handler"/>
  <testcase name="The application bootstrapper waits for the provided document element to be ready" time="0.001" classname="The application bootstrapper"/>
  <testcase name="The application bootstrapper issues a bootstrap call once ready" time="0.001" classname="The application bootstrapper"/>
  <testcase name="The application bootstrapper logs that the bootstrap phase has been reached" time="0.001" classname="The application bootstrapper"/>
  <testcase name="The bundle loader accepts a JSON file name and loads all bundles" time="0" classname="The bundle loader"/>
  <testcase name="The bundle loader accepts a list of bundle paths" time="0" classname="The bundle loader"/>
  <testcase name="The bundle loader warns about, then ignores, missing bundle declarations" time="0" classname="The bundle loader"/>
  <testcase name="The bundle loader warns about, then ignores, malformed bundle declarations" time="0" classname="The bundle loader"/>
  <testcase name="A bundle reports its path" time="0" classname="A bundle"/>
  <testcase name="A bundle reports its source path" time="0" classname="A bundle"/>
  <testcase name="A bundle reports the default source path if none is configured" time="0.002" classname="A bundle"/>
  <testcase name="A bundle reports its resource path" time="0" classname="A bundle"/>
  <testcase name="A bundle reports the default resource path if none is configured" time="0" classname="A bundle"/>
  <testcase name="A bundle has a log-friendly name for the bundle which includes its key and path" time="0" classname="A bundle"/>
  <testcase name="A bundle reports all declared extension categories" time="0" classname="A bundle"/>
  <testcase name="A bundle reports all extensions that have been declared" time="0" classname="A bundle"/>
  <testcase name="A bundle reports an empty list for extensions that have not been declared" time="0" classname="A bundle"/>
  <testcase name="An extension reports its key" time="0" classname="An extension"/>
  <testcase name="An extension reports some key, even if non is defined" time="0" classname="An extension"/>
  <testcase name="An extension allows retrieval of its declaring bundle" time="0.001" classname="An extension"/>
  <testcase name="An extension reports its category" time="0" classname="An extension"/>
  <testcase name="An extension provides a check to see if an implementation is associated with the extension" time="0.001" classname="An extension"/>
  <testcase name="An extension provides a full path to an implementation, if present" time="0" classname="An extension"/>
  <testcase name="An extension does not define an implementation path if there is no implementation" time="0" classname="An extension"/>
  <testcase name="An extension provides a log-friendly name which contains the extension key" time="0.001" classname="An extension"/>
  <testcase name="An extension allows its definition to be retrieved" time="0" classname="An extension"/>
  <testcase name="An extension includes the bundle in its definition" time="0" classname="An extension"/>
  <testcase name="Custom registrars has custom registrars for Angular built-ins" time="0" classname="Custom registrars"/>
  <testcase name="Custom registrars invokes built-in functions on the app" time="0.002" classname="Custom registrars"/>
  <testcase name="Custom registrars warns when keys are not defined, then skips" time="0" classname="Custom registrars"/>
  <testcase name="Custom registrars does not re-register duplicate keys" time="0" classname="Custom registrars"/>
  <testcase name="Custom registrars allows routes to be registered" time="0" classname="Custom registrars"/>
  <testcase name="Custom registrars accepts components for service compositing" time="0" classname="Custom registrars"/>
  <testcase name="Custom registrars warns if no implementation is provided for runs" time="0" classname="Custom registrars"/>
  <testcase name="The extension registrar registers extensions using the factory" time="0" classname="The extension registrar"/>
  <testcase name="The extension registrar registers extensions with square brackets, as arrays" time="0.001" classname="The extension registrar"/>
  <testcase name="The extension registrar warns if multiple registrations are made for the same category of extension" time="0" classname="The extension registrar"/>
  <testcase name="The extension registrar registers empty extension categories when they are needed" time="0.002" classname="The extension registrar"/>
  <testcase name="The extension registrar invokes custom registrars (not app.factory) when available" time="0" classname="The extension registrar"/>
  <testcase name="The extension registrar sorts extensions before registering" time="0.001" classname="The extension registrar"/>
  <testcase name="The extension sorter sorts extensions in priority order" time="0" classname="The extension sorter"/>
  <testcase name="The extension sorter warns about unrecognized priorities" time="0" classname="The extension sorter"/>
  <testcase name="A partial constructor splits a constructor call into two stages" time="0" classname="A partial constructor"/>
  <testcase name="A partial constructor handles this-style constructors" time="0" classname="A partial constructor"/>
  <testcase name="A partial constructor retains static properties after partialization" time="0" classname="A partial constructor"/>
  <testcase name="The service compositor allows composite services to be registered" time="0" classname="The service compositor"/>
  <testcase name="The service compositor allows composite services to be registered" time="0" classname="The service compositor"/>
  <testcase name="The service compositor allows registered composite services to be instantiated" time="0.001" classname="The service compositor"/>
  <testcase name="The service compositor warns and skips components with no service type" time="0" classname="The service compositor"/>
  <testcase name="The service compositor warns about and skips aggregators with zero providers" time="0.001" classname="The service compositor"/>
  <testcase name="The service compositor warns about and skips decorators with nothing to decorate" time="0" classname="The service compositor"/>
  <testcase name="The bundle resolver invokes the extension resolver for all bundle extensions" time="0.001" classname="The bundle resolver"/>
  <testcase name=" requests implementations from the implementation loader" time="0.002" classname=""/>
  <testcase name=" issues a warning and defaults to plain definition if load fails" time="0" classname=""/>
  <testcase name=" ensures implementation properties are exposed" time="0" classname=""/>
  <testcase name="The implementation loader passes script names to require" time="0" classname="The implementation loader"/>
  <testcase name="The implementation loader wraps require results in a Promise that can resolve" time="0" classname="The implementation loader"/>
  <testcase name="The implementation loader wraps require results in a Promise that can reject" time="0" classname="The implementation loader"/>
  <testcase name="The identity aggregator delegates to the aggregated providers" time="0" classname="The identity aggregator"/>
  <testcase name="The identity aggregator returns the first result when it is defined" time="0" classname="The identity aggregator"/>
  <testcase name="The identity aggregator returns a later result when earlier results are undefined" time="0.001" classname="The identity aggregator"/>
  <testcase name="The identity aggregator returns undefined when no providers expose users" time="0" classname="The identity aggregator"/>
  <testcase name="The identity aggregator returns undefined when there are no providers" time="0" classname="The identity aggregator"/>
  <testcase name="IdentityCreationDecorator delegates to its decorated service when identity is available" time="0" classname="IdentityCreationDecorator"/>
  <testcase name="IdentityCreationDecorator adds a creator property" time="0" classname="IdentityCreationDecorator"/>
  <testcase name="The identity indicator shows information about the current user" time="0" classname="The identity indicator"/>
  <testcase name="The identity indicator shows nothing while no user information is available" time="0" classname="The identity indicator"/>
  <testcase name="The identity indicator shows nothing when there is no identity information" time="0" classname="The identity indicator"/>
  <testcase name="IdentityProvider provides an undefined user" time="0" classname="IdentityProvider"/>
  <testcase name="The export JSON action initializes happily" time="0.01" classname="The export JSON action"/>
  <testcase name="The export JSON action doesn't export non-creatable objects in tree" time="0" classname="The export JSON action">
    <skipped/>
  </testcase>
  <testcase name="The export JSON action can export self-containing objects" time="0" classname="The export JSON action">
    <skipped/>
  </testcase>
  <testcase name="The export JSON action exports links to external objects as new objects" time="0" classname="The export JSON action">
    <skipped/>
  </testcase>
  <testcase name="The export JSON action exports object tree in the correct format" time="0.105" classname="The export JSON action"/>
  <testcase name="The import JSON action initializes happily" time="0" classname="The import JSON action"/>
  <testcase name="The import JSON action only applies to objects with composition capability" time="0.002" classname="The import JSON action"/>
  <testcase name="The import JSON action displays error dialog on invalid file choice" time="0.101" classname="The import JSON action"/>
  <testcase name="The import JSON action can import self-containing objects" time="0" classname="The import JSON action">
    <skipped/>
  </testcase>
  <testcase name="The import JSON action assigns new ids to each imported object" time="0" classname="The import JSON action">
    <skipped/>
  </testcase>
  <testcase name="PersistenceAggregator exposes spaces for all providers" time="0" classname="PersistenceAggregator"/>
  <testcase name="PersistenceAggregator redirects listObjects calls to an appropriate provider" time="0.001" classname="PersistenceAggregator"/>
  <testcase name="PersistenceAggregator redirects createObject calls to an appropriate provider" time="0" classname="PersistenceAggregator"/>
  <testcase name="PersistenceAggregator redirects readObject calls to an appropriate provider" time="0.001" classname="PersistenceAggregator"/>
  <testcase name="PersistenceAggregator redirects updateObject calls to an appropriate provider" time="0" classname="PersistenceAggregator"/>
  <testcase name="PersistenceAggregator redirects deleteObject calls to an appropriate provider" time="0.002" classname="PersistenceAggregator"/>
  <testcase name="The ElasticSearch status indicator polls for changes" time="0" classname="The ElasticSearch status indicator">
    <skipped/>
  </testcase>
  <testcase name="The ElasticSearch status indicator has a database icon" time="0" classname="The ElasticSearch status indicator">
    <skipped/>
  </testcase>
  <testcase name="The ElasticSearch status indicator consults the database at the configured path" time="0" classname="The ElasticSearch status indicator">
    <skipped/>
  </testcase>
  <testcase name="The ElasticSearch status indicator changes when the database connection is nominal" time="0" classname="The ElasticSearch status indicator">
    <skipped/>
  </testcase>
  <testcase name="The ElasticSearch status indicator changes when the server cannot be reached" time="0" classname="The ElasticSearch status indicator">
    <skipped/>
  </testcase>
  <testcase name="The ElasticSearch persistence provider reports available spaces" time="0.001" classname="The ElasticSearch persistence provider"/>
  <testcase name="The ElasticSearch persistence provider lists all available documents" time="0" classname="The ElasticSearch persistence provider"/>
  <testcase name="The ElasticSearch persistence provider allows object creation" time="0.002" classname="The ElasticSearch persistence provider"/>
  <testcase name="The ElasticSearch persistence provider allows object models to be read back" time="0" classname="The ElasticSearch persistence provider"/>
  <testcase name="The ElasticSearch persistence provider allows object update" time="0" classname="The ElasticSearch persistence provider"/>
  <testcase name="The ElasticSearch persistence provider allows object deletion" time="0" classname="The ElasticSearch persistence provider"/>
  <testcase name="The ElasticSearch persistence provider returns undefined when objects are not found" time="0" classname="The ElasticSearch persistence provider"/>
  <testcase name="The ElasticSearch persistence provider handles rejection due to _seq_no" time="0.001" classname="The ElasticSearch persistence provider"/>
  <testcase name="The ElasticSearch persistence provider handles rejection due to unknown reasons" time="0" classname="The ElasticSearch persistence provider"/>
  <testcase name="ElasticSearchProvider query cleans terms and adds fuzzyness" time="0" classname="ElasticSearchProvider query"/>
  <testcase name="ElasticSearchProvider query calls through to $http" time="0" classname="ElasticSearchProvider query"/>
  <testcase name="ElasticSearchProvider query gracefully fails when http fails" time="0.001" classname="ElasticSearchProvider query"/>
  <testcase name="ElasticSearchProvider query parses and returns when http succeeds" time="0" classname="ElasticSearchProvider query"/>
  <testcase name="ElasticSearchProvider can clean terms" time="0" classname="ElasticSearchProvider"/>
  <testcase name="ElasticSearchProvider can create fuzzy term matchers" time="0" classname="ElasticSearchProvider"/>
  <testcase name="ElasticSearchProvider can parse responses" time="0" classname="ElasticSearchProvider"/>
  <testcase name="The local storage status indicator provides text to display in status area" time="0" classname="The local storage status indicator">
    <skipped/>
  </testcase>
  <testcase name="The local storage status indicator has a database icon" time="0" classname="The local storage status indicator">
    <skipped/>
  </testcase>
  <testcase name="The local storage status indicator has a 'caution' class to draw attention" time="0" classname="The local storage status indicator">
    <skipped/>
  </testcase>
  <testcase name="The local storage status indicator provides a description for a tooltip" time="0" classname="The local storage status indicator">
    <skipped/>
  </testcase>
  <testcase name="The local storage persistence provider reports available spaces" time="0" classname="The local storage persistence provider"/>
  <testcase name="The local storage persistence provider lists all available documents" time="0" classname="The local storage persistence provider"/>
  <testcase name="The local storage persistence provider allows object creation" time="0" classname="The local storage persistence provider"/>
  <testcase name="The local storage persistence provider allows object models to be read back" time="0" classname="The local storage persistence provider"/>
  <testcase name="The local storage persistence provider allows object update" time="0" classname="The local storage persistence provider"/>
  <testcase name="The local storage persistence provider allows object deletion" time="0" classname="The local storage persistence provider"/>
  <testcase name="The local storage persistence provider returns undefined when objects are not found" time="0" classname="The local storage persistence provider"/>
  <testcase name="Persistence failure constants defines an overwrite key" time="0.001" classname="Persistence failure constants"/>
  <testcase name="The persistence failure controller converts timestamps to human-readable dates" time="0" classname="The persistence failure controller"/>
  <testcase name="The persistence failure controller provides default user names" time="0" classname="The persistence failure controller"/>
  <testcase name="The persistence failure dialog categorizes failures" time="0" classname="The persistence failure dialog"/>
  <testcase name="The persistence failure dialog provides an overwrite option" time="0" classname="The persistence failure dialog"/>
  <testcase name="The persistence failure handler discards on handle" time="0" classname="The persistence failure handler"/>
  <testcase name="The persistence queue handler invokes persistence on all members in the group" time="0.001" classname="The persistence queue handler"/>
  <testcase name="The persistence queue handler handles failures that occur" time="0" classname="The persistence queue handler"/>
  <testcase name="The persistence queue handler provides a requeue method for failures" time="0" classname="The persistence queue handler"/>
  <testcase name="The implemented persistence queue schedules a timeout to persist objects" time="0" classname="The implemented persistence queue"/>
  <testcase name="The implemented persistence queue does not schedule multiple timeouts for multiple objects" time="0" classname="The implemented persistence queue"/>
  <testcase name="The implemented persistence queue returns a promise" time="0.001" classname="The implemented persistence queue"/>
  <testcase name="The implemented persistence queue waits for quiescence to proceed" time="0" classname="The implemented persistence queue"/>
  <testcase name="The implemented persistence queue persists upon quiescence" time="0.001" classname="The implemented persistence queue"/>
  <testcase name="The implemented persistence queue waits on an active flush, while flushing" time="0" classname="The implemented persistence queue"/>
  <testcase name="The implemented persistence queue clears the active flush after it has completed" time="0.002" classname="The implemented persistence queue"/>
  <testcase name="The persistence queue provides a queue with a put method" time="0" classname="The persistence queue"/>
  <testcase name="A queuing persistence capability decorator delegates to its wrapped service" time="0" classname="A queuing persistence capability decorator"/>
  <testcase name="A queuing persistence capability decorator wraps its persistence capability's constructor" time="0" classname="A queuing persistence capability decorator"/>
  <testcase name="A queuing persistence capability puts a request for persistence into the queue on persist" time="0" classname="A queuing persistence capability"/>
  <testcase name="A queuing persistence capability exposes other methods from the wrapped persistence capability" time="0" classname="A queuing persistence capability"/>
  <testcase name="The policy action decorator delegates to its decorated action service" time="0.002" classname="The policy action decorator"/>
  <testcase name="The policy action decorator provides actions from its decorated action service" time="0" classname="The policy action decorator"/>
  <testcase name="The policy action decorator consults the policy service for each candidate action" time="0" classname="The policy action decorator"/>
  <testcase name="The policy action decorator filters out policy-disallowed actions" time="0" classname="The policy action decorator"/>
  <testcase name="The policy provider has an allow method" time="0" classname="The policy provider"/>
  <testcase name="The policy provider consults all relevant policies" time="0.001" classname="The policy provider"/>
  <testcase name="The policy provider allows what all policies allow" time="0" classname="The policy provider"/>
  <testcase name="The policy provider disallows what any one policy disallows" time="0.001" classname="The policy provider"/>
  <testcase name="The policy provider provides a message for policy failure, when available" time="0" classname="The policy provider"/>
  <testcase name="The policy view decorator delegates to its decorated view service" time="0.001" classname="The policy view decorator"/>
  <testcase name="The policy view decorator provides views from its decorated view service" time="0" classname="The policy view decorator"/>
  <testcase name="The policy view decorator consults the policy service for each candidate view" time="0" classname="The policy view decorator"/>
  <testcase name="The policy view decorator filters out policy-disallowed views" time="0" classname="The policy view decorator"/>
  <testcase name="The mct-include directive is restricted to elements" time="0.001" classname="The mct-include directive"/>
  <testcase name="The mct-include directive exposes templates via the templateLinker" time="0" classname="The mct-include directive"/>
  <testcase name="The mct-include directive reads a template location from a scope's key variable" time="0" classname="The mct-include directive"/>
  <testcase name="The mct-representation directive is restricted to elements" time="0.001" classname="The mct-representation directive"/>
  <testcase name="The mct-representation directive exposes templates via the templateLinker" time="0.001" classname="The mct-representation directive"/>
  <testcase name="The mct-representation directive watches scope when linked" time="0" classname="The mct-representation directive"/>
  <testcase name="The mct-representation directive recognizes keys for representations" time="0.001" classname="The mct-representation directive"/>
  <testcase name="The mct-representation directive recognizes keys for views" time="0" classname="The mct-representation directive"/>
  <testcase name="The mct-representation directive does not load templates until there is an object" time="0.001" classname="The mct-representation directive"/>
  <testcase name="The mct-representation directive loads declared capabilities" time="0" classname="The mct-representation directive"/>
  <testcase name="The mct-representation directive logs when no representation is available for a key" time="0.001" classname="The mct-representation directive"/>
  <testcase name="The mct-representation directive clears out obsolete properties from scope" time="0" classname="The mct-representation directive"/>
  <testcase name="The mct-representation directive when a domain object has been observed listens for mutation of that object" time="0.001" classname="The mct-representation directive when a domain object has been observed"/>
  <testcase name="The mct-representation directive when a domain object has been observed detects subsequent changes among linked instances" time="0" classname="The mct-representation directive when a domain object has been observed"/>
  <testcase name="The mct-representation directive when a domain object has been observed does not trigger excess template changes for same instances" time="0" classname="The mct-representation directive when a domain object has been observed"/>
  <testcase name="TemplateLinker resolves extension paths" time="0.001" classname="TemplateLinker"/>
  <testcase name="TemplateLinker when linking elements compiles a comment to use to replace element" time="0" classname="TemplateLinker when linking elements"/>
  <testcase name="TemplateLinker when linking elements initially replaces elements with comments" time="0" classname="TemplateLinker when linking elements"/>
  <testcase name="TemplateLinker when linking elements provides a function to change templates" time="0" classname="TemplateLinker when linking elements"/>
  <testcase name="TemplateLinker when linking elements and then changing templates loads templates using $templateRequest" time="0.001" classname="TemplateLinker when linking elements and then changing templates"/>
  <testcase name="TemplateLinker when linking elements and then changing templates compiles element contents with a new scope" time="0" classname="TemplateLinker when linking elements and then changing templates"/>
  <testcase name="TemplateLinker when linking elements and then changing templates replaces comments with specified element" time="0.001" classname="TemplateLinker when linking elements and then changing templates"/>
  <testcase name="TemplateLinker when linking elements and then changing templates inserts HTML content into the specified element" time="0" classname="TemplateLinker when linking elements and then changing templates"/>
  <testcase name="TemplateLinker when linking elements and then changing templates clears templates when called with undefined" time="0.003" classname="TemplateLinker when linking elements and then changing templates"/>
  <testcase name="TemplateLinker when linking elements and then changing templates logs no warnings for nominal changes" time="0" classname="TemplateLinker when linking elements and then changing templates"/>
  <testcase name="TemplateLinker when linking elements and then changing templates which cannot be found removes the element from the DOM" time="0.001" classname="TemplateLinker when linking elements and then changing templates which cannot be found"/>
  <testcase name="TemplateLinker when linking elements and then changing templates which cannot be found logs a warning" time="0" classname="TemplateLinker when linking elements and then changing templates which cannot be found"/>
  <testcase name="TemplateLinker when an initial template URL is provided does not remove the element initially" time="0" classname="TemplateLinker when an initial template URL is provided"/>
  <testcase name="TemplateLinker when an initial template URL is provided loads the specified template" time="0" classname="TemplateLinker when an initial template URL is provided"/>
  <testcase name="TemplatePrefetcher loads all templates when run" time="0.001" classname="TemplatePrefetcher"/>
  <testcase name="The drag gesture listens for dragstart on the element" time="0.001" classname="The drag gesture"/>
  <testcase name="The drag gesture marks an element as draggable" time="0" classname="The drag gesture"/>
  <testcase name="The drag gesture places data in a dataTransfer object" time="0.001" classname="The drag gesture"/>
  <testcase name="The drag gesture places domain object in the dnd service" time="0" classname="The drag gesture"/>
  <testcase name="The drag gesture clears domain object from the dnd service on drag end" time="0" classname="The drag gesture"/>
  <testcase name="The drag gesture logs a warning if dataTransfer cannot be set" time="0.002" classname="The drag gesture"/>
  <testcase name="The drag gesture removes draggable attribute and listener when destroyed" time="0" classname="The drag gesture"/>
  <testcase name="The drop gesture attaches dragover and drop listeners" time="0.001" classname="The drop gesture"/>
  <testcase name="The drop gesture removes all listeners when destroyed" time="0" classname="The drop gesture"/>
  <testcase name="The drop gesture accepts data transfer and prevents default behavior on dragover" time="0" classname="The drop gesture"/>
  <testcase name="The drop gesture invokes compose on drop in edit mode" time="0.001" classname="The drop gesture"/>
  <testcase name="The drop gesture invokes compose on drop in browse mode for folders" time="0" classname="The drop gesture"/>
  <testcase name="The drop gesture broadcasts drop position (in edit mode)" time="0" classname="The drop gesture"/>
  <testcase name="The drop gesture invokes preventDefault on drop" time="0" classname="The drop gesture"/>
  <testcase name="The gesture provider attaches matching to an element" time="0.001" classname="The gesture provider"/>
  <testcase name="The gesture provider detaches gestures on request" time="0" classname="The gesture provider"/>
  <testcase name="A gesture representer attaches declared gestures, and detaches on request" time="0.001" classname="A gesture representer"/>
  <testcase name="The drag-and-drop service allows setting of arbitrary objects" time="0" classname="The drag-and-drop service"/>
  <testcase name="The drag-and-drop service stores data under specified keys" time="0" classname="The drag-and-drop service"/>
  <testcase name="The drag-and-drop service removes data" time="0" classname="The drag-and-drop service"/>
  <testcase name="The search controller has a default number of results per page" time="0.002" classname="The search controller"/>
  <testcase name="The search controller sends queries to the search service" time="0" classname="The search controller"/>
  <testcase name="The search controller filter query function returns true when all types allowed" time="0" classname="The search controller filter query function"/>
  <testcase name="The search controller filter query function returns true only for matching checked types" time="0.001" classname="The search controller filter query function"/>
  <testcase name="The search controller populates the results with results from the search service" time="0" classname="The search controller"/>
  <testcase name="The search controller is loading until the service's promise fulfills" time="0" classname="The search controller"/>
  <testcase name="The search controller detects when there are more results" time="0" classname="The search controller"/>
  <testcase name="The search controller sets the ngModel.search flag" time="0" classname="The search controller"/>
  <testcase name="The search controller attaches a filter function to scope" time="0" classname="The search controller"/>
  <testcase name="The search menu controller gets types on initialization" time="0" classname="The search menu controller"/>
  <testcase name="The search menu controller refilters results when options are updated" time="0" classname="The search menu controller"/>
  <testcase name="The search menu controller updates the filters string when options are updated" time="0" classname="The search menu controller"/>
  <testcase name="The search menu controller changing checkAll status sets checkAll to true" time="0.001" classname="The search menu controller"/>
  <testcase name="The search menu controller checking checkAll option resets other options" time="0" classname="The search menu controller"/>
  <testcase name="The search menu controller checks checkAll when no options are checked" time="0" classname="The search menu controller"/>
  <testcase name="The search menu controller tells the user when options are checked" time="0" classname="The search menu controller"/>
  <testcase name="GenericSearchProvider listens for general mutation" time="0" classname="GenericSearchProvider">
    <skipped/>
  </testcase>
  <testcase name="GenericSearchProvider re-indexes when mutation occurs" time="0" classname="GenericSearchProvider">
    <skipped/>
  </testcase>
  <testcase name="GenericSearchProvider starts indexing roots" time="0" classname="GenericSearchProvider">
    <skipped/>
  </testcase>
  <testcase name="GenericSearchProvider runs a worker" time="0" classname="GenericSearchProvider">
    <skipped/>
  </testcase>
  <testcase name="GenericSearchProvider listens for messages from worker" time="0" classname="GenericSearchProvider">
    <skipped/>
  </testcase>
  <testcase name="GenericSearchProvider has a maximum number of concurrent requests" time="0" classname="GenericSearchProvider">
    <skipped/>
  </testcase>
  <testcase name="GenericSearchProvider scheduleForIndexing tracks ids to index" time="0" classname="GenericSearchProvider scheduleForIndexing">
    <skipped/>
  </testcase>
  <testcase name="GenericSearchProvider scheduleForIndexing calls keep indexing" time="0" classname="GenericSearchProvider scheduleForIndexing">
    <skipped/>
  </testcase>
  <testcase name="GenericSearchProvider keepIndexing calls beginIndexRequest until at maximum" time="0" classname="GenericSearchProvider keepIndexing">
    <skipped/>
  </testcase>
  <testcase name="GenericSearchProvider keepIndexing calls beginIndexRequest for all ids to index" time="0" classname="GenericSearchProvider keepIndexing">
    <skipped/>
  </testcase>
  <testcase name="GenericSearchProvider keepIndexing does not index when at capacity" time="0" classname="GenericSearchProvider keepIndexing">
    <skipped/>
  </testcase>
  <testcase name="GenericSearchProvider keepIndexing does not index when no ids to index" time="0" classname="GenericSearchProvider keepIndexing">
    <skipped/>
  </testcase>
  <testcase name="GenericSearchProvider index sends index message to worker" time="0" classname="GenericSearchProvider index">
    <skipped/>
  </testcase>
  <testcase name="GenericSearchProvider index schedules composed ids for indexing" time="0" classname="GenericSearchProvider index">
    <skipped/>
  </testcase>
  <testcase name="GenericSearchProvider index does not index ROOT, but checks composition" time="0" classname="GenericSearchProvider index">
    <skipped/>
  </testcase>
  <testcase name="GenericSearchProvider beginIndexRequest removes items from queue" time="0" classname="GenericSearchProvider beginIndexRequest">
    <skipped/>
  </testcase>
  <testcase name="GenericSearchProvider beginIndexRequest tracks number of pending requests" time="0" classname="GenericSearchProvider beginIndexRequest">
    <skipped/>
  </testcase>
  <testcase name="GenericSearchProvider beginIndexRequest indexes objects" time="0" classname="GenericSearchProvider beginIndexRequest">
    <skipped/>
  </testcase>
  <testcase name="GenericSearchProvider can dispatch searches to worker" time="0" classname="GenericSearchProvider">
    <skipped/>
  </testcase>
  <testcase name="GenericSearchProvider can generate queryIds" time="0" classname="GenericSearchProvider">
    <skipped/>
  </testcase>
  <testcase name="GenericSearchProvider can query for terms" time="0" classname="GenericSearchProvider">
    <skipped/>
  </testcase>
  <testcase name="GenericSearchProvider onWorkerMessage resolves pending searches" time="0" classname="GenericSearchProvider onWorkerMessage">
    <skipped/>
  </testcase>
  <testcase name="GenericSearchWorker returns search results for partial term matches" time="0.007" classname="GenericSearchWorker"/>
  <testcase name="GenericSearchWorker scores exact term matches higher" time="0.007" classname="GenericSearchWorker"/>
  <testcase name="GenericSearchWorker can find partial term matches" time="0.006" classname="GenericSearchWorker"/>
  <testcase name="GenericSearchWorker matches individual terms" time="0.008" classname="GenericSearchWorker"/>
  <testcase name="GenericSearchWorker scores exact matches highest" time="0.007" classname="GenericSearchWorker"/>
  <testcase name="GenericSearchWorker scores multiple term match above single match" time="0.001" classname="GenericSearchWorker"/>
  <testcase name="SearchAggregator has a fudge factor" time="0" classname="SearchAggregator">
    <skipped/>
  </testcase>
  <testcase name="SearchAggregator has default max results" time="0" classname="SearchAggregator">
    <skipped/>
  </testcase>
  <testcase name="SearchAggregator can order model results by score" time="0" classname="SearchAggregator">
    <skipped/>
  </testcase>
  <testcase name="SearchAggregator filters results without a function" time="0" classname="SearchAggregator">
    <skipped/>
  </testcase>
  <testcase name="SearchAggregator filters results with a function" time="0" classname="SearchAggregator">
    <skipped/>
  </testcase>
  <testcase name="SearchAggregator can remove duplicates" time="0" classname="SearchAggregator">
    <skipped/>
  </testcase>
  <testcase name="SearchAggregator can convert model results to object results" time="0" classname="SearchAggregator">
    <skipped/>
  </testcase>
  <testcase name="SearchAggregator can send queries to providers" time="0" classname="SearchAggregator">
    <skipped/>
  </testcase>
  <testcase name="SearchAggregator supplies max results when none is provided" time="0" classname="SearchAggregator">
    <skipped/>
  </testcase>
  <testcase name="SearchAggregator can combine responses from multiple providers" time="0" classname="SearchAggregator">
    <skipped/>
  </testcase>
  <testcase name="The status capability sets status with the statusService" time="0" classname="The status capability"/>
  <testcase name="The status capability gets status from the statusService" time="0" classname="The status capability"/>
  <testcase name="The status capability listens to changes from the statusService" time="0.001" classname="The status capability"/>
  <testcase name="The status capability allows statuses to be checked individually" time="0" classname="The status capability"/>
  <testcase name="The status representer listens for status changes" time="0.002" classname="The status representer"/>
  <testcase name="The status representer initially sets classes to reflect status" time="0" classname="The status representer"/>
  <testcase name="The status representer changes classes on status change callbacks" time="0.001" classname="The status representer"/>
  <testcase name="The status representer stops listening when destroyed" time="0" classname="The status representer"/>
  <testcase name="The status representer removes status classes when destroyed" time="0.001" classname="The status representer"/>
  <testcase name="The status service initially contains no flags for an object" time="0" classname="The status service"/>
  <testcase name="The status service stores and clears status flags" time="0.001" classname="The status service"/>
  <testcase name="The status service uses topic to listen for changes" time="0" classname="The status service"/>
  <testcase name="The status service notifies listeners of changes" time="0.001" classname="The status service"/>
  <testcase name="The telemetry aggregator passes requests to aggregated providers" time="0.001" classname="The telemetry aggregator"/>
  <testcase name="The telemetry aggregator merges results from all providers" time="0" classname="The telemetry aggregator"/>
  <testcase name="The telemetry aggregator broadcasts subscriptions from all providers" time="0.001" classname="The telemetry aggregator"/>
  <testcase name="The telemetry capability applies only to objects with telemetry sources" time="0.001" classname="The telemetry capability"/>
  <testcase name="The telemetry capability gets a telemetry service from the injector" time="0.001" classname="The telemetry capability"/>
  <testcase name="The telemetry capability applies request arguments" time="0.001" classname="The telemetry capability"/>
  <testcase name="The telemetry capability provides an empty series when telemetry is missing" time="0" classname="The telemetry capability"/>
  <testcase name="The telemetry capability provides telemetry metadata" time="0.001" classname="The telemetry capability"/>
  <testcase name="The telemetry capability uses domain object as a key if needed" time="0.001" classname="The telemetry capability"/>
  <testcase name="The telemetry capability warns if no telemetry service can be injected" time="0.001" classname="The telemetry capability"/>
  <testcase name="The telemetry capability if a new style telemetry source is available, use it" time="0" classname="The telemetry capability"/>
  <testcase name="The telemetry capability if a new style telemetry source is not available, revert to old API" time="0.001" classname="The telemetry capability"/>
  <testcase name="The telemetry capability Wraps telemetry returned from the new API as a telemetry series" time="0.002" classname="The telemetry capability"/>
  <testcase name="The telemetry capability allows subscriptions to updates" time="0" classname="The telemetry capability"/>
  <testcase name="The telemetry capability applies time conductor bounds if request bounds not defined" time="0.001" classname="The telemetry capability"/>
  <testcase name="The telemetry capability applies domain from time system if none defined" time="0" classname="The telemetry capability"/>
  <testcase name="The telemetry controller watches the domain object in scope" time="0" classname="The telemetry controller"/>
  <testcase name="The telemetry controller starts a refresh interval" time="0.002" classname="The telemetry controller"/>
  <testcase name="The telemetry controller changes refresh interval on request" time="0" classname="The telemetry controller"/>
  <testcase name="The telemetry controller requests data from domain objects" time="0" classname="The telemetry controller"/>
  <testcase name="The telemetry controller logs a warning if no telemetry capability exists" time="0.001" classname="The telemetry controller"/>
  <testcase name="The telemetry controller provides telemetry metadata" time="0" classname="The telemetry controller"/>
  <testcase name="The telemetry controller provides telemetry-possessing domain objects" time="0" classname="The telemetry controller"/>
  <testcase name="The telemetry controller provides telemetry data" time="0" classname="The telemetry controller"/>
  <testcase name="The telemetry controller provides telemetry data per-id" time="0" classname="The telemetry controller"/>
  <testcase name="The telemetry controller provides a check for pending requests" time="0" classname="The telemetry controller"/>
  <testcase name="The telemetry controller allows a request to be specified" time="0" classname="The telemetry controller"/>
  <testcase name="The telemetry controller allows an object to be removed from scope" time="0.001" classname="The telemetry controller"/>
  <testcase name="The telemetry controller broadcasts when telemetry is available" time="0.001" classname="The telemetry controller"/>
  <testcase name="The telemetry controller subscribes for streaming telemetry updates" time="0" classname="The telemetry controller"/>
  <testcase name="The telemetry controller listens for scope destruction to clean up" time="0.001" classname="The telemetry controller"/>
  <testcase name="The telemetry controller unsubscribes when destroyed" time="0" classname="The telemetry controller"/>
  <testcase name="The telemetry formatter formats domains using the formatService" time="0.001" classname="The telemetry formatter"/>
  <testcase name="The telemetry formatter passes format keys to the formatService" time="0" classname="The telemetry formatter"/>
  <testcase name="The telemetry formatter formats ranges as values" time="0" classname="The telemetry formatter"/>
  <testcase name="A telemetry handle exposes subscription API" time="0.002" classname="A telemetry handle"/>
  <testcase name="A telemetry handle provides an interface for historical requests" time="0.001" classname="A telemetry handle"/>
  <testcase name="A telemetry handle provides the latest series for domain objects" time="0" classname="A telemetry handle"/>
  <testcase name="A telemetry handle provides access to the datum objects by index" time="0" classname="A telemetry handle"/>
  <testcase name="The telemetry handler acts as a factory for subscription objects" time="0" classname="The telemetry handler"/>
  <testcase name="The telemetry queue stores elements by key" time="0" classname="The telemetry queue"/>
  <testcase name="The telemetry queue merges non-overlapping keys" time="0" classname="The telemetry queue"/>
  <testcase name="The telemetry queue adds new objects for repeated keys" time="0" classname="The telemetry queue"/>
  <testcase name="The telemetry queue reports emptiness" time="0.001" classname="The telemetry queue"/>
  <testcase name="The telemetry subscriber acts as a factory for subscription objects" time="0.001" classname="The telemetry subscriber"/>
  <testcase name="A telemetry subscription subscribes to the provided object" time="0" classname="A telemetry subscription"/>
  <testcase name="A telemetry subscription unsubscribes on request" time="0.001" classname="A telemetry subscription"/>
  <testcase name="A telemetry subscription fires callbacks when subscriptions update" time="0" classname="A telemetry subscription"/>
  <testcase name="A telemetry subscription fires subscription callbacks once per cycle" time="0.001" classname="A telemetry subscription"/>
  <testcase name="A telemetry subscription reports its latest observed data values" time="0" classname="A telemetry subscription"/>
  <testcase name="A telemetry subscription provides no objects if no domain object is provided" time="0" classname="A telemetry subscription"/>
  <testcase name="A telemetry subscription fires one event per update if requested" time="0.002" classname="A telemetry subscription"/>
  <testcase name="A telemetry subscription provides domain object metadata" time="0.001" classname="A telemetry subscription"/>
  <testcase name="A telemetry subscription fires callback when telemetry objects are available" time="0" classname="A telemetry subscription"/>
  <testcase name="A telemetry subscription exposes a promise for telemetry objects" time="0" classname="A telemetry subscription"/>
  <testcase name="A telemetry subscription reinitializes on mutation" time="0" classname="A telemetry subscription"/>
  <testcase name="A telemetry subscription stops listening for mutation on unsubscribe" time="0" classname="A telemetry subscription"/>
  <testcase name="A telemetry subscription provides telemetry as datum objects" time="0.001" classname="A telemetry subscription"/>
  <testcase name="The telemetry table stores elements by key" time="0" classname="The telemetry table"/>
  <testcase name="The telemetry table merges non-overlapping keys" time="0" classname="The telemetry table"/>
  <testcase name="The telemetry table overwrites repeated keys" time="0.001" classname="The telemetry table"/>
  <testcase name="The telemetry table reports emptiness" time="0" classname="The telemetry table"/>
  <testcase name="BundleRegistry initially lists no bundles" time="0" classname="BundleRegistry"/>
  <testcase name="BundleRegistry initially contains no bundles" time="0.001" classname="BundleRegistry"/>
  <testcase name="BundleRegistry initially provides no bundles" time="0" classname="BundleRegistry"/>
  <testcase name="BundleRegistry when a bundle has been registered lists registered bundles" time="0.001" classname="BundleRegistry when a bundle has been registered"/>
  <testcase name="BundleRegistry when a bundle has been registered contains registered bundles" time="0" classname="BundleRegistry when a bundle has been registered"/>
  <testcase name="BundleRegistry when a bundle has been registered provides registered bundles" time="0" classname="BundleRegistry when a bundle has been registered"/>
  <testcase name="BundleRegistry when a bundle has been registered and then removed appears empty again" time="0" classname="BundleRegistry when a bundle has been registered and then removed"/>
  <testcase name="BundleRegistry when a bundle has been registered and then removed does not contain the removed bundle" time="0" classname="BundleRegistry when a bundle has been registered and then removed"/>
  <testcase name="MCT exposes plugins" time="0.002" classname="MCT"/>
  <testcase name="MCT does not issue a start event before started" time="0.001" classname="MCT"/>
  <testcase name="MCT start calls plugins for configuration" time="0.058" classname="MCT start"/>
  <testcase name="MCT start emits a start event" time="0.021" classname="MCT start"/>
  <testcase name="MCT start Renders the application into the provided container element" time="0.02" classname="MCT start"/>
  <testcase name="MCT startHeadless calls plugins for configuration" time="0.011" classname="MCT startHeadless"/>
  <testcase name="MCT startHeadless emits a start event" time="0.013" classname="MCT startHeadless"/>
  <testcase name="MCT startHeadless Does not render Open MCT" time="0.011" classname="MCT startHeadless"/>
  <testcase name="MCT setAssetPath configures the path for assets" time="0.001" classname="MCT setAssetPath"/>
  <testcase name="MCT setAssetPath adds a trailing /" time="0.001" classname="MCT setAssetPath"/>
  <testcase name="The legacy indicators plugin Displays any legacy indicators " time="0" classname="The legacy indicators plugin">
    <skipped/>
  </testcase>
  <testcase name="The legacy indicators plugin If legacy indicator is defined as a constructor function, executes function " time="0" classname="The legacy indicators plugin">
    <skipped/>
  </testcase>
  <testcase name="The ActionCollection disable method invoked with action keys marks those actions as isDisabled" time="0.001" classname="The ActionCollection disable method invoked with action keys"/>
  <testcase name="The ActionCollection enable method invoked with action keys marks the isDisabled property as false" time="0.003" classname="The ActionCollection enable method invoked with action keys"/>
  <testcase name="The ActionCollection hide method invoked with action keys marks those actions as isHidden" time="0.001" classname="The ActionCollection hide method invoked with action keys"/>
  <testcase name="The ActionCollection show method invoked with action keys marks the isHidden property as false" time="0" classname="The ActionCollection show method invoked with action keys"/>
  <testcase name="The ActionCollection getVisibleActions method returns an array of non hidden actions" time="0.001" classname="The ActionCollection getVisibleActions method"/>
  <testcase name="The ActionCollection getStatusBarActions method returns an array of non disabled, non hidden statusBar actions" time="0.001" classname="The ActionCollection getStatusBarActions method"/>
  <testcase name="The Actions API register method adds action to ActionsAPI" time="0.001" classname="The Actions API register method"/>
  <testcase name="The Actions API get method returns an ActionCollection when invoked with an objectPath only" time="0.001" classname="The Actions API get method"/>
  <testcase name="The Actions API get method returns an ActionCollection when invoked with an objectPath and view" time="0.001" classname="The Actions API get method"/>
  <testcase name="The Actions API get method returns relevant actions when invoked with objectPath only" time="0" classname="The Actions API get method"/>
  <testcase name="The Actions API get method returns relevant actions when invoked with objectPath and view" time="0.001" classname="The Actions API get method"/>
  <testcase name="The Composition API returns falsy if an object does not support composition" time="0" classname="The Composition API"/>
  <testcase name="The Composition API default composition returns composition collection" time="0.002" classname="The Composition API default composition"/>
  <testcase name="The Composition API default composition loads composition from domain object" time="0" classname="The Composition API default composition"/>
  <testcase name="The Composition API default composition supports reordering of composition " time="0" classname="The Composition API default composition supports reordering of composition"/>
  <testcase name="The Composition API default composition supports reordering of composition " time="0.002" classname="The Composition API default composition supports reordering of composition"/>
  <testcase name="The Composition API default composition supports adding an object to composition" time="0" classname="The Composition API default composition"/>
  <testcase name="The Composition API static custom composition supports listening and loading" time="0" classname="The Composition API static custom composition"/>
  <testcase name="The Composition API static custom composition Calling add or remove calls add on the provider" time="0" classname="The Composition API static custom composition Calling add or remove"/>
  <testcase name="The Composition API static custom composition Calling add or remove calls remove on the provider" time="0" classname="The Composition API static custom composition Calling add or remove"/>
  <testcase name="The Composition API dynamic custom composition supports listening and loading" time="0.001" classname="The Composition API dynamic custom composition"/>
  <testcase name="The Indicator API The simple indicator applies the set icon class" time="0" classname="The Indicator API The simple indicator">
    <skipped/>
  </testcase>
  <testcase name="The Indicator API The simple indicator applies the set status class" time="0" classname="The Indicator API The simple indicator">
    <skipped/>
  </testcase>
  <testcase name="The Indicator API The simple indicator displays the set text" time="0" classname="The Indicator API The simple indicator">
    <skipped/>
  </testcase>
  <testcase name="The Indicator API The simple indicator sets the indicator's title" time="0" classname="The Indicator API The simple indicator">
    <skipped/>
  </testcase>
  <testcase name="The Indicator API The simple indicator Hides indicator icon if no text is set" time="0" classname="The Indicator API The simple indicator">
    <skipped/>
  </testcase>
  <testcase name="The Indicator API Supports registration of a completely custom indicator" time="0" classname="The Indicator API">
    <skipped/>
  </testcase>
  <testcase name="The Menu API showMenu method creates an instance of Menu when invoked" time="0.016" classname="The Menu API showMenu method"/>
  <testcase name="The Menu API showMenu method creates a menu component renders a menu component in the expected x and y coordinates" time="0.012" classname="The Menu API showMenu method creates a menu component"/>
  <testcase name="The Menu API showMenu method creates a menu component with all the actions passed in" time="0.012" classname="The Menu API showMenu method creates a menu component"/>
  <testcase name="The Menu API showMenu method creates a menu component with click-able menu items, that will invoke the correct callBacks" time="0.013" classname="The Menu API showMenu method creates a menu component"/>
  <testcase name="The Menu API showMenu method creates a menu component dismisses the menu when action is clicked on" time="0.011" classname="The Menu API showMenu method creates a menu component"/>
  <testcase name="The Menu API showMenu method creates a menu component invokes the destroy method when menu is dismissed" time="0.012" classname="The Menu API showMenu method creates a menu component"/>
  <testcase name="The Menu API showMenu method creates a menu component invokes the onDestroy callback if passed in" time="0.012" classname="The Menu API showMenu method creates a menu component"/>
  <testcase name="The Menu API superMenu method creates a superMenu" time="0.011" classname="The Menu API superMenu method"/>
  <testcase name="The Menu API superMenu method Mouse over a superMenu shows correct description" time="0.316" classname="The Menu API superMenu method"/>
  <testcase name="The Menu API Menu Placements default menu position BOTTOM_RIGHT" time="0.011" classname="The Menu API Menu Placements"/>
  <testcase name="The Menu API Menu Placements menu position BOTTOM_RIGHT" time="0.012" classname="The Menu API Menu Placements"/>
  <testcase name="The Notifiation API the info method shows a string message with info severity" time="0.001" classname="The Notifiation API the info method"/>
  <testcase name="The Notifiation API the info method auto dismisses the notification after a brief timeout" time="4.005" classname="The Notifiation API the info method"/>
  <testcase name="The Notifiation API the alert method shows a string message, with alert severity" time="0" classname="The Notifiation API the alert method"/>
  <testcase name="The Notifiation API the alert method does not auto dismiss the notification" time="4.002" classname="The Notifiation API the alert method"/>
  <testcase name="The Notifiation API the error method shows a string message, with severity error" time="0.001" classname="The Notifiation API the error method"/>
  <testcase name="The Notifiation API the error method does not auto dismiss the notification" time="4.004" classname="The Notifiation API the error method"/>
  <testcase name="The Notifiation API the progress method shows a notification with a message, progress message, percentage and info severity" time="0.001" classname="The Notifiation API the progress method"/>
  <testcase name="The Notifiation API the progress method allows dynamically updating the progress attributes" time="0" classname="The Notifiation API the progress method"/>
  <testcase name="The Notifiation API the progress method allows dynamically dismissing of progress notification" time="0.002" classname="The Notifiation API the progress method"/>
  <testcase name="The Object API Search Function uses each objects given provider's search function" time="0.003" classname="The Object API Search Function"/>
  <testcase name="The Object API Search Function uses the fallback indexed search for objects without a search function provided" time="0" classname="The Object API Search Function"/>
  <testcase name="The Object API Search Function provides each providers results as promises that resolve in parallel" time="0.001" classname="The Object API Search Function"/>
  <testcase name="The Object API The save function Rejects if no provider available" time="0" classname="The Object API The save function"/>
  <testcase name="The Object API The save function when a provider is available Calls 'create' on provider if object is new" time="0" classname="The Object API The save function when a provider is available"/>
  <testcase name="The Object API The save function when a provider is available Calls 'update' on provider if object is not new" time="0" classname="The Object API The save function when a provider is available"/>
  <testcase name="The Object API The save function when a provider is available Does not persist if the object is unchanged" time="0" classname="The Object API The save function when a provider is available"/>
  <testcase name="The Object API The get function when a provider is available Caches multiple requests for the same object" time="0.002" classname="The Object API The get function when a provider is available"/>
  <testcase name="The Object API The get function when a provider is available applies any applicable interceptors" time="0" classname="The Object API The get function when a provider is available"/>
  <testcase name="The Object API the mutation API mutates the original object" time="0.002" classname="The Object API the mutation API"/>
  <testcase name="The Object API the mutation API Provides a way of refreshing an object from the persistence store" time="0.001" classname="The Object API the mutation API"/>
  <testcase name="The Object API the mutation API uses a MutableDomainObject and retains properties of original object " time="0" classname="The Object API the mutation API uses a MutableDomainObject"/>
  <testcase name="The Object API the mutation API uses a MutableDomainObject that is identical to original object when serialized" time="0" classname="The Object API the mutation API uses a MutableDomainObject"/>
  <testcase name="The Object API the mutation API uses a MutableDomainObject that observes for object changes" time="0.001" classname="The Object API the mutation API uses a MutableDomainObject"/>
  <testcase name="The Object API the mutation API uses events to stay synchronized when mutated" time="0.002" classname="The Object API the mutation API uses events"/>
  <testcase name="The Object API the mutation API uses events to indicate when a property changes" time="0.001" classname="The Object API the mutation API uses events"/>
  <testcase name="The Object API the mutation API uses events to indicate when a child property has changed" time="0.001" classname="The Object API the mutation API uses events"/>
  <testcase name="RootObjectProvider supports fetching root" time="0" classname="RootObjectProvider"/>
  <testcase name="RootRegistry can register a root by key" time="0.001" classname="RootRegistry"/>
  <testcase name="RootRegistry can register multiple roots by key" time="0" classname="RootRegistry"/>
  <testcase name="RootRegistry can register an asynchronous root " time="0" classname="RootRegistry"/>
  <testcase name="RootRegistry can register multiple asynchronous roots" time="0" classname="RootRegistry"/>
  <testcase name="RootRegistry can combine different types of registration" time="0.001" classname="RootRegistry"/>
  <testcase name="objectUtils keyString util parses &quot;ROOT&quot;." time="0" classname="objectUtils keyString util"/>
  <testcase name="objectUtils keyString util parses and re-encodes &quot;ROOT&quot;" time="0.001" classname="objectUtils keyString util"/>
  <testcase name="objectUtils keyString util is idempotent for &quot;ROOT&quot;." time="0" classname="objectUtils keyString util"/>
  <testcase name="objectUtils keyString util parses &quot;mine&quot;." time="0.002" classname="objectUtils keyString util"/>
  <testcase name="objectUtils keyString util parses and re-encodes &quot;mine&quot;" time="0" classname="objectUtils keyString util"/>
  <testcase name="objectUtils keyString util is idempotent for &quot;mine&quot;." time="0.002" classname="objectUtils keyString util"/>
  <testcase name="objectUtils keyString util parses &quot;extended:something:with:colons&quot;." time="0" classname="objectUtils keyString util"/>
  <testcase name="objectUtils keyString util parses and re-encodes &quot;extended:something:with:colons&quot;" time="0" classname="objectUtils keyString util"/>
  <testcase name="objectUtils keyString util is idempotent for &quot;extended:something:with:colons&quot;." time="0" classname="objectUtils keyString util"/>
  <testcase name="objectUtils keyString util parses &quot;https\://some/url:resourceId&quot;." time="0" classname="objectUtils keyString util"/>
  <testcase name="objectUtils keyString util parses and re-encodes &quot;https\://some/url:resourceId&quot;" time="0" classname="objectUtils keyString util"/>
  <testcase name="objectUtils keyString util is idempotent for &quot;https\://some/url:resourceId&quot;." time="0" classname="objectUtils keyString util"/>
  <testcase name="objectUtils keyString util parses &quot;scratch:root&quot;." time="0" classname="objectUtils keyString util"/>
  <testcase name="objectUtils keyString util parses and re-encodes &quot;scratch:root&quot;" time="0.001" classname="objectUtils keyString util"/>
  <testcase name="objectUtils keyString util is idempotent for &quot;scratch:root&quot;." time="0" classname="objectUtils keyString util"/>
  <testcase name="objectUtils keyString util parses &quot;thingy\:thing:abc123&quot;." time="0" classname="objectUtils keyString util"/>
  <testcase name="objectUtils keyString util parses and re-encodes &quot;thingy\:thing:abc123&quot;" time="0.001" classname="objectUtils keyString util"/>
  <testcase name="objectUtils keyString util is idempotent for &quot;thingy\:thing:abc123&quot;." time="0" classname="objectUtils keyString util"/>
  <testcase name="objectUtils old object conversions translate ids" time="0.001" classname="objectUtils old object conversions"/>
  <testcase name="objectUtils old object conversions translates composition" time="0" classname="objectUtils old object conversions"/>
  <testcase name="objectUtils new object conversions removes ids" time="0" classname="objectUtils new object conversions"/>
  <testcase name="objectUtils new object conversions translates composition" time="0.001" classname="objectUtils new object conversions"/>
  <testcase name="The Status API set function sets status for identifier" time="0.003" classname="The Status API set function"/>
  <testcase name="The Status API get function returns status for identifier" time="0.001" classname="The Status API get function"/>
  <testcase name="The Status API delete function deletes status for identifier" time="0.001" classname="The Status API delete function"/>
  <testcase name="The Status API observe function allows callbacks to be attached to status set and delete events" time="0" classname="The Status API observe function"/>
  <testcase name="The Status API observe function returns a unsubscribe function" time="0.002" classname="The Status API observe function"/>
  <testcase name="Telemetry API telemetry providers provides consistent results without providers" time="0" classname="Telemetry API telemetry providers"/>
  <testcase name="Telemetry API telemetry providers skips providers that do not match" time="0" classname="Telemetry API telemetry providers"/>
  <testcase name="Telemetry API telemetry providers sends subscribe calls to matching providers" time="0" classname="Telemetry API telemetry providers"/>
  <testcase name="Telemetry API telemetry providers subscribes once per object" time="0.001" classname="Telemetry API telemetry providers"/>
  <testcase name="Telemetry API telemetry providers only deletes subscription cache when there are no more subscribers" time="0.001" classname="Telemetry API telemetry providers"/>
  <testcase name="Telemetry API telemetry providers does subscribe/unsubscribe" time="0" classname="Telemetry API telemetry providers"/>
  <testcase name="Telemetry API telemetry providers subscribes for different object" time="0.001" classname="Telemetry API telemetry providers"/>
  <testcase name="Telemetry API telemetry providers sends requests to matching providers" time="0.001" classname="Telemetry API telemetry providers"/>
  <testcase name="Telemetry API telemetry providers generates default request options" time="0.001" classname="Telemetry API telemetry providers"/>
  <testcase name="Telemetry API telemetry providers do not overwrite existing request options" time="0.001" classname="Telemetry API telemetry providers"/>
  <testcase name="Telemetry API metadata respects explicit priority" time="0.001" classname="Telemetry API metadata"/>
  <testcase name="Telemetry API metadata if no explicit priority, defaults to order defined" time="0.001" classname="Telemetry API metadata"/>
  <testcase name="Telemetry API metadata respects domain priority" time="0" classname="Telemetry API metadata"/>
  <testcase name="Telemetry API metadata respects range priority" time="0" classname="Telemetry API metadata"/>
  <testcase name="Telemetry API metadata respects priority and domain ordering" time="0" classname="Telemetry API metadata"/>
  <testcase name="Telemetry API telemetry collections when requested, returns an instance of telemetry collection" time="0.002" classname="Telemetry API telemetry collections"/>
  <testcase name="The Time API Supports setting and querying of time of interest" time="0.001" classname="The Time API"/>
  <testcase name="The Time API Allows setting of valid bounds" time="0.001" classname="The Time API"/>
  <testcase name="The Time API Disallows setting of invalid bounds" time="0.002" classname="The Time API"/>
  <testcase name="The Time API Allows setting of previously registered time system with bounds" time="0.001" classname="The Time API"/>
  <testcase name="The Time API Disallows setting of time system without bounds" time="0.002" classname="The Time API"/>
  <testcase name="The Time API allows setting of timesystem without bounds with clock" time="0.001" classname="The Time API"/>
  <testcase name="The Time API Emits an event when time system changes" time="0" classname="The Time API"/>
  <testcase name="The Time API Emits an event when time of interest changes" time="0" classname="The Time API"/>
  <testcase name="The Time API Emits an event when bounds change" time="0.001" classname="The Time API"/>
  <testcase name="The Time API If bounds are set and TOI lies inside them, do not change TOI" time="0.001" classname="The Time API"/>
  <testcase name="The Time API If bounds are set and TOI lies outside them, reset TOI" time="0" classname="The Time API"/>
  <testcase name="The Time API Maintains delta during tick" time="0.001" classname="The Time API"/>
  <testcase name="The Time API Allows registered time system to be activated" time="0" classname="The Time API"/>
  <testcase name="The Time API Allows a registered tick source to be activated" time="0.001" classname="The Time API"/>
  <testcase name="The Time API  when enabling a tick source sets bounds based on current value" time="0.001" classname="The Time API  when enabling a tick source"/>
  <testcase name="The Time API  when enabling a tick source a new tick listener is registered" time="0.002" classname="The Time API  when enabling a tick source"/>
  <testcase name="The Time API  when enabling a tick source listener of existing tick source is reregistered" time="0" classname="The Time API  when enabling a tick source"/>
  <testcase name="The Time API  when enabling a tick source Allows the active clock to be set and unset" time="0.002" classname="The Time API  when enabling a tick source"/>
  <testcase name="The Time API on tick, observes offsets, and indicates tick in bounds callback" time="0.001" classname="The Time API"/>
  <testcase name="The Independent Time API Creates an independent time context" time="0.001" classname="The Independent Time API"/>
  <testcase name="The Independent Time API Gets an independent time context given the objectPath" time="0.001" classname="The Independent Time API"/>
  <testcase name="The Independent Time API defaults to the global time context given the objectPath" time="0" classname="The Independent Time API"/>
  <testcase name="The Independent Time API Allows setting of valid bounds" time="0.002" classname="The Independent Time API"/>
  <testcase name="The Independent Time API Disallows setting of invalid bounds" time="0.001" classname="The Independent Time API"/>
  <testcase name="The Independent Time API Emits an event when bounds change" time="0" classname="The Independent Time API"/>
  <testcase name="The Independent Time API  when using real time clock Emits an event when bounds change based on current value" time="0.001" classname="The Independent Time API  when using real time clock"/>
  <testcase name="The Type API types can be standardized" time="0" classname="The Type API"/>
  <testcase name="The Type API new types are registered successfully and can be retrieved" time="0" classname="The Type API"/>
  <testcase name="The Type API type registry contains new keys" time="0.001" classname="The Type API"/>
  <testcase name="The Image Exporter basic instatation can be instatiated" time="0.001" classname="The Image Exporter basic instatation"/>
  <testcase name="The Image Exporter basic instatation can render an element to a blob" time="0.166" classname="The Image Exporter basic instatation"/>
  <testcase name="legacyRegistry is a BundleRegistry" time="0" classname="legacyRegistry"/>
  <testcase name="the plugin provides a folder to hold plans" time="0.01" classname="the plugin"/>
  <testcase name="the plugin provides composition for couch search folders" time="0.01" classname="the plugin"/>
  <testcase name="DeviceClassifier when device isMobile, isPhone, isTouch, isPortrait adds classes for matching, detected characteristics" time="0.001" classname="DeviceClassifier when device isMobile, isPhone, isTouch, isPortrait"/>
  <testcase name="DeviceClassifier when device isMobile, isPhone, isTouch, isPortrait does not add classes for non-matching characteristics" time="0.001" classname="DeviceClassifier when device isMobile, isPhone, isTouch, isPortrait"/>
  <testcase name="DeviceClassifier when device isMobile, isPhone, isTouch, isLandscape adds classes for matching, detected characteristics" time="0" classname="DeviceClassifier when device isMobile, isPhone, isTouch, isLandscape"/>
  <testcase name="DeviceClassifier when device isMobile, isPhone, isTouch, isLandscape does not add classes for non-matching characteristics" time="0.001" classname="DeviceClassifier when device isMobile, isPhone, isTouch, isLandscape"/>
  <testcase name="DeviceClassifier when device isMobile, isTablet, isTouch, isPortrait adds classes for matching, detected characteristics" time="0.001" classname="DeviceClassifier when device isMobile, isTablet, isTouch, isPortrait"/>
  <testcase name="DeviceClassifier when device isMobile, isTablet, isTouch, isPortrait does not add classes for non-matching characteristics" time="0" classname="DeviceClassifier when device isMobile, isTablet, isTouch, isPortrait"/>
  <testcase name="DeviceClassifier when device isMobile, isTablet, isTouch, isLandscape adds classes for matching, detected characteristics" time="0.001" classname="DeviceClassifier when device isMobile, isTablet, isTouch, isLandscape"/>
  <testcase name="DeviceClassifier when device isMobile, isTablet, isTouch, isLandscape does not add classes for non-matching characteristics" time="0" classname="DeviceClassifier when device isMobile, isTablet, isTouch, isLandscape"/>
  <testcase name="DeviceClassifier when device isTouch adds classes for matching, detected characteristics" time="0" classname="DeviceClassifier when device isTouch"/>
  <testcase name="DeviceClassifier when device isTouch does not add classes for non-matching characteristics" time="0" classname="DeviceClassifier when device isTouch"/>
  <testcase name="DeviceClassifier when device has no detected characteristics adds classes for matching, detected characteristics" time="0.001" classname="DeviceClassifier when device has no detected characteristics"/>
  <testcase name="DeviceClassifier when device has no detected characteristics does not add classes for non-matching characteristics" time="0" classname="DeviceClassifier when device has no detected characteristics"/>
  <testcase name="DeviceMatchers detects when a device is a desktop device" time="0" classname="DeviceMatchers"/>
  <testcase name="DeviceMatchers detects when a device is a mobile device" time="0" classname="DeviceMatchers"/>
  <testcase name="DeviceMatchers detects when a device is a phone device" time="0.002" classname="DeviceMatchers"/>
  <testcase name="DeviceMatchers detects when a device is a tablet device" time="0" classname="DeviceMatchers"/>
  <testcase name="DeviceMatchers detects when a device is a landscape device" time="0" classname="DeviceMatchers"/>
  <testcase name="DeviceMatchers detects when a device is a portrait device" time="0" classname="DeviceMatchers"/>
  <testcase name="DeviceMatchers detects when a device is a landscape device" time="0" classname="DeviceMatchers"/>
  <testcase name="DeviceMatchers detects when a device is a touch device" time="0" classname="DeviceMatchers"/>
  <testcase name="the plugin creates a new ISO based formatter with the key 'iso'" time="0" classname="the plugin creates a new ISO based formatter"/>
  <testcase name="the plugin creates a new ISO based formatter that will format a timestamp in ISO standard format" time="0" classname="the plugin creates a new ISO based formatter"/>
  <testcase name="the plugin creates a new ISO based formatter that will parse an ISO Date String into milliseconds" time="0" classname="the plugin creates a new ISO based formatter"/>
  <testcase name="the plugin creates a new ISO based formatter that will validate correctly" time="0" classname="the plugin creates a new ISO based formatter"/>
  <testcase name="The LAD Table should provide a table view only for lad table objects" time="0.013" classname="The LAD Table"/>
  <testcase name="The LAD Table composition should accept telemetry producing objects" time="0.012" classname="The LAD Table composition"/>
  <testcase name="The LAD Table composition should reject non-telemtry producing objects" time="0.01" classname="The LAD Table composition"/>
  <testcase name="The LAD Table table view should show one row per object in the composition" time="0.018" classname="The LAD Table table view"/>
  <testcase name="The LAD Table table view should show the most recent datum from the telemetry producing object" time="0.013" classname="The LAD Table table view"/>
  <testcase name="The LAD Table table view should show the name provided for the the telemetry producing object" time="0.012" classname="The LAD Table table view"/>
  <testcase name="The LAD Table table view should show the correct values for the datum based on domain and range hints" time="0.011" classname="The LAD Table table view"/>
  <testcase name="The LAD Table Set should provide a lad table set view only for lad table set objects" time="0.009" classname="The LAD Table Set"/>
  <testcase name="The LAD Table Set composition should accept lad table objects" time="0.009" classname="The LAD Table Set composition"/>
  <testcase name="The LAD Table Set composition should reject non lad table objects" time="0.009" classname="The LAD Table Set composition"/>
  <testcase name="The LAD Table Set table view should show one row per lad table object in the composition" time="0.023" classname="The LAD Table Set table view"/>
  <testcase name="The URLIndicator on initialization with default options has a default icon class if none supplied" time="0.002" classname="The URLIndicator on initialization with default options"/>
  <testcase name="The URLIndicator on initialization with default options defaults to the URL if no label supplied" time="0.001" classname="The URLIndicator on initialization with default options"/>
  <testcase name="The URLIndicator on initialization with custom options uses the custom iconClass" time="0.001" classname="The URLIndicator on initialization with custom options"/>
  <testcase name="The URLIndicator on initialization with custom options uses custom interval" time="0.001" classname="The URLIndicator on initialization with custom options"/>
  <testcase name="The URLIndicator on initialization with custom options uses custom label if supplied in initialization" time="0.001" classname="The URLIndicator on initialization with custom options"/>
  <testcase name="The URLIndicator when running requests the provided URL" time="0.001" classname="The URLIndicator when running"/>
  <testcase name="The URLIndicator when running indicates success if connection is nominal" time="0" classname="The URLIndicator when running"/>
  <testcase name="The URLIndicator when running indicates an error when the server cannot be reached" time="0" classname="The URLIndicator when running"/>
  <testcase name="The URLTimeSettingsSynchronizer initial clock is set to fixed is reflected in URL" time="0.097" classname="The URLTimeSettingsSynchronizer"/>
  <testcase name="The URLTimeSettingsSynchronizer when the clock is set via the time API, it is reflected in the URL" time="0.747" classname="The URLTimeSettingsSynchronizer"/>
  <testcase name="The URLTimeSettingsSynchronizer when the clock mode is set to local, it is reflected in the URL" time="0.322" classname="The URLTimeSettingsSynchronizer"/>
  <testcase name="The URLTimeSettingsSynchronizer when the clock mode is set to local, it is reflected in the URL" time="0.325" classname="The URLTimeSettingsSynchronizer"/>
  <testcase name="The URLTimeSettingsSynchronizer reset hash" time="0.042" classname="The URLTimeSettingsSynchronizer"/>
  <testcase name="AutoflowTabularPlugin installs a view provider" time="0" classname="AutoflowTabularPlugin">
    <skipped/>
  </testcase>
  <testcase name="AutoflowTabularPlugin installs a view provider which applies its view to the type from options" time="0" classname="AutoflowTabularPlugin installs a view provider which">
    <skipped/>
  </testcase>
  <testcase name="AutoflowTabularPlugin installs a view provider which does not apply to other types" time="0" classname="AutoflowTabularPlugin installs a view provider which">
    <skipped/>
  </testcase>
  <testcase name="AutoflowTabularPlugin installs a view provider which provides a view which populates its container" time="0" classname="AutoflowTabularPlugin installs a view provider which provides a view which">
    <skipped/>
  </testcase>
  <testcase name="AutoflowTabularPlugin installs a view provider which provides a view which when rows have been populated shows one row per child object" time="0" classname="AutoflowTabularPlugin installs a view provider which provides a view which when rows have been populated">
    <skipped/>
  </testcase>
  <testcase name="AutoflowTabularPlugin installs a view provider which provides a view which when rows have been populated removes rows on composition change" time="0" classname="AutoflowTabularPlugin installs a view provider which provides a view which when rows have been populated">
    <skipped/>
  </testcase>
  <testcase name="AutoflowTabularPlugin installs a view provider which provides a view which removes subscriptions when destroyed" time="0" classname="AutoflowTabularPlugin installs a view provider which provides a view which">
    <skipped/>
  </testcase>
  <testcase name="AutoflowTabularPlugin installs a view provider which provides a view which provides a button to change column width" time="0" classname="AutoflowTabularPlugin installs a view provider which provides a view which">
    <skipped/>
  </testcase>
  <testcase name="AutoflowTabularPlugin installs a view provider which provides a view which subscribes to all child objects" time="0" classname="AutoflowTabularPlugin installs a view provider which provides a view which">
    <skipped/>
  </testcase>
  <testcase name="AutoflowTabularPlugin installs a view provider which provides a view which displays historical telemetry" time="0" classname="AutoflowTabularPlugin installs a view provider which provides a view which">
    <skipped/>
  </testcase>
  <testcase name="AutoflowTabularPlugin installs a view provider which provides a view which displays incoming telemetry" time="0" classname="AutoflowTabularPlugin installs a view provider which provides a view which">
    <skipped/>
  </testcase>
  <testcase name="AutoflowTabularPlugin installs a view provider which provides a view which updates classes for limit violations" time="0" classname="AutoflowTabularPlugin installs a view provider which provides a view which">
    <skipped/>
  </testcase>
  <testcase name="AutoflowTabularPlugin installs a view provider which provides a view which automatically flows to new columns" time="0" classname="AutoflowTabularPlugin installs a view provider which provides a view which">
    <skipped/>
  </testcase>
  <testcase name="AutoflowTabularPlugin installs a view provider which provides a view which loads composition exactly once" time="0" classname="AutoflowTabularPlugin installs a view provider which provides a view which">
    <skipped/>
  </testcase>
  <testcase name="The buildInfo plugin registers versions extensions" time="0.001" classname="The buildInfo plugin"/>
  <testcase name="the plugin The bar graph view provides a bar graph view" time="0.09" classname="the plugin The bar graph view"/>
  <testcase name="the plugin The bar graph view Renders plotly bar graph" time="0.034" classname="the plugin The bar graph view"/>
  <testcase name="the plugin The bar graph view Handles dots in telemetry id" time="0.07" classname="the plugin The bar graph view"/>
  <testcase name="the plugin the bar graph objects defines a bar graph object type with the correct key" time="0.014" classname="the plugin the bar graph objects"/>
  <testcase name="the plugin the bar graph objects is creatable" time="0.009" classname="the plugin the bar graph objects"/>
  <testcase name="the plugin The bar graph composition policy allows composition for telemetry that contain at least one range" time="0.011" classname="the plugin The bar graph composition policy"/>
  <testcase name="the plugin The bar graph composition policy disallows composition for telemetry that don't contain any range hints" time="0.01" classname="the plugin The bar graph composition policy"/>
  <testcase name="the plugin the inspector view it renders the options" time="0.014" classname="the plugin the inspector view"/>
  <testcase name="the plugin the inspector view shows the name" time="0.011" classname="the plugin the inspector view"/>
  <testcase name="When the Clear Data Plugin is installed, Global Clear Indicator is installed" time="0.001" classname="When the Clear Data Plugin is installed,"/>
  <testcase name="When the Clear Data Plugin is installed, Clear Data context menu action is installed" time="0" classname="When the Clear Data Plugin is installed,"/>
  <testcase name="When the Clear Data Plugin is installed, clear data action emits a clearData event when invoked" time="0" classname="When the Clear Data Plugin is installed,"/>
  <testcase name="When the Clear Data Plugin is installed, clears data on applicable objects" time="0.001" classname="When the Clear Data Plugin is installed,"/>
  <testcase name="When the Clear Data Plugin is installed, does not clear data on inapplicable objects" time="0" classname="When the Clear Data Plugin is installed,"/>
  <testcase name="When the Clear Data Plugin is installed, does not clear data if not in the selection path and not a layout" time="0" classname="When the Clear Data Plugin is installed,"/>
  <testcase name="When the Clear Data Plugin is installed, does clear data if not in the selection path and is a layout" time="0" classname="When the Clear Data Plugin is installed,"/>
  <testcase name="Clock plugin: Clock view: has name as Clock" time="0.03" classname="Clock plugin: Clock view:"/>
  <testcase name="Clock plugin: Clock view: is creatable" time="0.017" classname="Clock plugin: Clock view:"/>
  <testcase name="Clock plugin: Clock view: provides clock view" time="0.017" classname="Clock plugin: Clock view:"/>
  <testcase name="Clock plugin: Clock view: renders clock element" time="0.017" classname="Clock plugin: Clock view:"/>
  <testcase name="Clock plugin: Clock view: renders major elements" time="0.017" classname="Clock plugin: Clock view:"/>
  <testcase name="Clock plugin: Clock view: renders time in UTC" time="0.031" classname="Clock plugin: Clock view:"/>
  <testcase name="Clock plugin: Clock view: updates the 24 hour option in the configuration" time="0.029" classname="Clock plugin: Clock view:"/>
  <testcase name="Clock plugin: Clock view: updates the timezone option in the configuration" time="0.023" classname="Clock plugin: Clock view:"/>
  <testcase name="Clock plugin: Clock view: updates the time format option in the configuration" time="0.035" classname="Clock plugin: Clock view:"/>
  <testcase name="Clock plugin: Clock Indicator view: doesn't exist" time="0.023" classname="Clock plugin: Clock Indicator view:"/>
  <testcase name="Clock plugin: Clock Indicator view: exists" time="0.033" classname="Clock plugin: Clock Indicator view:"/>
  <testcase name="Clock plugin: Clock Indicator view: contains text" time="0.071" classname="Clock plugin: Clock Indicator view:"/>
  <testcase name="ConditionManager creates a conditionCollection with a default condition" time="0.003" classname="ConditionManager"/>
  <testcase name="ConditionManager reorders a conditionCollection" time="0" classname="ConditionManager"/>
  <testcase name="ConditionManager updates the right condition after reorder" time="0" classname="ConditionManager"/>
  <testcase name="ConditionManager removes the right condition after reorder" time="0.001" classname="ConditionManager"/>
  <testcase name="ConditionSetCompositionPolicy returns true for object types that are not conditionSets" time="0" classname="ConditionSetCompositionPolicy"/>
  <testcase name="ConditionSetCompositionPolicy returns false for object types that are not telemetry objects when parent is a conditionSet" time="0.001" classname="ConditionSetCompositionPolicy"/>
  <testcase name="ConditionSetCompositionPolicy returns true for object types that are telemetry objects when parent is a conditionSet" time="0" classname="ConditionSetCompositionPolicy"/>
  <testcase name="ConditionSetCompositionPolicy returns true for object types that are telemetry objects when parent is not a conditionSet" time="0" classname="ConditionSetCompositionPolicy"/>
  <testcase name="The condition generates criteria with the correct properties" time="0.001" classname="The condition"/>
  <testcase name="The condition initializes with an id" time="0" classname="The condition"/>
  <testcase name="The condition initializes with criteria from the condition definition" time="0" classname="The condition"/>
  <testcase name="The condition initializes with the trigger from the condition definition" time="0" classname="The condition"/>
  <testcase name="The condition destroys all criteria for a condition" time="0.002" classname="The condition"/>
  <testcase name="The condition gets the result of a condition when new telemetry data is received" time="0.001" classname="The condition"/>
  <testcase name="The condition gets the result of a condition when new telemetry data is received" time="0" classname="The condition"/>
  <testcase name="The condition keeps the old result new telemetry data is not used by it" time="0" classname="The condition"/>
  <testcase name="The telemetry criterion initializes with a telemetry objectId as string" time="0" classname="The telemetry criterion"/>
  <testcase name="The telemetry criterion returns a result on new data from relevant telemetry providers" time="0" classname="The telemetry criterion"/>
  <testcase name="The telemetry criterion the LAD request returns results for slow LAD requests" time="0" classname="The telemetry criterion the LAD request"/>
  <testcase name="the plugin defines a conditionSet object type with the correct key" time="0.017" classname="the plugin"/>
  <testcase name="the plugin the conditionSet object is creatable" time="0.022" classname="the plugin the conditionSet object"/>
  <testcase name="the plugin the conditionSet object initializes with an empty composition list" time="0.009" classname="the plugin the conditionSet object"/>
  <testcase name="the plugin the condition set usage for multiple display layout items initializes the items in the view" time="0.028" classname="the plugin the condition set usage for multiple display layout items"/>
  <testcase name="the plugin the condition set usage for multiple display layout items initializes conditional styles" time="0.026" classname="the plugin the condition set usage for multiple display layout items"/>
  <testcase name="the plugin the condition set usage for multiple display layout items updates applicable conditional styles" time="0.016" classname="the plugin the condition set usage for multiple display layout items"/>
  <testcase name="the plugin the condition set usage for multiple display layout items updates applicable static styles" time="0.022" classname="the plugin the condition set usage for multiple display layout items"/>
  <testcase name="the plugin the condition check for staleness should evaluate as stale when telemetry is not received in the allotted time" time="0.425" classname="the plugin the condition check for staleness"/>
  <testcase name="the plugin the condition check for staleness should not evaluate as stale when telemetry is received in the allotted time" time="0.319" classname="the plugin the condition check for staleness"/>
  <testcase name="the plugin the condition evaluation should stop evaluating conditions when a condition evaluates to true" time="0.012" classname="the plugin the condition evaluation"/>
  <testcase name="the plugin canView of ConditionSetViewProvider provides a view" time="0.01" classname="the plugin canView of ConditionSetViewProvider"/>
  <testcase name="the plugin canView of ConditionSetViewProvider returns true for type `conditionSet` and is a navigated Object" time="0.009" classname="the plugin canView of ConditionSetViewProvider"/>
  <testcase name="the plugin canView of ConditionSetViewProvider returns false for type `conditionSet` and is not a navigated Object" time="0.026" classname="the plugin canView of ConditionSetViewProvider"/>
  <testcase name="the plugin canView of ConditionSetViewProvider returns false for type `notConditionSet` and is a navigated Object" time="0.01" classname="the plugin canView of ConditionSetViewProvider"/>
  <testcase name="the plugin The Style Rule Manager should subscribe to the conditionSet after the editor saves" time="0.01" classname="the plugin The Style Rule Manager"/>
  <testcase name="evaluate results based on trigger any should evaluate to expected result" time="0" classname="evaluate results based on trigger any"/>
  <testcase name="evaluate results based on trigger all should evaluate to expected result" time="0" classname="evaluate results based on trigger all"/>
  <testcase name="evaluate results based on trigger not should evaluate to expected result" time="0" classname="evaluate results based on trigger not"/>
  <testcase name="evaluate results based on trigger xor should evaluate to expected result" time="0" classname="evaluate results based on trigger xor"/>
  <testcase name="operations should evaluate isOneOf to true for number inputs" time="0" classname="operations"/>
  <testcase name="operations should evaluate isOneOf to true for string inputs" time="0" classname="operations"/>
  <testcase name="operations should evaluate isNotOneOf to true for number inputs" time="0" classname="operations"/>
  <testcase name="operations should evaluate isNotOneOf to true for string inputs" time="0.001" classname="operations"/>
  <testcase name="operations should evaluate isOneOf to false for number inputs" time="0" classname="operations"/>
  <testcase name="operations should evaluate isOneOf to false for string inputs" time="0" classname="operations"/>
  <testcase name="operations should evaluate isNotOneOf to false for number inputs" time="0.001" classname="operations"/>
  <testcase name="operations should evaluate isNotOneOf to false for string inputs" time="0" classname="operations"/>
  <testcase name="operations should evaluate isBetween to true" time="0" classname="operations"/>
  <testcase name="operations should evaluate isNotBetween to true" time="0.001" classname="operations"/>
  <testcase name="operations should evaluate isBetween to false" time="0" classname="operations"/>
  <testcase name="operations should evaluate isNotBetween to false" time="0" classname="operations"/>
  <testcase name="operations should evaluate enumValueIs to true for number inputs" time="0" classname="operations"/>
  <testcase name="operations should evaluate enumValueIs to true for string inputs" time="0.001" classname="operations"/>
  <testcase name="operations should evaluate enumValueIsNot to true for number inputs" time="0" classname="operations"/>
  <testcase name="operations should evaluate enumValueIsNot to true for string inputs" time="0" classname="operations"/>
  <testcase name="operations should evaluate enumValueIs to false for number inputs" time="0" classname="operations"/>
  <testcase name="operations should evaluate enumValueIs to false for string inputs" time="0" classname="operations"/>
  <testcase name="operations should evaluate enumValueIsNot to false for number inputs" time="0" classname="operations"/>
  <testcase name="operations should evaluate enumValueIsNot to false for string inputs" time="0.001" classname="operations"/>
  <testcase name="operations should evaluate enumValueIs to false for undefined input" time="0" classname="operations"/>
  <testcase name="operations should evaluate enumValueIsNot to true for undefined input" time="0" classname="operations"/>
  <testcase name="time related utils subscribe for staleness should call listeners when stale" time="0.201" classname="time related utils subscribe for staleness"/>
  <testcase name="time related utils subscribe for staleness should update the subscription" time="0.106" classname="time related utils subscribe for staleness"/>
  <testcase name="time related utils subscribe for staleness should clear the subscription" time="0.205" classname="time related utils subscribe for staleness"/>
  <testcase name="the plugin installs the new folder action" time="0" classname="the plugin">
    <skipped/>
  </testcase>
  <testcase name="the plugin when invoked gets user input for folder name" time="0" classname="the plugin when invoked">
    <skipped/>
  </testcase>
  <testcase name="the plugin when invoked creates a new folder object" time="0" classname="the plugin when invoked">
    <skipped/>
  </testcase>
  <testcase name="the plugin when invoked adds new folder object to parent composition" time="0" classname="the plugin when invoked">
    <skipped/>
  </testcase>
  <testcase name="CustomStringFormatter adds custom format sclk" time="0.024" classname="CustomStringFormatter"/>
  <testcase name="CustomStringFormatter adds custom format lts" time="0.009" classname="CustomStringFormatter"/>
  <testcase name="CustomStringFormatter returns correct value for custom format sclk" time="0.01" classname="CustomStringFormatter"/>
  <testcase name="CustomStringFormatter returns correct value for custom format lts" time="0.011" classname="CustomStringFormatter"/>
  <testcase name="the plugin defines a display layout object type with the correct key" time="0.009" classname="the plugin"/>
  <testcase name="the plugin provides a view" time="0.009" classname="the plugin"/>
  <testcase name="the plugin the alpha numeric format view provides an alphanumeric format view" time="0.011" classname="the plugin the alpha numeric format view"/>
  <testcase name="the plugin the toolbar provides controls including separators" time="0.01" classname="the plugin the toolbar"/>
  <testcase name="The Duplicate Action plugin should be defined" time="0.01" classname="The Duplicate Action plugin"/>
  <testcase name="The Duplicate Action plugin when moving an object to a new parent the duplicate child object's name (when not changing) should be the same as the original object" time="0.016" classname="The Duplicate Action plugin when moving an object to a new parent"/>
  <testcase name="The Duplicate Action plugin when moving an object to a new parent the duplicate child object's identifier should be new" time="0.017" classname="The Duplicate Action plugin when moving an object to a new parent"/>
  <testcase name="The Duplicate Action plugin when a new name is provided for the duplicated object the name is updated" time="0.01" classname="The Duplicate Action plugin when a new name is provided for the duplicated object"/>
  <testcase name="the plugin defines a flexible layout object type with the correct key" time="0.01" classname="the plugin"/>
  <testcase name="the plugin the view provides a view" time="0.01" classname="the plugin the view"/>
  <testcase name="the plugin the toolbar provides controls including separators" time="0.01" classname="the plugin the toolbar"/>
  <testcase name="the goToOriginalAction plugin installs the go to folder action" time="0.013" classname="the goToOriginalAction plugin"/>
  <testcase name="the goToOriginalAction plugin when invoked goes to the original location" time="0.011" classname="the goToOriginalAction plugin when invoked"/>
  <testcase name="The controller for hyperlinks knows when it should open a new tab" time="0.01" classname="The controller for hyperlinks"/>
  <testcase name="The controller for hyperlinks knows when it should open in the same tab" time="0.011" classname="The controller for hyperlinks"/>
  <testcase name="The controller for hyperlinks knows when it is a button" time="0.01" classname="The controller for hyperlinks"/>
  <testcase name="The controller for hyperlinks knows when it is a link" time="0.01" classname="The controller for hyperlinks"/>
  <testcase name="The Compass component when a heading value exists on the image should display a compass rose" time="0.005" classname="The Compass component when a heading value exists on the image"/>
  <testcase name="The Compass component when a heading value exists on the image should display a compass HUD" time="0.002" classname="The Compass component when a heading value exists on the image"/>
  <testcase name="The Imagery View Layouts should provide an imagery time strip view when in a time strip" time="0.011" classname="The Imagery View Layouts"/>
  <testcase name="The Imagery View Layouts should provide an imagery view only for imagery producing objects" time="0.011" classname="The Imagery View Layouts"/>
  <testcase name="The Imagery View Layouts should not provide an imagery view when in a time strip" time="0.011" classname="The Imagery View Layouts"/>
  <testcase name="The Imagery View Layouts should provide an imagery view when navigated to in the composition of a time strip" time="0.023" classname="The Imagery View Layouts"/>
  <testcase name="The Imagery View Layouts imagery view on mount should show the the most recent image" time="0.053" classname="The Imagery View Layouts imagery view"/>
  <testcase name="The Imagery View Layouts imagery view should show the clicked thumbnail as the main image" time="0.04" classname="The Imagery View Layouts imagery view"/>
  <testcase name="The Imagery View Layouts imagery view should show that an image is new" time="0" classname="The Imagery View Layouts imagery view">
    <skipped/>
  </testcase>
  <testcase name="The Imagery View Layouts imagery view should show that an image is not new" time="0.036" classname="The Imagery View Layouts imagery view"/>
  <testcase name="The Imagery View Layouts imagery view should navigate via arrow keys" time="0.033" classname="The Imagery View Layouts imagery view"/>
  <testcase name="The Imagery View Layouts imagery view should navigate via numerous arrow keys" time="0.036" classname="The Imagery View Layouts imagery view"/>
  <testcase name="The Imagery View Layouts imagery view shows an auto scroll button when scroll to left" time="0.035" classname="The Imagery View Layouts imagery view"/>
  <testcase name="The Imagery View Layouts imagery view scrollToRight is called when clicking on auto scroll button" time="0.05" classname="The Imagery View Layouts imagery view"/>
  <testcase name="The Imagery View Layouts imagery time strip view on mount should show imagery within the given bounds" time="0.028" classname="The Imagery View Layouts imagery time strip view"/>
  <testcase name="The Imagery View Layouts imagery time strip view should show the clicked thumbnail as the preview image" time="0.037" classname="The Imagery View Layouts imagery time strip view"/>
  <testcase name="the plugin the missingObjectInterceptor returns missing objects" time="0.018" classname="the plugin the missingObjectInterceptor"/>
  <testcase name="the plugin the missingObjectInterceptor returns the My items object if not found" time="0.023" classname="the plugin the missingObjectInterceptor"/>
  <testcase name="The local time system is installed" time="0.038" classname="The local time system"/>
  <testcase name="The local time system can be set to be the main time system" time="0.018" classname="The local time system"/>
  <testcase name="The local time system uses the local-format time format" time="0.017" classname="The local time system"/>
  <testcase name="The local time system is UTC based" time="0.011" classname="The local time system"/>
  <testcase name="The local time system defines expected metadata" time="0.021" classname="The local time system"/>
  <testcase name="The local time formatter can be obtained from the telemetry API and will format a timestamp in local time format" time="0.01" classname="The local time formatter can be obtained from the telemetry API and"/>
  <testcase name="The local time formatter can be obtained from the telemetry API and will parse an local time Date String into milliseconds" time="0.01" classname="The local time formatter can be obtained from the telemetry API and"/>
  <testcase name="The local time formatter can be obtained from the telemetry API and will validate correctly" time="0.029" classname="The local time formatter can be obtained from the telemetry API and"/>
  <testcase name="The Move Action plugin should be defined" time="0.011" classname="The Move Action plugin"/>
  <testcase name="The Move Action plugin when moving an object to a new parent and removing from the old parent the child object's identifier should be in the new parent's composition" time="0.018" classname="The Move Action plugin when moving an object to a new parent and removing from the old parent"/>
  <testcase name="The Move Action plugin when moving an object to a new parent and removing from the old parent the child object's identifier should be removed from the old parent's composition" time="0.009" classname="The Move Action plugin when moving an object to a new parent and removing from the old parent"/>
  <testcase name="the plugin installs the new folder action" time="0.019" classname="the plugin"/>
  <testcase name="the plugin when invoked gets user input for folder name" time="0.031" classname="the plugin when invoked"/>
  <testcase name="the plugin when invoked creates a new folder object" time="0.012" classname="the plugin when invoked"/>
  <testcase name="the plugin when invoked adds new folder object to parent composition" time="0.01" classname="the plugin when invoked"/>
  <testcase name="the plugin adds the new non-editable folder type" time="0.011" classname="the plugin"/>
  <testcase name="Notebook plugin: has type as Notebook" time="0.032" classname="Notebook plugin:"/>
  <testcase name="Notebook plugin: is creatable" time="0.035" classname="Notebook plugin:"/>
  <testcase name="Notebook plugin: Notebook view: provides notebook view" time="0.052" classname="Notebook plugin: Notebook view:"/>
  <testcase name="Notebook plugin: Notebook view: renders notebook element" time="0.058" classname="Notebook plugin: Notebook view:"/>
  <testcase name="Notebook plugin: Notebook view: renders major elements" time="0.079" classname="Notebook plugin: Notebook view:"/>
  <testcase name="Notebook plugin: Notebook view: renders a row for each entry" time="0.047" classname="Notebook plugin: Notebook view:"/>
  <testcase name="Notebook plugin: Notebook view: synchronization updates an entry when another user modifies it" time="0.051" classname="Notebook plugin: Notebook view: synchronization"/>
  <testcase name="Notebook plugin: Notebook view: synchronization shows new entry when another user adds one" time="0.048" classname="Notebook plugin: Notebook view: synchronization"/>
  <testcase name="Notebook plugin: Notebook view: synchronization removes an entry when another user removes one" time="0.051" classname="Notebook plugin: Notebook view: synchronization"/>
  <testcase name="Notebook plugin: Notebook view: synchronization updates the notebook when a user adds a page" time="0.049" classname="Notebook plugin: Notebook view: synchronization"/>
  <testcase name="Notebook plugin: Notebook view: synchronization updates the notebook when a user removes a page" time="0.025" classname="Notebook plugin: Notebook view: synchronization"/>
  <testcase name="Notebook plugin: Notebook view: synchronization updates the notebook when a user adds a section" time="0.04" classname="Notebook plugin: Notebook view: synchronization"/>
  <testcase name="Notebook plugin: Notebook view: synchronization updates the notebook when a user removes a section" time="0.042" classname="Notebook plugin: Notebook view: synchronization"/>
  <testcase name="Notebook plugin: Notebook Snapshots view: has Snapshots indicator" time="0.031" classname="Notebook plugin: Notebook Snapshots view:"/>
  <testcase name="Notebook plugin: Notebook Snapshots view: snapshots container has class isExpanded" time="0.02" classname="Notebook plugin: Notebook Snapshots view:"/>
  <testcase name="Notebook plugin: Notebook Snapshots view: snapshots container does not have class isExpanded" time="0.04" classname="Notebook plugin: Notebook Snapshots view:"/>
  <testcase name="Notebook plugin: Notebook Snapshots view: show notebook snapshots container text" time="0.032" classname="Notebook plugin: Notebook Snapshots view:"/>
  <testcase name="Notebook Entries: getNotebookEntries has no entries" time="0.027" classname="Notebook Entries:"/>
  <testcase name="Notebook Entries: addNotebookEntry adds entry" time="0.001" classname="Notebook Entries:"/>
  <testcase name="Notebook Entries: getEntryPosById returns valid position" time="0" classname="Notebook Entries:"/>
  <testcase name="Notebook Entries: deleteNotebookEntries deletes correct page entries" time="0.001" classname="Notebook Entries:"/>
  <testcase name="Notebook Storage: has empty local Storage" time="0.012" classname="Notebook Storage:"/>
  <testcase name="Notebook Storage: has null notebookstorage on clearDefaultNotebook" time="0.001" classname="Notebook Storage:"/>
  <testcase name="Notebook Storage: has correct notebookstorage on setDefaultNotebook" time="0.001" classname="Notebook Storage:"/>
  <testcase name="Notebook Storage: has correct section on setDefaultNotebookSectionId" time="0.001" classname="Notebook Storage:"/>
  <testcase name="Notebook Storage: has correct page on setDefaultNotebookPageId" time="0.015" classname="Notebook Storage:"/>
  <testcase name="Notebook Storage: is getNotebookSectionAndPage function searches and returns correct, id for section from notebook domain object" time="0.001" classname="Notebook Storage: is getNotebookSectionAndPage function searches and returns correct,"/>
  <testcase name="Notebook Storage: is getNotebookSectionAndPage function searches and returns correct, name for section from notebook domain object" time="0.001" classname="Notebook Storage: is getNotebookSectionAndPage function searches and returns correct,"/>
  <testcase name="Notebook Storage: is getNotebookSectionAndPage function searches and returns correct, sectionTitle for section from notebook domain object" time="0.001" classname="Notebook Storage: is getNotebookSectionAndPage function searches and returns correct,"/>
  <testcase name="Notebook Storage: is getNotebookSectionAndPage function searches and returns correct, number of pages for section from notebook domain object" time="0.002" classname="Notebook Storage: is getNotebookSectionAndPage function searches and returns correct,"/>
  <testcase name="Notebook Storage: is getNotebookSectionAndPage function searches and returns correct, id for page from notebook domain object" time="0" classname="Notebook Storage: is getNotebookSectionAndPage function searches and returns correct,"/>
  <testcase name="Notebook Storage: is getNotebookSectionAndPage function searches and returns correct, name for page from notebook domain object" time="0" classname="Notebook Storage: is getNotebookSectionAndPage function searches and returns correct,"/>
  <testcase name="Notebook Storage: is getNotebookSectionAndPage function searches and returns correct, pageTitle for page from notebook domain object" time="0.001" classname="Notebook Storage: is getNotebookSectionAndPage function searches and returns correct,"/>
  <testcase name="the plugin the indicator plugin element notifies the user of the number of notifications" time="0.01" classname="the plugin the indicator plugin element"/>
  <testcase name="the plugin installs the open in new tab action" time="0.009" classname="the plugin"/>
  <testcase name="the plugin when invoked it opens in a new tab" time="0.021" classname="the plugin when invoked"/>
  <testcase name="the plugin installs the performance indicator" time="0.009" classname="the plugin"/>
  <testcase name="the plugin correctly calculates fps" time="1.016" classname="the plugin"/>
  <testcase name="the plugin the provider gets an object" time="0.012" classname="the plugin the provider"/>
  <testcase name="the plugin the provider creates an object" time="0.011" classname="the plugin the provider"/>
  <testcase name="the plugin the provider updates an object" time="0.012" classname="the plugin the provider"/>
  <testcase name="the plugin batches requests for multiple simultaneous gets" time="0.012" classname="the plugin batches requests"/>
  <testcase name="the plugin batches requests but not for single gets" time="0.011" classname="the plugin batches requests"/>
  <testcase name="the plugin implements server-side search using Couch's 'find' endpoint" time="0.021" classname="the plugin implements server-side search"/>
  <testcase name="the plugin implements server-side search and supports search by object name" time="0.017" classname="the plugin implements server-side search"/>
  <testcase name="the plugin defines a plan object type with the correct key" time="0.016" classname="the plugin"/>
  <testcase name="the plugin is creatable" time="0.015" classname="the plugin"/>
  <testcase name="the plugin the plan view provides a plan view" time="0.017" classname="the plugin the plan view"/>
  <testcase name="the plugin the plan view displays activities loads activities into the view" time="0.021" classname="the plugin the plan view displays activities"/>
  <testcase name="the plugin the plan view displays activities displays the group label" time="0.017" classname="the plugin the plan view displays activities"/>
  <testcase name="the plugin the plan view displays activities displays the activities and their labels" time="0.02" classname="the plugin the plan view displays activities"/>
  <testcase name="the plugin the plot views provides a plot view for objects with telemetry" time="0.01" classname="the plugin the plot views"/>
  <testcase name="the plugin the plot views does not provide a plot view if the telemetry is entirely non numeric" time="0.011" classname="the plugin the plot views"/>
  <testcase name="the plugin the plot views provides an overlay plot view for objects with telemetry" time="0.011" classname="the plugin the plot views"/>
  <testcase name="the plugin the plot views provides an inspector view for overlay plots" time="0.01" classname="the plugin the plot views"/>
  <testcase name="the plugin the plot views provides a stacked plot view for objects with telemetry" time="0.013" classname="the plugin the plot views"/>
  <testcase name="the plugin The single plot view Makes only one request for telemetry on load" time="0.079" classname="the plugin The single plot view"/>
  <testcase name="the plugin The single plot view Renders a collapsed legend for every telemetry" time="0.099" classname="the plugin The single plot view"/>
  <testcase name="the plugin The single plot view Renders an expanded legend for every telemetry" time="0.083" classname="the plugin The single plot view"/>
  <testcase name="the plugin The single plot view Renders X-axis ticks for the telemetry object" time="0.114" classname="the plugin The single plot view"/>
  <testcase name="the plugin The single plot view Renders Y-axis options for the telemetry object" time="0.119" classname="the plugin The single plot view"/>
  <testcase name="the plugin The single plot view hides the pause and play controls" time="0.087" classname="the plugin The single plot view"/>
  <testcase name="the plugin The single plot view pause and play controls shows the pause controls" time="0.039" classname="the plugin The single plot view pause and play controls"/>
  <testcase name="the plugin The single plot view pause and play controls shows the play control if plot is paused" time="0.123" classname="the plugin The single plot view pause and play controls"/>
  <testcase name="the plugin The single plot view resume actions on errant click clicking the plot view without movement resumes the plot while active" time="0.089" classname="the plugin The single plot view resume actions on errant click"/>
  <testcase name="the plugin The single plot view resume actions on errant click clicking the plot view without movement leaves the plot paused" time="0.102" classname="the plugin The single plot view resume actions on errant click"/>
  <testcase name="the plugin The single plot view controls in time strip view zoom controls are hidden" time="0.087" classname="the plugin The single plot view controls in time strip view"/>
  <testcase name="the plugin The single plot view controls in time strip view pan controls are hidden" time="0.106" classname="the plugin The single plot view controls in time strip view"/>
  <testcase name="the plugin The single plot view controls in time strip view pause/play controls are hidden" time="0.106" classname="the plugin The single plot view controls in time strip view"/>
  <testcase name="the plugin The stacked plot view Renders a collapsed legend for every telemetry" time="0.04" classname="the plugin The stacked plot view"/>
  <testcase name="the plugin The stacked plot view Renders an expanded legend for every telemetry" time="0.093" classname="the plugin The stacked plot view"/>
  <testcase name="the plugin The stacked plot view Renders X-axis ticks for the telemetry object" time="0.125" classname="the plugin The stacked plot view"/>
  <testcase name="the plugin The stacked plot view Renders Y-axis ticks for the telemetry object" time="0.087" classname="the plugin The stacked plot view"/>
  <testcase name="the plugin The stacked plot view Renders Y-axis options for the telemetry object" time="0.028" classname="the plugin The stacked plot view"/>
  <testcase name="the plugin The stacked plot view turns on cursor Guides all telemetry objects" time="0.05" classname="the plugin The stacked plot view"/>
  <testcase name="the plugin The stacked plot view shows grid lines for all telemetry objects" time="0.028" classname="the plugin The stacked plot view"/>
  <testcase name="the plugin The stacked plot view hides grid lines for all telemetry objects" time="0.028" classname="the plugin The stacked plot view"/>
  <testcase name="the plugin The stacked plot view plots a new series when a new telemetry object is added" time="0.064" classname="the plugin The stacked plot view"/>
  <testcase name="the plugin The stacked plot view removes plots from series when a telemetry object is removed" time="0.023" classname="the plugin The stacked plot view"/>
  <testcase name="the plugin The stacked plot view Changes the label of the y axis when the option changes" time="0.035" classname="the plugin The stacked plot view"/>
  <testcase name="the plugin The stacked plot view Renders a new series when added to one of the plots" time="0.059" classname="the plugin The stacked plot view"/>
  <testcase name="the plugin The stacked plot view Adds a new point to the plot" time="0.079" classname="the plugin The stacked plot view"/>
  <testcase name="the plugin The stacked plot view updates the xscale" time="0.067" classname="the plugin The stacked plot view"/>
  <testcase name="the plugin The stacked plot view updates the yscale" time="0.07" classname="the plugin The stacked plot view"/>
  <testcase name="the plugin The stacked plot view limits lines are not displayed by default" time="0.046" classname="the plugin The stacked plot view limits"/>
  <testcase name="the plugin The stacked plot view limits lines are displayed when configuration is set to true" time="0.071" classname="the plugin The stacked plot view limits"/>
  <testcase name="the plugin the inspector view in view only mode does not show the edit options" time="0.043" classname="the plugin the inspector view in view only mode"/>
  <testcase name="the plugin the inspector view in view only mode shows the name" time="0.016" classname="the plugin the inspector view in view only mode"/>
  <testcase name="the plugin the inspector view in view only mode shows in collapsed mode" time="0.053" classname="the plugin the inspector view in view only mode"/>
  <testcase name="the plugin the inspector view in view only mode shows in expanded mode" time="0.015" classname="the plugin the inspector view in view only mode"/>
  <testcase name="the plugin the inspector view in edit mode does not show the browse options" time="0.045" classname="the plugin the inspector view in edit mode"/>
  <testcase name="the plugin the inspector view in edit mode shows the name" time="0.058" classname="the plugin the inspector view in edit mode"/>
  <testcase name="the plugin the inspector view in edit mode shows in collapsed mode" time="0.056" classname="the plugin the inspector view in edit mode"/>
  <testcase name="the plugin the inspector view in edit mode shows in collapsed mode" time="0.045" classname="the plugin the inspector view in edit mode"/>
  <testcase name="the plugin the inspector view in edit mode renders expanded" time="0.046" classname="the plugin the inspector view in edit mode"/>
  <testcase name="the plugin the inspector view in edit mode shows yKeyOptions" time="0.066" classname="the plugin the inspector view in edit mode"/>
  <testcase name="the plugin the inspector view in edit mode shows yAxis options" time="0.066" classname="the plugin the inspector view in edit mode"/>
  <testcase name="the plugin the inspector view in edit mode renders color palette options" time="0.041" classname="the plugin the inspector view in edit mode"/>
  <testcase name="the RemoteClock plugin once installed is available and sets up initial values and listeners" time="0.045" classname="the RemoteClock plugin once installed"/>
  <testcase name="the RemoteClock plugin once installed will request/store the object based on the identifier passed in" time="0.011" classname="the RemoteClock plugin once installed"/>
  <testcase name="the RemoteClock plugin once installed will request metadata and set up formatters" time="0.009" classname="the RemoteClock plugin once installed"/>
  <testcase name="the RemoteClock plugin once installed will request the latest datum for the object it received and process the datum returned" time="0.026" classname="the RemoteClock plugin once installed"/>
  <testcase name="the RemoteClock plugin once installed will set up subscriptions correctly" time="0.014" classname="the RemoteClock plugin once installed"/>
  <testcase name="The Remove Action plugin should be defined" time="0.023" classname="The Remove Action plugin"/>
  <testcase name="The Remove Action plugin when removing an object from a parent composition removeFromComposition should be called with the parent and child" time="0.01" classname="The Remove Action plugin when removing an object from a parent composition"/>
  <testcase name="The Remove Action plugin when removing an object from a parent composition it should mutate the parent object" time="0.009" classname="The Remove Action plugin when removing an object from a parent composition"/>
  <testcase name="The Remove Action plugin when determining the object is applicable should be true when the parent is creatable and has composition" time="0.009" classname="The Remove Action plugin when determining the object is applicable"/>
  <testcase name="The Remove Action plugin when determining the object is applicable should be false when the child is locked" time="0.03" classname="The Remove Action plugin when determining the object is applicable"/>
  <testcase name="StaticModelProvider rootObject is located at top level" time="0" classname="StaticModelProvider rootObject"/>
  <testcase name="StaticModelProvider rootObject has new-format identifier" time="0.004" classname="StaticModelProvider rootObject"/>
  <testcase name="StaticModelProvider rootObject has new-format composition" time="0.001" classname="StaticModelProvider rootObject"/>
  <testcase name="StaticModelProvider childObjects match expected ordering" time="0.001" classname="StaticModelProvider childObjects"/>
  <testcase name="StaticModelProvider childObjects have new-style identifiers" time="0.001" classname="StaticModelProvider childObjects"/>
  <testcase name="StaticModelProvider childObjects have new-style composition" time="0" classname="StaticModelProvider childObjects"/>
  <testcase name="StaticModelProvider childObjects rewrites locations" time="0.002" classname="StaticModelProvider childObjects"/>
  <testcase name="StaticModelProvider childObjects rewrites matched identifiers in objects" time="0" classname="StaticModelProvider childObjects"/>
  <testcase name="EvaluatorPool returns new evaluators for different objects" time="0.001" classname="EvaluatorPool"/>
  <testcase name="EvaluatorPool returns the same evaluator for the same object" time="0.001" classname="EvaluatorPool"/>
  <testcase name="EvaluatorPool returns new evaluator when old is released" time="0.001" classname="EvaluatorPool"/>
  <testcase name="SummaryWidgetCondition can evaluate if a single object matches" time="0.001" classname="SummaryWidgetCondition"/>
  <testcase name="SummaryWidgetCondition can evaluate if a single object matches (alternate keys)" time="0" classname="SummaryWidgetCondition"/>
  <testcase name="SummaryWidgetCondition can evaluate &quot;if all objects match&quot;" time="0" classname="SummaryWidgetCondition"/>
  <testcase name="SummaryWidgetCondition can evaluate &quot;if any object matches&quot;" time="0.021" classname="SummaryWidgetCondition"/>
  <testcase name="SummaryWidgetRule allows single condition rules with any" time="0.001" classname="SummaryWidgetRule"/>
  <testcase name="SummaryWidgetRule allows single condition rules with all" time="0" classname="SummaryWidgetRule"/>
  <testcase name="SummaryWidgetRule can combine multiple conditions with all" time="0" classname="SummaryWidgetRule"/>
  <testcase name="SummaryWidgetRule can combine multiple conditions with any" time="0" classname="SummaryWidgetRule"/>
  <testcase name="SummaryWidgetTelemetryProvider supports subscription for summary widgets" time="0" classname="SummaryWidgetTelemetryProvider">
    <skipped/>
  </testcase>
  <testcase name="SummaryWidgetTelemetryProvider supports requests for summary widgets" time="0" classname="SummaryWidgetTelemetryProvider">
    <skipped/>
  </testcase>
  <testcase name="SummaryWidgetTelemetryProvider does not support other requests or subscriptions" time="0" classname="SummaryWidgetTelemetryProvider">
    <skipped/>
  </testcase>
  <testcase name="SummaryWidgetTelemetryProvider Returns no results for basic requests" time="0" classname="SummaryWidgetTelemetryProvider">
    <skipped/>
  </testcase>
  <testcase name="SummaryWidgetTelemetryProvider provides realtime telemetry" time="0" classname="SummaryWidgetTelemetryProvider">
    <skipped/>
  </testcase>
  <testcase name="SummaryWidgetTelemetryProvider providing lad telemetry returns default when no rule matches" time="0" classname="SummaryWidgetTelemetryProvider providing lad telemetry">
    <skipped/>
  </testcase>
  <testcase name="SummaryWidgetTelemetryProvider providing lad telemetry returns highest priority when multiple match" time="0" classname="SummaryWidgetTelemetryProvider providing lad telemetry">
    <skipped/>
  </testcase>
  <testcase name="SummaryWidgetTelemetryProvider providing lad telemetry returns matching rule" time="0" classname="SummaryWidgetTelemetryProvider providing lad telemetry">
    <skipped/>
  </testcase>
  <testcase name="A Summary Widget Rule Evaluator evaluates a condition when it has no configuration" time="0.001" classname="A Summary Widget Rule Evaluator"/>
  <testcase name="A Summary Widget Rule Evaluator correctly evaluates a set of conditions" time="0" classname="A Summary Widget Rule Evaluator"/>
  <testcase name="A Summary Widget Rule Evaluator correctly evaluates conditions involving &quot;any telemetry&quot;" time="0" classname="A Summary Widget Rule Evaluator"/>
  <testcase name="A Summary Widget Rule Evaluator correctly evaluates conditions involving &quot;all telemetry&quot;" time="0.002" classname="A Summary Widget Rule Evaluator"/>
  <testcase name="A Summary Widget Rule Evaluator handles malformed conditions gracefully" time="0.001" classname="A Summary Widget Rule Evaluator"/>
  <testcase name="A Summary Widget Rule Evaluator gets the keys for possible operations" time="0" classname="A Summary Widget Rule Evaluator"/>
  <testcase name="A Summary Widget Rule Evaluator gets output text for a given operation" time="0" classname="A Summary Widget Rule Evaluator"/>
  <testcase name="A Summary Widget Rule Evaluator correctly returns whether an operation applies to a given type" time="0.001" classname="A Summary Widget Rule Evaluator"/>
  <testcase name="A Summary Widget Rule Evaluator returns the HTML input type associated with a given data type" time="0" classname="A Summary Widget Rule Evaluator"/>
  <testcase name="A Summary Widget Rule Evaluator gets the number of inputs required for a given operation" time="0" classname="A Summary Widget Rule Evaluator"/>
  <testcase name="A Summary Widget Rule Evaluator gets a human-readable description of a condition" time="0" classname="A Summary Widget Rule Evaluator"/>
  <testcase name="A Summary Widget Rule Evaluator allows setting a substitute cache for testing purposes, and toggling its use" time="0" classname="A Summary Widget Rule Evaluator"/>
  <testcase name="A Summary Widget Rule Evaluator supports all required operations" time="0.001" classname="A Summary Widget Rule Evaluator"/>
  <testcase name="A Summary Widget Rule Evaluator can produce a description for all supported operations" time="0.002" classname="A Summary Widget Rule Evaluator"/>
  <testcase name="A Summary Widget Condition Manager loads the initial composition and invokes the appropriate handlers" time="0" classname="A Summary Widget Condition Manager">
    <skipped/>
  </testcase>
  <testcase name="A Summary Widget Condition Manager loads metadata from composition and gets it upon request" time="0" classname="A Summary Widget Condition Manager">
    <skipped/>
  </testcase>
  <testcase name="A Summary Widget Condition Manager maintains lists of global metadata, and does not duplicate repeated fields" time="0" classname="A Summary Widget Condition Manager">
    <skipped/>
  </testcase>
  <testcase name="A Summary Widget Condition Manager loads and gets telemetry property types" time="0" classname="A Summary Widget Condition Manager">
    <skipped/>
  </testcase>
  <testcase name="A Summary Widget Condition Manager responds to a composition add event and invokes the appropriate handlers" time="0" classname="A Summary Widget Condition Manager">
    <skipped/>
  </testcase>
  <testcase name="A Summary Widget Condition Manager responds to a composition remove event and invokes the appropriate handlers" time="0" classname="A Summary Widget Condition Manager">
    <skipped/>
  </testcase>
  <testcase name="A Summary Widget Condition Manager unregisters telemetry subscriptions and composition listeners on destroy" time="0" classname="A Summary Widget Condition Manager">
    <skipped/>
  </testcase>
  <testcase name="A Summary Widget Condition Manager populates its LAD cache with historial data on load, if available" time="0" classname="A Summary Widget Condition Manager">
    <skipped/>
  </testcase>
  <testcase name="A Summary Widget Condition Manager updates its LAD cache upon receiving telemetry and invokes the appropriate handlers" time="0" classname="A Summary Widget Condition Manager">
    <skipped/>
  </testcase>
  <testcase name="A Summary Widget Condition Manager evalutes a set of rules and returns the id of thelast active rule, or the first if no rules are active" time="0" classname="A Summary Widget Condition Manager">
    <skipped/>
  </testcase>
  <testcase name="A Summary Widget Condition Manager gets the human-readable name of a composition object" time="0" classname="A Summary Widget Condition Manager">
    <skipped/>
  </testcase>
  <testcase name="A Summary Widget Condition Manager gets the human-readable name of a telemetry field" time="0" classname="A Summary Widget Condition Manager">
    <skipped/>
  </testcase>
  <testcase name="A Summary Widget Condition Manager gets its associated ConditionEvaluator" time="0" classname="A Summary Widget Condition Manager">
    <skipped/>
  </testcase>
  <testcase name="A Summary Widget Condition Manager allows forcing a receive telemetry event" time="0" classname="A Summary Widget Condition Manager">
    <skipped/>
  </testcase>
  <testcase name="A summary widget condition exposes a DOM element to represent itself in the view" time="0" classname="A summary widget condition">
    <skipped/>
  </testcase>
  <testcase name="A summary widget condition responds to a change in its object select" time="0" classname="A summary widget condition">
    <skipped/>
  </testcase>
  <testcase name="A summary widget condition responds to a change in its key select" time="0" classname="A summary widget condition">
    <skipped/>
  </testcase>
  <testcase name="A summary widget condition responds to a change in its operation select" time="0" classname="A summary widget condition">
    <skipped/>
  </testcase>
  <testcase name="A summary widget condition generates value inputs of the appropriate type and quantity" time="0" classname="A summary widget condition">
    <skipped/>
  </testcase>
  <testcase name="A summary widget condition ensures reasonable defaults on values if none are provided" time="0" classname="A summary widget condition">
    <skipped/>
  </testcase>
  <testcase name="A summary widget condition responds to a change in its value inputs" time="0" classname="A summary widget condition">
    <skipped/>
  </testcase>
  <testcase name="A summary widget condition can remove itself from the configuration" time="0" classname="A summary widget condition">
    <skipped/>
  </testcase>
  <testcase name="A summary widget condition can duplicate itself" time="0" classname="A summary widget condition">
    <skipped/>
  </testcase>
  <testcase name="A Summary Widget Rule closes its configuration panel on initial load" time="0.022" classname="A Summary Widget Rule"/>
  <testcase name="A Summary Widget Rule gets its DOM element" time="0.017" classname="A Summary Widget Rule"/>
  <testcase name="A Summary Widget Rule gets its configuration properties" time="0.014" classname="A Summary Widget Rule"/>
  <testcase name="A Summary Widget Rule can duplicate itself" time="0.018" classname="A Summary Widget Rule"/>
  <testcase name="A Summary Widget Rule can remove itself from the configuration" time="0.015" classname="A Summary Widget Rule"/>
  <testcase name="A Summary Widget Rule updates its configuration on a condition change and invokes callbacks" time="0.012" classname="A Summary Widget Rule"/>
  <testcase name="A Summary Widget Rule allows initializing a new condition with a default configuration" time="0.014" classname="A Summary Widget Rule"/>
  <testcase name="A Summary Widget Rule allows initializing a new condition from a given configuration" time="0.017" classname="A Summary Widget Rule"/>
  <testcase name="A Summary Widget Rule invokes mutate when updating the domain object" time="0.013" classname="A Summary Widget Rule"/>
  <testcase name="A Summary Widget Rule builds condition view from condition configuration" time="0.012" classname="A Summary Widget Rule"/>
  <testcase name="A Summary Widget Rule responds to input of style properties, and updates the preview" time="0.013" classname="A Summary Widget Rule"/>
  <testcase name="A Summary Widget Rule responds to input for the icon property" time="0.015" classname="A Summary Widget Rule"/>
  <testcase name="A Summary Widget Rule allows input for when the rule triggers" time="0.013" classname="A Summary Widget Rule"/>
  <testcase name="A Summary Widget Rule generates a human-readable description from its conditions" time="0.014" classname="A Summary Widget Rule"/>
  <testcase name="A Summary Widget Rule initiates a drag event when its grippy is clicked" time="0.015" classname="A Summary Widget Rule"/>
  <testcase name="A Summary Widget Rule can remove a condition from its configuration" time="0.015" classname="A Summary Widget Rule"/>
  <testcase name="The Summary Widget queries with legacyId" time="0" classname="The Summary Widget">
    <skipped/>
  </testcase>
  <testcase name="The Summary Widget adds its DOM element to the view" time="0" classname="The Summary Widget">
    <skipped/>
  </testcase>
  <testcase name="The Summary Widget initialzes a default rule" time="0" classname="The Summary Widget">
    <skipped/>
  </testcase>
  <testcase name="The Summary Widget builds rules and rule placeholders in view from configuration" time="0" classname="The Summary Widget">
    <skipped/>
  </testcase>
  <testcase name="The Summary Widget allows initializing a new rule with a particular identifier" time="0" classname="The Summary Widget">
    <skipped/>
  </testcase>
  <testcase name="The Summary Widget allows adding a new rule with a unique identifier to the configuration and view" time="0" classname="The Summary Widget">
    <skipped/>
  </testcase>
  <testcase name="The Summary Widget allows duplicating a rule from source configuration" time="0" classname="The Summary Widget">
    <skipped/>
  </testcase>
  <testcase name="The Summary Widget does not duplicate an existing rule in the configuration" time="0" classname="The Summary Widget">
    <skipped/>
  </testcase>
  <testcase name="The Summary Widget uses mutate when updating the domain object only when in edit mode" time="0" classname="The Summary Widget">
    <skipped/>
  </testcase>
  <testcase name="The Summary Widget shows configuration interfaces when in edit mode, and hides them otherwise" time="0" classname="The Summary Widget">
    <skipped/>
  </testcase>
  <testcase name="The Summary Widget unregisters any registered listeners on a destroy" time="0" classname="The Summary Widget">
    <skipped/>
  </testcase>
  <testcase name="The Summary Widget allows reorders of rules" time="0" classname="The Summary Widget">
    <skipped/>
  </testcase>
  <testcase name="The Summary Widget adds hyperlink to the widget button and sets newTab preference" time="0" classname="The Summary Widget">
    <skipped/>
  </testcase>
  <testcase name="SummaryWidgetViewPolicy returns true for other object types" time="0.001" classname="SummaryWidgetViewPolicy"/>
  <testcase name="SummaryWidgetViewPolicy allows summary widget view for summary widgets" time="0" classname="SummaryWidgetViewPolicy"/>
  <testcase name="SummaryWidgetViewPolicy disallows other views for summary widgets" time="0.001" classname="SummaryWidgetViewPolicy"/>
  <testcase name="A summary widget test data item exposes a DOM element to represent itself in the view" time="0.001" classname="A summary widget test data item"/>
  <testcase name="A summary widget test data item responds to a change in its object select" time="0.001" classname="A summary widget test data item"/>
  <testcase name="A summary widget test data item responds to a change in its key select" time="0.001" classname="A summary widget test data item"/>
  <testcase name="A summary widget test data item generates a value input of the appropriate type" time="0.002" classname="A summary widget test data item"/>
  <testcase name="A summary widget test data item ensures reasonable defaults on values if none are provided" time="0.001" classname="A summary widget test data item"/>
  <testcase name="A summary widget test data item responds to a change in its value inputs" time="0.001" classname="A summary widget test data item"/>
  <testcase name="A summary widget test data item can remove itself from the configuration" time="0.001" classname="A summary widget test data item"/>
  <testcase name="A summary widget test data item can duplicate itself" time="0.001" classname="A summary widget test data item"/>
  <testcase name="A Summary Widget Rule closes its configuration panel on initial load" time="0.002" classname="A Summary Widget Rule"/>
  <testcase name="A Summary Widget Rule exposes a DOM element to represent itself in the view" time="0.002" classname="A Summary Widget Rule"/>
  <testcase name="A Summary Widget Rule generates a test cache in the format expected by a condition evaluator" time="0.002" classname="A Summary Widget Rule"/>
  <testcase name="A Summary Widget Rule updates its configuration on a item change and provides an updatedcache to the evaluator" time="0.002" classname="A Summary Widget Rule"/>
  <testcase name="A Summary Widget Rule allows initializing a new item with a default configuration" time="0.004" classname="A Summary Widget Rule"/>
  <testcase name="A Summary Widget Rule allows initializing a new item from a given configuration" time="0.004" classname="A Summary Widget Rule"/>
  <testcase name="A Summary Widget Rule invokes mutate when updating the domain object" time="0.002" classname="A Summary Widget Rule"/>
  <testcase name="A Summary Widget Rule builds item view from item configuration" time="0.002" classname="A Summary Widget Rule"/>
  <testcase name="A Summary Widget Rule can remove a item from its configuration" time="0.003" classname="A Summary Widget Rule"/>
  <testcase name="A Summary Widget Rule exposes a UI element to toggle test data on and off" time="0.003" classname="A Summary Widget Rule"/>
  <testcase name="An Open MCT color palette allows defining a custom color set" time="0.001" classname="An Open MCT color palette"/>
  <testcase name="An Open MCT color palette loads with a default color set if one is not provided" time="0.004" classname="An Open MCT color palette"/>
  <testcase name="An Open MCT icon palette allows defining a custom icon set" time="0.001" classname="An Open MCT icon palette"/>
  <testcase name="An Open MCT icon palette loads with a default icon set if one is not provided" time="0.001" classname="An Open MCT icon palette"/>
  <testcase name="A select for choosing composition object properties waits until the metadata fully loads to populate itself" time="0.001" classname="A select for choosing composition object properties"/>
  <testcase name="A select for choosing composition object properties populates itself with metadata on a metadata load" time="0.001" classname="A select for choosing composition object properties"/>
  <testcase name="A select for choosing composition object properties populates itself with metadata if metadata load is already complete" time="0.002" classname="A select for choosing composition object properties"/>
  <testcase name="A select for choosing composition object properties clears its selection state if the property in its config is not in its object" time="0" classname="A select for choosing composition object properties"/>
  <testcase name="A select for choosing composition object properties populates with the appropriate options when its linked object changes" time="0" classname="A select for choosing composition object properties"/>
  <testcase name="A select for choosing composition object properties clears its selected state on change if the field is not present in the new object" time="0.001" classname="A select for choosing composition object properties"/>
  <testcase name="A select for choosing composition object properties maintains its selected state on change if field is present in new object" time="0.001" classname="A select for choosing composition object properties"/>
  <testcase name="A select for choosing composition objects allows setting special keyword options" time="0.001" classname="A select for choosing composition objects"/>
  <testcase name="A select for choosing composition objects waits until the composition fully loads to populate itself" time="0.001" classname="A select for choosing composition objects"/>
  <testcase name="A select for choosing composition objects populates itself with composition objects on a composition load" time="0" classname="A select for choosing composition objects"/>
  <testcase name="A select for choosing composition objects populates itself with composition objects if load is already complete" time="0" classname="A select for choosing composition objects"/>
  <testcase name="A select for choosing composition objects clears its selection state if the object in its config is not in the composition" time="0.002" classname="A select for choosing composition objects"/>
  <testcase name="A select for choosing composition objects adds a new option on a composition add" time="0.001" classname="A select for choosing composition objects"/>
  <testcase name="A select for choosing composition objects removes an option on a composition remove" time="0" classname="A select for choosing composition objects"/>
  <testcase name="A select for choosing composition object properties waits until the metadata fully loads to populate itself" time="0.001" classname="A select for choosing composition object properties"/>
  <testcase name="A select for choosing composition object properties populates itself with operations on a metadata load" time="0.001" classname="A select for choosing composition object properties"/>
  <testcase name="A select for choosing composition object properties populates itself with operations if metadata load is already complete" time="0" classname="A select for choosing composition object properties"/>
  <testcase name="A select for choosing composition object properties clears its selection state if the operation in its config does not apply" time="0.001" classname="A select for choosing composition object properties"/>
  <testcase name="A select for choosing composition object properties populates with the appropriate options when its linked key changes" time="0.001" classname="A select for choosing composition object properties"/>
  <testcase name="A select for choosing composition object properties clears its selection on a change if the operation does not apply" time="0.001" classname="A select for choosing composition object properties"/>
  <testcase name="A select for choosing composition object properties maintains its selected state on change if the operation does apply" time="0.001" classname="A select for choosing composition object properties"/>
  <testcase name="A generic Open MCT palette input gets the current item" time="0" classname="A generic Open MCT palette input"/>
  <testcase name="A generic Open MCT palette input allows setting the current item" time="0" classname="A generic Open MCT palette input"/>
  <testcase name="A generic Open MCT palette input allows registering change callbacks, and errors when an unsupported event is registered" time="0.001" classname="A generic Open MCT palette input"/>
  <testcase name="A generic Open MCT palette input injects its callbacks with the new selected item on change" time="0.001" classname="A generic Open MCT palette input"/>
  <testcase name="A generic Open MCT palette input gracefully handles being set to an item not included in its set" time="0" classname="A generic Open MCT palette input"/>
  <testcase name="A select wrapper gets and sets the current item" time="0" classname="A select wrapper"/>
  <testcase name="A select wrapper allows adding a single new option" time="0.001" classname="A select wrapper"/>
  <testcase name="A select wrapper allows populating with a new set of options" time="0.002" classname="A select wrapper"/>
  <testcase name="A select wrapper allows registering change callbacks, and errors when an unsupported event is registered" time="0" classname="A select wrapper"/>
  <testcase name="A select wrapper injects its callbacks with its property and value on a change" time="0.001" classname="A select wrapper"/>
  <testcase name="A select wrapper gracefully handles being set to an item not included in its set" time="0.001" classname="A select wrapper"/>
  <testcase name="the plugin defines a tabs object type with the correct key" time="0.032" classname="the plugin"/>
  <testcase name="the plugin is creatable" time="0.01" classname="the plugin"/>
  <testcase name="the plugin the view provides a view" time="0.012" classname="the plugin the view"/>
  <testcase name="the plugin the view renders tab element" time="0.011" classname="the plugin the view"/>
  <testcase name="the plugin the view renders empty tab element with msg" time="0.011" classname="the plugin the view"/>
  <testcase name="the plugin the view renders a tab for each item" time="0.016" classname="the plugin the view"/>
  <testcase name="The Mean Telemetry Provider supports telemetry-mean objects only" time="0" classname="The Mean Telemetry Provider"/>
  <testcase name="The Mean Telemetry Provider the subscribe function subscribes to telemetry for the associated object" time="0" classname="The Mean Telemetry Provider the subscribe function"/>
  <testcase name="The Mean Telemetry Provider the subscribe function returns a function that unsubscribes from the associated object" time="0" classname="The Mean Telemetry Provider the subscribe function"/>
  <testcase name="The Mean Telemetry Provider the subscribe function returns an average only when the sample size is reached" time="0.001" classname="The Mean Telemetry Provider the subscribe function"/>
  <testcase name="The Mean Telemetry Provider the subscribe function correctly averages a sample of five values" time="0" classname="The Mean Telemetry Provider the subscribe function"/>
  <testcase name="The Mean Telemetry Provider the subscribe function correctly averages a sample of ten values" time="0.001" classname="The Mean Telemetry Provider the subscribe function"/>
  <testcase name="The Mean Telemetry Provider the subscribe function only averages values within its sample window" time="0.001" classname="The Mean Telemetry Provider the subscribe function"/>
  <testcase name="The Mean Telemetry Provider the subscribe function given telemetry input with range values uses the 'rangeKey' input range, when it is the default, to calculate the average" time="0.001" classname="The Mean Telemetry Provider the subscribe function given telemetry input with range values"/>
  <testcase name="The Mean Telemetry Provider the subscribe function given telemetry input with range values uses the 'otherKey' input range, when it is the default, to calculate the average" time="0.001" classname="The Mean Telemetry Provider the subscribe function given telemetry input with range values"/>
  <testcase name="The Mean Telemetry Provider the subscribe function given telemetry input with range values uses the 'rangeKey' input range, when it is the default, to calculate the average" time="0.001" classname="The Mean Telemetry Provider the subscribe function given telemetry input with range values"/>
  <testcase name="The Mean Telemetry Provider the subscribe function given telemetry input with range values uses the 'otherKey' input range, when it is the default, to calculate the average" time="0" classname="The Mean Telemetry Provider the subscribe function given telemetry input with range values"/>
  <testcase name="The Mean Telemetry Provider the request function requests telemetry for the associated object" time="0" classname="The Mean Telemetry Provider the request function"/>
  <testcase name="The Mean Telemetry Provider the request function returns an average only when the sample size is reached" time="0.001" classname="The Mean Telemetry Provider the request function"/>
  <testcase name="The Mean Telemetry Provider the request function correctly averages a sample of five values" time="0" classname="The Mean Telemetry Provider the request function"/>
  <testcase name="The Mean Telemetry Provider the request function correctly averages a sample of ten values" time="0.001" classname="The Mean Telemetry Provider the request function"/>
  <testcase name="The Mean Telemetry Provider the request function only averages values within its sample window" time="0" classname="The Mean Telemetry Provider the request function"/>
  <testcase name="the plugin defines a table object that is creatable" time="0.01" classname="the plugin defines a table object"/>
  <testcase name="the plugin provides a table view for objects with telemetry" time="0.012" classname="the plugin"/>
  <testcase name="the plugin The table view Shows no progress bar initially" time="0.034" classname="the plugin The table view"/>
  <testcase name="the plugin The table view Shows a progress bar while making requests" time="0.023" classname="the plugin The table view"/>
  <testcase name="the plugin The table view Renders a row for every telemetry datum returned" time="0.022" classname="the plugin The table view"/>
  <testcase name="the plugin The table view Renders a column for every item in telemetry metadata" time="0.023" classname="the plugin The table view"/>
  <testcase name="the plugin The table view Supports column reordering via drag and drop" time="0.027" classname="the plugin The table view"/>
  <testcase name="the plugin The table view Supports filtering telemetry by regular text search" time="0.025" classname="the plugin The table view"/>
  <testcase name="the plugin The table view Supports filtering using Regex" time="0.059" classname="the plugin The table view"/>
  <testcase name="the plugin The table view displays the correct number of column headers when the configuration is mutated" time="0.103" classname="the plugin The table view"/>
  <testcase name="the plugin The table view displays the correct number of table cells in a row when the configuration is mutated" time="0.06" classname="the plugin The table view"/>
  <testcase name="time conductor shows delta inputs in fixed mode" time="0.053" classname="time conductor"/>
  <testcase name="time conductor shows delta inputs in realtime mode shows clock options" time="0.07" classname="time conductor shows delta inputs in realtime mode"/>
  <testcase name="duration functions should transform milliseconds to DHMS" time="0" classname="duration functions"/>
  <testcase name="duration functions should get precise duration" time="0" classname="duration functions"/>
  <testcase name="the plugin defines a time-strip object type with the correct key" time="0.028" classname="the plugin"/>
  <testcase name="the plugin the time-strip object is creatable" time="0.029" classname="the plugin the time-strip object"/>
  <testcase name="the plugin the view provides a view" time="0.012" classname="the plugin the view"/>
  <testcase name="the plugin the view displays a time axis" time="0.029" classname="the plugin the view"/>
  <testcase name="the plugin the view does not show the independent time conductor based on configuration" time="0.013" classname="the plugin the view"/>
  <testcase name="the plugin the independent time conductor displays an independent time conductor with saved options - local clock" time="0.011" classname="the plugin the independent time conductor"/>
  <testcase name="the plugin the independent time conductor displays an independent time conductor with saved options - fixed timespan" time="0.01" classname="the plugin the independent time conductor"/>
  <testcase name="The UTC Time System plugin is installed" time="0.001" classname="The UTC Time System plugin"/>
  <testcase name="The UTC Time System plugin can be set to be the main time system" time="0.001" classname="The UTC Time System plugin"/>
  <testcase name="The UTC Time System plugin uses the utc time format" time="0.001" classname="The UTC Time System plugin"/>
  <testcase name="The UTC Time System plugin is UTC based" time="0" classname="The UTC Time System plugin"/>
  <testcase name="The UTC Time System plugin defines expected metadata" time="0.001" classname="The UTC Time System plugin"/>
  <testcase name="The UTC Time System LocalClock class calls listeners on tick with current time" time="0.001" classname="The UTC Time System LocalClock class"/>
  <testcase name="the plugin installs the view datum action" time="0.01" classname="the plugin"/>
  <testcase name="the plugin when invoked uses an overlay to show user datum values" time="0.013" classname="the plugin when invoked"/>
  <testcase name="the inspector displays default details for selection" time="0.024" classname="the inspector"/>
  <testcase name="the inspector details show modified date" time="0.019" classname="the inspector"/>
  <testcase name="the inspector displays custom details if provided through context" time="0.019" classname="the inspector"/>
  <testcase name="the inspector should allow a style to be saved" time="0.014" classname="the inspector"/>
  <testcase name="the inspector should display all saved styles" time="0.052" classname="the inspector"/>
  <testcase name="the inspector should allow a saved style to be applied" time="0" classname="the inspector">
    <skipped/>
  </testcase>
  <testcase name="the inspector should allow a saved style to be deleted" time="0.044" classname="the inspector"/>
  <testcase name="the inspector should prevent a style from being saved when the number of saved styles is at the limit" time="0.089" classname="the inspector"/>
  <testcase name="the inspector should allow styles from multi-selections to be saved" time="0.106" classname="the inspector"/>
  <testcase name="the inspector should prevent mixed styles from being saved" time="0.057" classname="the inspector"/>
  <testcase name="the inspector should prevent non-specific styles from being saved" time="0.056" classname="the inspector"/>
  <testcase name="Open MCT Layout: the pane: is displayed on layout load" time="0.054" classname="Open MCT Layout: the pane:"/>
  <testcase name="Open MCT Layout: the pane: is collapsed on layout load if specified by a hide param" time="0.019" classname="Open MCT Layout: the pane:"/>
  <testcase name="Open MCT Layout: the pane: on toggle collapses if expanded" time="0.018" classname="Open MCT Layout: the pane:"/>
  <testcase name="Open MCT Layout: the pane: on toggle expands if collapsed" time="0.016" classname="Open MCT Layout: the pane:"/>
  <testcase name="Application router utility functions has initial hash when loaded" time="0.08" classname="Application router utility functions"/>
  <testcase name="Application router utility functions The setSearchParam function sets an individual search parameter in the window location hash" time="0.13" classname="Application router utility functions"/>
  <testcase name="Application router utility functions The deleteSearchParam function deletes an individual search paramater in the window location hash" time="0.143" classname="Application router utility functions"/>
  <testcase name="Application router utility functions The setSearchParam function sets a multiple individual search parameters in the window location hash" time="0.19" classname="Application router utility functions"/>
  <testcase name="Application router utility functions The setAllSearchParams function replaces all search paramaters in the window location hash" time="0.099" classname="Application router utility functions"/>
  <testcase name="The Agent recognizes desktop devices as non-mobile" time="0" classname="The Agent"/>
  <testcase name="The Agent detects iPhones" time="0" classname="The Agent"/>
  <testcase name="The Agent detects iPads" time="0" classname="The Agent"/>
  <testcase name="The Agent detects display orientation" time="0" classname="The Agent"/>
  <testcase name="The Agent detects touch support" time="0.001" classname="The Agent"/>
  <testcase name="The Agent allows for checking browser type" time="0" classname="The Agent"/>
  <system-out>
    <![CDATA[Chrome Headless 95.0.4638.54 (Mac OS 10.15.7) INFO: 'Download the Vue Devtools extension for a better development experience:
https://github.com/vuejs/vue-devtools'
,Chrome Headless 95.0.4638.54 (Mac OS 10.15.7) INFO: 'You are running Vue in development mode.
Make sure to turn on production mode when deploying for production.
See more tips at https://vuejs.org/guide/deployment.html'
,Chrome Headless 95.0.4638.54 (Mac OS 10.15.7) DEBUG: 'Unable to navigate to anything. No root objects found.'
,Chrome Headless 95.0.4638.54 (Mac OS 10.15.7) DEBUG: 'Unable to navigate to anything. No root objects found.'
,Chrome Headless 95.0.4638.54 (Mac OS 10.15.7) DEBUG: 'Unable to navigate to anything. No root objects found.'
,Chrome Headless 95.0.4638.54 (Mac OS 10.15.7) WARN: 'Provider already defined for key '%s'. Provider keys must be unique.', 'bar-graph.view'
,Chrome Headless 95.0.4638.54 (Mac OS 10.15.7) WARN: 'Provider already defined for key '%s'. Provider keys must be unique.', 'telemetry.plot.bar-graph.inspector'
,Chrome Headless 95.0.4638.54 (Mac OS 10.15.7) WARN: 'Provider already defined for key '%s'. Provider keys must be unique.', 'bar-graph.view'
,Chrome Headless 95.0.4638.54 (Mac OS 10.15.7) WARN: 'Provider already defined for key '%s'. Provider keys must be unique.', 'telemetry.plot.bar-graph.inspector'
,Chrome Headless 95.0.4638.54 (Mac OS 10.15.7) WARN: 'Provider already defined for key '%s'. Provider keys must be unique.', 'bar-graph.view'
,Chrome Headless 95.0.4638.54 (Mac OS 10.15.7) WARN: 'Provider already defined for key '%s'. Provider keys must be unique.', 'telemetry.plot.bar-graph.inspector'
,Chrome Headless 95.0.4638.54 (Mac OS 10.15.7) WARN: 'Provider already defined for key '%s'. Provider keys must be unique.', 'bar-graph.view'
,Chrome Headless 95.0.4638.54 (Mac OS 10.15.7) WARN: 'Provider already defined for key '%s'. Provider keys must be unique.', 'telemetry.plot.bar-graph.inspector'
,Chrome Headless 95.0.4638.54 (Mac OS 10.15.7) WARN: 'Provider already defined for key '%s'. Provider keys must be unique.', 'bar-graph.view'
,Chrome Headless 95.0.4638.54 (Mac OS 10.15.7) WARN: 'Provider already defined for key '%s'. Provider keys must be unique.', 'telemetry.plot.bar-graph.inspector'
,Chrome Headless 95.0.4638.54 (Mac OS 10.15.7) WARN: 'Provider already defined for key '%s'. Provider keys must be unique.', 'bar-graph.view'
,Chrome Headless 95.0.4638.54 (Mac OS 10.15.7) WARN: 'Provider already defined for key '%s'. Provider keys must be unique.', 'telemetry.plot.bar-graph.inspector'
,Chrome Headless 95.0.4638.54 (Mac OS 10.15.7) WARN: 'Provider already defined for key '%s'. Provider keys must be unique.', 'bar-graph.view'
,Chrome Headless 95.0.4638.54 (Mac OS 10.15.7) WARN: 'Provider already defined for key '%s'. Provider keys must be unique.', 'telemetry.plot.bar-graph.inspector'
,Chrome Headless 95.0.4638.54 (Mac OS 10.15.7) WARN: 'Provider already defined for key '%s'. Provider keys must be unique.', 'bar-graph.view'
,Chrome Headless 95.0.4638.54 (Mac OS 10.15.7) WARN: 'Provider already defined for key '%s'. Provider keys must be unique.', 'telemetry.plot.bar-graph.inspector'
,Chrome Headless 95.0.4638.54 (Mac OS 10.15.7) WARN: 'Provider already defined for key '%s'. Provider keys must be unique.', 'bar-graph.view'
,Chrome Headless 95.0.4638.54 (Mac OS 10.15.7) WARN: 'Provider already defined for key '%s'. Provider keys must be unique.', 'telemetry.plot.bar-graph.inspector'
,Chrome Headless 95.0.4638.54 (Mac OS 10.15.7) DEBUG: 'Unable to navigate to anything. No root objects found.'
,Chrome Headless 95.0.4638.54 (Mac OS 10.15.7) DEBUG: 'Unable to navigate to anything. No root objects found.'
,Chrome Headless 95.0.4638.54 (Mac OS 10.15.7) DEBUG: 'Unable to navigate to anything. No root objects found.'
,Chrome Headless 95.0.4638.54 (Mac OS 10.15.7) DEBUG: 'Unable to navigate to anything. No root objects found.'
,Chrome Headless 95.0.4638.54 (Mac OS 10.15.7) DEBUG: 'Unable to navigate to anything. No root objects found.'
,Chrome Headless 95.0.4638.54 (Mac OS 10.15.7) DEBUG: 'Unable to navigate to anything. No root objects found.'
,Chrome Headless 95.0.4638.54 (Mac OS 10.15.7) DEBUG: 'Unable to navigate to anything. No root objects found.'
,Chrome Headless 95.0.4638.54 (Mac OS 10.15.7) DEBUG: 'Unable to navigate to anything. No root objects found.'
,Chrome Headless 95.0.4638.54 (Mac OS 10.15.7) DEBUG: 'Unable to navigate to anything. No root objects found.'
,Chrome Headless 95.0.4638.54 (Mac OS 10.15.7) DEBUG: 'Unable to navigate to anything. No root objects found.'
,Chrome Headless 95.0.4638.54 (Mac OS 10.15.7) DEBUG: 'Unable to navigate to anything. No root objects found.'
,Chrome Headless 95.0.4638.54 (Mac OS 10.15.7) DEBUG: 'Unable to navigate to anything. No root objects found.'
,Chrome Headless 95.0.4638.54 (Mac OS 10.15.7) DEBUG: 'Unable to navigate to anything. No root objects found.'
,Chrome Headless 95.0.4638.54 (Mac OS 10.15.7) DEBUG: 'Unable to navigate to anything. No root objects found.'
,Chrome Headless 95.0.4638.54 (Mac OS 10.15.7) DEBUG: 'Unable to navigate to anything. No root objects found.'
,Chrome Headless 95.0.4638.54 (Mac OS 10.15.7) DEBUG: 'Unable to navigate to anything. No root objects found.'
,Chrome Headless 95.0.4638.54 (Mac OS 10.15.7) DEBUG: 'Unable to navigate to anything. No root objects found.'
,Chrome Headless 95.0.4638.54 (Mac OS 10.15.7) DEBUG: 'Unable to navigate to anything. No root objects found.'
,Chrome Headless 95.0.4638.54 (Mac OS 10.15.7) DEBUG: 'Unable to navigate to anything. No root objects found.'
,Chrome Headless 95.0.4638.54 (Mac OS 10.15.7) DEBUG: 'Unable to navigate to anything. No root objects found.'
,Chrome Headless 95.0.4638.54 (Mac OS 10.15.7) DEBUG: 'Unable to navigate to anything. No root objects found.'
,Chrome Headless 95.0.4638.54 (Mac OS 10.15.7) DEBUG: 'Unable to navigate to anything. No root objects found.'
,Chrome Headless 95.0.4638.54 (Mac OS 10.15.7) DEBUG: 'Unable to navigate to anything. No root objects found.'
,Chrome Headless 95.0.4638.54 (Mac OS 10.15.7) DEBUG: 'Unable to navigate to anything. No root objects found.'
,Chrome Headless 95.0.4638.54 (Mac OS 10.15.7) DEBUG: 'Unable to navigate to anything. No root objects found.'
,Chrome Headless 95.0.4638.54 (Mac OS 10.15.7) DEBUG: 'Unable to navigate to anything. No root objects found.'
,Chrome Headless 95.0.4638.54 (Mac OS 10.15.7) DEBUG: 'Unable to navigate to anything. No root objects found.'
,Chrome Headless 95.0.4638.54 (Mac OS 10.15.7) DEBUG: 'Unable to navigate to anything. No root objects found.'
,Chrome Headless 95.0.4638.54 (Mac OS 10.15.7) DEBUG: 'Unable to navigate to anything. No root objects found.'
,Chrome Headless 95.0.4638.54 (Mac OS 10.15.7) DEBUG: 'Unable to navigate to anything. No root objects found.'
,Chrome Headless 95.0.4638.54 (Mac OS 10.15.7) DEBUG: 'Unable to navigate to anything. No root objects found.'
,Chrome Headless 95.0.4638.54 (Mac OS 10.15.7) DEBUG: 'Unable to navigate to anything. No root objects found.'
,Chrome Headless 95.0.4638.54 (Mac OS 10.15.7) DEBUG: 'Unable to navigate to anything. No root objects found.'
,Chrome Headless 95.0.4638.54 (Mac OS 10.15.7) DEBUG: 'Unable to navigate to anything. No root objects found.'
,Chrome Headless 95.0.4638.54 (Mac OS 10.15.7) DEBUG: 'Unable to navigate to anything. No root objects found.'
,Chrome Headless 95.0.4638.54 (Mac OS 10.15.7) DEBUG: 'Unable to navigate to anything. No root objects found.'
,Chrome Headless 95.0.4638.54 (Mac OS 10.15.7) DEBUG: 'Unable to navigate to anything. No root objects found.'
,Chrome Headless 95.0.4638.54 (Mac OS 10.15.7) DEBUG: 'Unable to navigate to anything. No root objects found.'
,Chrome Headless 95.0.4638.54 (Mac OS 10.15.7) DEBUG: 'Unable to navigate to anything. No root objects found.'
,Chrome Headless 95.0.4638.54 (Mac OS 10.15.7) DEBUG: 'Unable to navigate to anything. No root objects found.'
,Chrome Headless 95.0.4638.54 (Mac OS 10.15.7) DEBUG: 'Unable to navigate to anything. No root objects found.'
,Chrome Headless 95.0.4638.54 (Mac OS 10.15.7) DEBUG: 'Unable to navigate to anything. No root objects found.'
,Chrome Headless 95.0.4638.54 (Mac OS 10.15.7) DEBUG: 'Unable to navigate to anything. No root objects found.'
,Chrome Headless 95.0.4638.54 (Mac OS 10.15.7) DEBUG: 'Unable to navigate to anything. No root objects found.'
,Chrome Headless 95.0.4638.54 (Mac OS 10.15.7) DEBUG: 'Unable to navigate to anything. No root objects found.'
,Chrome Headless 95.0.4638.54 (Mac OS 10.15.7) WARN: 'Provider already defined for key '%s'. Provider keys must be unique.', 'conditionSet.view'
,Chrome Headless 95.0.4638.54 (Mac OS 10.15.7) DEBUG: 'Unable to navigate to anything. No root objects found.'
,Chrome Headless 95.0.4638.54 (Mac OS 10.15.7) DEBUG: 'Unable to navigate to anything. No root objects found.'
,Chrome Headless 95.0.4638.54 (Mac OS 10.15.7) DEBUG: 'Unable to navigate to anything. No root objects found.'
,Chrome Headless 95.0.4638.54 (Mac OS 10.15.7) DEBUG: 'Unable to navigate to anything. No root objects found.'
,Chrome Headless 95.0.4638.54 (Mac OS 10.15.7) DEBUG: 'Unable to navigate to anything. No root objects found.'
,Chrome Headless 95.0.4638.54 (Mac OS 10.15.7) WARN: 'Provider already defined for key '%s'. Provider keys must be unique.', 'conditionSet.view'
,Chrome Headless 95.0.4638.54 (Mac OS 10.15.7) DEBUG: 'Unable to navigate to anything. No root objects found.'
,Chrome Headless 95.0.4638.54 (Mac OS 10.15.7) DEBUG: 'Unable to navigate to anything. No root objects found.'
,Chrome Headless 95.0.4638.54 (Mac OS 10.15.7) DEBUG: 'Unable to navigate to anything. No root objects found.'
,Chrome Headless 95.0.4638.54 (Mac OS 10.15.7) DEBUG: 'Unable to navigate to anything. No root objects found.'
,Chrome Headless 95.0.4638.54 (Mac OS 10.15.7) DEBUG: 'Unable to navigate to anything. No root objects found.'
,Chrome Headless 95.0.4638.54 (Mac OS 10.15.7) WARN: 'Provider already defined for key '%s'. Provider keys must be unique.', 'conditionSet.view'
,Chrome Headless 95.0.4638.54 (Mac OS 10.15.7) WARN: 'Provider already defined for key '%s'. Provider keys must be unique.', 'conditionSet.view'
,Chrome Headless 95.0.4638.54 (Mac OS 10.15.7) DEBUG: 'Unable to navigate to anything. No root objects found.'
,Chrome Headless 95.0.4638.54 (Mac OS 10.15.7) DEBUG: 'Unable to navigate to anything. No root objects found.'
,Chrome Headless 95.0.4638.54 (Mac OS 10.15.7) DEBUG: 'Unable to navigate to anything. No root objects found.'
,Chrome Headless 95.0.4638.54 (Mac OS 10.15.7) DEBUG: 'Unable to navigate to anything. No root objects found.'
,Chrome Headless 95.0.4638.54 (Mac OS 10.15.7) DEBUG: 'Unable to navigate to anything. No root objects found.'
,Chrome Headless 95.0.4638.54 (Mac OS 10.15.7) WARN: 'Provider already defined for key '%s'. Provider keys must be unique.', 'conditionSet.view'
,Chrome Headless 95.0.4638.54 (Mac OS 10.15.7) WARN: 'Provider already defined for key '%s'. Provider keys must be unique.', 'conditionSet.view'
,Chrome Headless 95.0.4638.54 (Mac OS 10.15.7) WARN: 'Provider already defined for key '%s'. Provider keys must be unique.', 'conditionSet.view'
,Chrome Headless 95.0.4638.54 (Mac OS 10.15.7) DEBUG: 'Unable to navigate to anything. No root objects found.'
,Chrome Headless 95.0.4638.54 (Mac OS 10.15.7) DEBUG: 'Unable to navigate to anything. No root objects found.'
,Chrome Headless 95.0.4638.54 (Mac OS 10.15.7) DEBUG: 'Unable to navigate to anything. No root objects found.'
,Chrome Headless 95.0.4638.54 (Mac OS 10.15.7) DEBUG: 'Unable to navigate to anything. No root objects found.'
,Chrome Headless 95.0.4638.54 (Mac OS 10.15.7) DEBUG: 'Unable to navigate to anything. No root objects found.'
,Chrome Headless 95.0.4638.54 (Mac OS 10.15.7) WARN: 'Provider already defined for key '%s'. Provider keys must be unique.', 'conditionSet.view'
,Chrome Headless 95.0.4638.54 (Mac OS 10.15.7) DEBUG: 'Unable to navigate to anything. No root objects found.'
,Chrome Headless 95.0.4638.54 (Mac OS 10.15.7) DEBUG: 'Unable to navigate to anything. No root objects found.'
,Chrome Headless 95.0.4638.54 (Mac OS 10.15.7) DEBUG: 'Unable to navigate to anything. No root objects found.'
,Chrome Headless 95.0.4638.54 (Mac OS 10.15.7) DEBUG: 'Unable to navigate to anything. No root objects found.'
,Chrome Headless 95.0.4638.54 (Mac OS 10.15.7) DEBUG: 'Unable to navigate to anything. No root objects found.'
,Chrome Headless 95.0.4638.54 (Mac OS 10.15.7) DEBUG: 'Unable to navigate to anything. No root objects found.'
,Chrome Headless 95.0.4638.54 (Mac OS 10.15.7) DEBUG: 'Unable to navigate to anything. No root objects found.'
,Chrome Headless 95.0.4638.54 (Mac OS 10.15.7) DEBUG: 'Unable to navigate to anything. No root objects found.'
,Chrome Headless 95.0.4638.54 (Mac OS 10.15.7) DEBUG: 'Unable to navigate to anything. No root objects found.'
,Chrome Headless 95.0.4638.54 (Mac OS 10.15.7) DEBUG: 'Unable to navigate to anything. No root objects found.'
,Chrome Headless 95.0.4638.54 (Mac OS 10.15.7) WARN: 'Provider already defined for key '%s'. Provider keys must be unique.', 'conditionSet.view'
,Chrome Headless 95.0.4638.54 (Mac OS 10.15.7) DEBUG: 'Unable to navigate to anything. No root objects found.'
,Chrome Headless 95.0.4638.54 (Mac OS 10.15.7) DEBUG: 'Unable to navigate to anything. No root objects found.'
,Chrome Headless 95.0.4638.54 (Mac OS 10.15.7) DEBUG: 'Unable to navigate to anything. No root objects found.'
,Chrome Headless 95.0.4638.54 (Mac OS 10.15.7) DEBUG: 'Unable to navigate to anything. No root objects found.'
,Chrome Headless 95.0.4638.54 (Mac OS 10.15.7) DEBUG: 'Unable to navigate to anything. No root objects found.'
,Chrome Headless 95.0.4638.54 (Mac OS 10.15.7) WARN: 'Provider already defined for key '%s'. Provider keys must be unique.', 'conditionSet.view'
,Chrome Headless 95.0.4638.54 (Mac OS 10.15.7) WARN: 'Provider already defined for key '%s'. Provider keys must be unique.', 'conditionSet.view'
,Chrome Headless 95.0.4638.54 (Mac OS 10.15.7) WARN: 'Provider already defined for key '%s'. Provider keys must be unique.', 'conditionSet.view'
,Chrome Headless 95.0.4638.54 (Mac OS 10.15.7) WARN: 'Provider already defined for key '%s'. Provider keys must be unique.', 'conditionSet.view'
,Chrome Headless 95.0.4638.54 (Mac OS 10.15.7) DEBUG: 'Unable to navigate to anything. No root objects found.'
,Chrome Headless 95.0.4638.54 (Mac OS 10.15.7) DEBUG: 'Unable to navigate to anything. No root objects found.'
,Chrome Headless 95.0.4638.54 (Mac OS 10.15.7) DEBUG: 'Unable to navigate to anything. No root objects found.'
,Chrome Headless 95.0.4638.54 (Mac OS 10.15.7) DEBUG: 'Unable to navigate to anything. No root objects found.'
,Chrome Headless 95.0.4638.54 (Mac OS 10.15.7) DEBUG: 'Unable to navigate to anything. No root objects found.'
,Chrome Headless 95.0.4638.54 (Mac OS 10.15.7) WARN: 'Provider already defined for key '%s'. Provider keys must be unique.', 'conditionSet.view'
,Chrome Headless 95.0.4638.54 (Mac OS 10.15.7) WARN: 'Provider already defined for key '%s'. Provider keys must be unique.', 'conditionSet.view'
,Chrome Headless 95.0.4638.54 (Mac OS 10.15.7) DEBUG: 'Unable to navigate to anything. No root objects found.'
,Chrome Headless 95.0.4638.54 (Mac OS 10.15.7) DEBUG: 'Unable to navigate to anything. No root objects found.'
,Chrome Headless 95.0.4638.54 (Mac OS 10.15.7) DEBUG: 'Unable to navigate to anything. No root objects found.'
,Chrome Headless 95.0.4638.54 (Mac OS 10.15.7) DEBUG: 'Unable to navigate to anything. No root objects found.'
,Chrome Headless 95.0.4638.54 (Mac OS 10.15.7) DEBUG: 'Unable to navigate to anything. No root objects found.'
,Chrome Headless 95.0.4638.54 (Mac OS 10.15.7) WARN: 'Provider already defined for key '%s'. Provider keys must be unique.', 'flexible-layout'
,Chrome Headless 95.0.4638.54 (Mac OS 10.15.7) WARN: 'Provider already defined for key '%s'. Provider keys must be unique.', 'flex-layout'
,Chrome Headless 95.0.4638.54 (Mac OS 10.15.7) WARN: 'Provider already defined for key '%s'. Provider keys must be unique.', 'flexible-layout'
,Chrome Headless 95.0.4638.54 (Mac OS 10.15.7) WARN: 'Provider already defined for key '%s'. Provider keys must be unique.', 'flex-layout'
,Chrome Headless 95.0.4638.54 (Mac OS 10.15.7) WARN: 'Provider already defined for key '%s'. Provider keys must be unique.', 'flexible-layout'
,Chrome Headless 95.0.4638.54 (Mac OS 10.15.7) WARN: 'Provider already defined for key '%s'. Provider keys must be unique.', 'flex-layout'
,Chrome Headless 95.0.4638.54 (Mac OS 10.15.7) DEBUG: 'Unable to navigate to anything. No root objects found.'
,Chrome Headless 95.0.4638.54 (Mac OS 10.15.7) DEBUG: 'Unable to navigate to anything. No root objects found.'
,Chrome Headless 95.0.4638.54 (Mac OS 10.15.7) DEBUG: 'Unable to navigate to anything. No root objects found.'
,Chrome Headless 95.0.4638.54 (Mac OS 10.15.7) DEBUG: 'Unable to navigate to anything. No root objects found.'
,Chrome Headless 95.0.4638.54 (Mac OS 10.15.7) DEBUG: 'Unable to navigate to anything. No root objects found.'
,Chrome Headless 95.0.4638.54 (Mac OS 10.15.7) DEBUG: 'Unable to navigate to anything. No root objects found.'
,Chrome Headless 95.0.4638.54 (Mac OS 10.15.7) DEBUG: 'Unable to navigate to anything. No root objects found.'
,Chrome Headless 95.0.4638.54 (Mac OS 10.15.7) DEBUG: 'Unable to navigate to anything. No root objects found.'
,Chrome Headless 95.0.4638.54 (Mac OS 10.15.7) DEBUG: 'Unable to navigate to anything. No root objects found.'
,Chrome Headless 95.0.4638.54 (Mac OS 10.15.7) DEBUG: 'Unable to navigate to anything. No root objects found.'
,Chrome Headless 95.0.4638.54 (Mac OS 10.15.7) DEBUG: 'Unable to navigate to anything. No root objects found.'
,Chrome Headless 95.0.4638.54 (Mac OS 10.15.7) DEBUG: 'Unable to navigate to anything. No root objects found.'
,Chrome Headless 95.0.4638.54 (Mac OS 10.15.7) DEBUG: 'Unable to navigate to anything. No root objects found.'
,Chrome Headless 95.0.4638.54 (Mac OS 10.15.7) DEBUG: 'Unable to navigate to anything. No root objects found.'
,Chrome Headless 95.0.4638.54 (Mac OS 10.15.7) DEBUG: 'Unable to navigate to anything. No root objects found.'
,Chrome Headless 95.0.4638.54 (Mac OS 10.15.7) DEBUG: 'Unable to navigate to anything. No root objects found.'
,Chrome Headless 95.0.4638.54 (Mac OS 10.15.7) DEBUG: 'Unable to navigate to anything. No root objects found.'
,Chrome Headless 95.0.4638.54 (Mac OS 10.15.7) DEBUG: 'Unable to navigate to anything. No root objects found.'
,Chrome Headless 95.0.4638.54 (Mac OS 10.15.7) DEBUG: 'Unable to navigate to anything. No root objects found.'
,Chrome Headless 95.0.4638.54 (Mac OS 10.15.7) DEBUG: 'Unable to navigate to anything. No root objects found.'
,Chrome Headless 95.0.4638.54 (Mac OS 10.15.7) DEBUG: 'Unable to navigate to anything. No root objects found.'
,Chrome Headless 95.0.4638.54 (Mac OS 10.15.7) DEBUG: 'Unable to navigate to anything. No root objects found.'
,Chrome Headless 95.0.4638.54 (Mac OS 10.15.7) DEBUG: 'Unable to navigate to anything. No root objects found.'
,Chrome Headless 95.0.4638.54 (Mac OS 10.15.7) DEBUG: 'Unable to navigate to anything. No root objects found.'
,Chrome Headless 95.0.4638.54 (Mac OS 10.15.7) DEBUG: 'Unable to navigate to anything. No root objects found.'
,Chrome Headless 95.0.4638.54 (Mac OS 10.15.7) DEBUG: 'Unable to navigate to anything. No root objects found.'
,Chrome Headless 95.0.4638.54 (Mac OS 10.15.7) DEBUG: 'Unable to navigate to anything. No root objects found.'
,Chrome Headless 95.0.4638.54 (Mac OS 10.15.7) DEBUG: 'Unable to navigate to anything. No root objects found.'
,Chrome Headless 95.0.4638.54 (Mac OS 10.15.7) DEBUG: 'Unable to navigate to anything. No root objects found.'
,Chrome Headless 95.0.4638.54 (Mac OS 10.15.7) DEBUG: 'Unable to navigate to anything. No root objects found.'
,Chrome Headless 95.0.4638.54 (Mac OS 10.15.7) DEBUG: 'Unable to navigate to anything. No root objects found.'
,Chrome Headless 95.0.4638.54 (Mac OS 10.15.7) DEBUG: 'Unable to navigate to anything. No root objects found.'
,Chrome Headless 95.0.4638.54 (Mac OS 10.15.7) DEBUG: 'Unable to navigate to anything. No root objects found.'
,Chrome Headless 95.0.4638.54 (Mac OS 10.15.7) DEBUG: 'Unable to navigate to anything. No root objects found.'
,Chrome Headless 95.0.4638.54 (Mac OS 10.15.7) DEBUG: 'Unable to navigate to anything. No root objects found.'
,Chrome Headless 95.0.4638.54 (Mac OS 10.15.7) DEBUG: 'Unable to navigate to anything. No root objects found.'
,Chrome Headless 95.0.4638.54 (Mac OS 10.15.7) DEBUG: 'Unable to navigate to anything. No root objects found.'
,Chrome Headless 95.0.4638.54 (Mac OS 10.15.7) DEBUG: 'Unable to navigate to anything. No root objects found.'
,Chrome Headless 95.0.4638.54 (Mac OS 10.15.7) DEBUG: 'Unable to navigate to anything. No root objects found.'
,Chrome Headless 95.0.4638.54 (Mac OS 10.15.7) DEBUG: 'Unable to navigate to anything. No root objects found.'
,Chrome Headless 95.0.4638.54 (Mac OS 10.15.7) DEBUG: 'Unable to navigate to anything. No root objects found.'
,Chrome Headless 95.0.4638.54 (Mac OS 10.15.7) DEBUG: 'Unable to navigate to anything. No root objects found.'
,Chrome Headless 95.0.4638.54 (Mac OS 10.15.7) DEBUG: 'Unable to navigate to anything. No root objects found.'
,Chrome Headless 95.0.4638.54 (Mac OS 10.15.7) DEBUG: 'Unable to navigate to anything. No root objects found.'
,Chrome Headless 95.0.4638.54 (Mac OS 10.15.7) DEBUG: 'Unable to navigate to anything. No root objects found.'
,Chrome Headless 95.0.4638.54 (Mac OS 10.15.7) DEBUG: 'Unable to navigate to anything. No root objects found.'
,Chrome Headless 95.0.4638.54 (Mac OS 10.15.7) DEBUG: 'Unable to navigate to anything. No root objects found.'
,Chrome Headless 95.0.4638.54 (Mac OS 10.15.7) DEBUG: 'Unable to navigate to anything. No root objects found.'
,Chrome Headless 95.0.4638.54 (Mac OS 10.15.7) DEBUG: 'Unable to navigate to anything. No root objects found.'
,Chrome Headless 95.0.4638.54 (Mac OS 10.15.7) DEBUG: 'Unable to navigate to anything. No root objects found.'
,Chrome Headless 95.0.4638.54 (Mac OS 10.15.7) DEBUG: 'Unable to navigate to anything. No root objects found.'
,Chrome Headless 95.0.4638.54 (Mac OS 10.15.7) DEBUG: 'Unable to navigate to anything. No root objects found.'
,Chrome Headless 95.0.4638.54 (Mac OS 10.15.7) DEBUG: 'Unable to navigate to anything. No root objects found.'
,Chrome Headless 95.0.4638.54 (Mac OS 10.15.7) DEBUG: 'Unable to navigate to anything. No root objects found.'
,Chrome Headless 95.0.4638.54 (Mac OS 10.15.7) DEBUG: 'Unable to navigate to anything. No root objects found.'
,Chrome Headless 95.0.4638.54 (Mac OS 10.15.7) DEBUG: 'Unable to navigate to anything. No root objects found.'
,Chrome Headless 95.0.4638.54 (Mac OS 10.15.7) DEBUG: 'Unable to navigate to anything. No root objects found.'
,Chrome Headless 95.0.4638.54 (Mac OS 10.15.7) DEBUG: 'Unable to navigate to anything. No root objects found.'
,Chrome Headless 95.0.4638.54 (Mac OS 10.15.7) DEBUG: 'Unable to navigate to anything. No root objects found.'
,Chrome Headless 95.0.4638.54 (Mac OS 10.15.7) DEBUG: 'Unable to navigate to anything. No root objects found.'
,Chrome Headless 95.0.4638.54 (Mac OS 10.15.7) DEBUG: 'Unable to navigate to anything. No root objects found.'
,Chrome Headless 95.0.4638.54 (Mac OS 10.15.7) DEBUG: 'Unable to navigate to anything. No root objects found.'
,Chrome Headless 95.0.4638.54 (Mac OS 10.15.7) DEBUG: 'Unable to navigate to anything. No root objects found.'
,Chrome Headless 95.0.4638.54 (Mac OS 10.15.7) DEBUG: 'Unable to navigate to anything. No root objects found.'
,Chrome Headless 95.0.4638.54 (Mac OS 10.15.7) DEBUG: 'Unable to navigate to anything. No root objects found.'
,Chrome Headless 95.0.4638.54 (Mac OS 10.15.7) DEBUG: 'Unable to navigate to anything. No root objects found.'
,Chrome Headless 95.0.4638.54 (Mac OS 10.15.7) DEBUG: 'Unable to navigate to anything. No root objects found.'
,Chrome Headless 95.0.4638.54 (Mac OS 10.15.7) DEBUG: 'Unable to navigate to anything. No root objects found.'
,Chrome Headless 95.0.4638.54 (Mac OS 10.15.7) DEBUG: 'Unable to navigate to anything. No root objects found.'
,Chrome Headless 95.0.4638.54 (Mac OS 10.15.7) DEBUG: 'Unable to navigate to anything. No root objects found.'
,Chrome Headless 95.0.4638.54 (Mac OS 10.15.7) DEBUG: 'Unable to navigate to anything. No root objects found.'
,Chrome Headless 95.0.4638.54 (Mac OS 10.15.7) DEBUG: 'Unable to navigate to anything. No root objects found.'
,Chrome Headless 95.0.4638.54 (Mac OS 10.15.7) DEBUG: 'Unable to navigate to anything. No root objects found.'
,Chrome Headless 95.0.4638.54 (Mac OS 10.15.7) DEBUG: 'Unable to navigate to anything. No root objects found.'
,Chrome Headless 95.0.4638.54 (Mac OS 10.15.7) DEBUG: 'Unable to navigate to anything. No root objects found.'
,Chrome Headless 95.0.4638.54 (Mac OS 10.15.7) DEBUG: 'Unable to navigate to anything. No root objects found.'
,Chrome Headless 95.0.4638.54 (Mac OS 10.15.7) DEBUG: 'Unable to navigate to anything. No root objects found.'
,Chrome Headless 95.0.4638.54 (Mac OS 10.15.7) DEBUG: 'Unable to navigate to anything. No root objects found.'
,Chrome Headless 95.0.4638.54 (Mac OS 10.15.7) DEBUG: 'Unable to navigate to anything. No root objects found.'
,Chrome Headless 95.0.4638.54 (Mac OS 10.15.7) DEBUG: 'Unable to navigate to anything. No root objects found.'
,Chrome Headless 95.0.4638.54 (Mac OS 10.15.7) DEBUG: 'Unable to navigate to anything. No root objects found.'
,Chrome Headless 95.0.4638.54 (Mac OS 10.15.7) DEBUG: 'Unable to navigate to anything. No root objects found.'
,Chrome Headless 95.0.4638.54 (Mac OS 10.15.7) DEBUG: 'Unable to navigate to anything. No root objects found.'
,Chrome Headless 95.0.4638.54 (Mac OS 10.15.7) DEBUG: 'Unable to navigate to anything. No root objects found.'
,Chrome Headless 95.0.4638.54 (Mac OS 10.15.7) DEBUG: 'Unable to navigate to anything. No root objects found.'
,Chrome Headless 95.0.4638.54 (Mac OS 10.15.7) DEBUG: 'Unable to navigate to anything. No root objects found.'
,Chrome Headless 95.0.4638.54 (Mac OS 10.15.7) DEBUG: 'Unable to navigate to anything. No root objects found.'
,Chrome Headless 95.0.4638.54 (Mac OS 10.15.7) DEBUG: 'Unable to navigate to anything. No root objects found.'
,Chrome Headless 95.0.4638.54 (Mac OS 10.15.7) DEBUG: 'Unable to navigate to anything. No root objects found.'
,Chrome Headless 95.0.4638.54 (Mac OS 10.15.7) DEBUG: 'Unable to navigate to anything. No root objects found.'
,Chrome Headless 95.0.4638.54 (Mac OS 10.15.7) DEBUG: 'Unable to navigate to anything. No root objects found.'
,Chrome Headless 95.0.4638.54 (Mac OS 10.15.7) DEBUG: 'Unable to navigate to anything. No root objects found.'
,Chrome Headless 95.0.4638.54 (Mac OS 10.15.7) DEBUG: 'Unable to navigate to anything. No root objects found.'
,Chrome Headless 95.0.4638.54 (Mac OS 10.15.7) DEBUG: 'Unable to navigate to anything. No root objects found.'
,Chrome Headless 95.0.4638.54 (Mac OS 10.15.7) DEBUG: 'Unable to navigate to anything. No root objects found.'
,Chrome Headless 95.0.4638.54 (Mac OS 10.15.7) DEBUG: 'Unable to navigate to anything. No root objects found.'
,Chrome Headless 95.0.4638.54 (Mac OS 10.15.7) DEBUG: 'Unable to navigate to anything. No root objects found.'
,Chrome Headless 95.0.4638.54 (Mac OS 10.15.7) DEBUG: 'Unable to navigate to anything. No root objects found.'
,Chrome Headless 95.0.4638.54 (Mac OS 10.15.7) DEBUG: 'Unable to navigate to anything. No root objects found.'
,Chrome Headless 95.0.4638.54 (Mac OS 10.15.7) DEBUG: 'Unable to navigate to anything. No root objects found.'
,Chrome Headless 95.0.4638.54 (Mac OS 10.15.7) DEBUG: 'Unable to navigate to anything. No root objects found.'
,Chrome Headless 95.0.4638.54 (Mac OS 10.15.7) DEBUG: 'Unable to navigate to anything. No root objects found.'
,Chrome Headless 95.0.4638.54 (Mac OS 10.15.7) DEBUG: 'Unable to navigate to anything. No root objects found.'
,Chrome Headless 95.0.4638.54 (Mac OS 10.15.7) DEBUG: 'Unable to navigate to anything. No root objects found.'
,Chrome Headless 95.0.4638.54 (Mac OS 10.15.7) DEBUG: 'Unable to navigate to anything. No root objects found.'
,Chrome Headless 95.0.4638.54 (Mac OS 10.15.7) DEBUG: 'Unable to navigate to anything. No root objects found.'
,Chrome Headless 95.0.4638.54 (Mac OS 10.15.7) DEBUG: 'Unable to navigate to anything. No root objects found.'
,Chrome Headless 95.0.4638.54 (Mac OS 10.15.7) DEBUG: 'Unable to navigate to anything. No root objects found.'
,Chrome Headless 95.0.4638.54 (Mac OS 10.15.7) DEBUG: 'Unable to navigate to anything. No root objects found.'
,Chrome Headless 95.0.4638.54 (Mac OS 10.15.7) DEBUG: 'Unable to navigate to anything. No root objects found.'
,Chrome Headless 95.0.4638.54 (Mac OS 10.15.7) DEBUG: 'Unable to navigate to anything. No root objects found.'
,Chrome Headless 95.0.4638.54 (Mac OS 10.15.7) DEBUG: 'Unable to navigate to anything. No root objects found.'
,Chrome Headless 95.0.4638.54 (Mac OS 10.15.7) DEBUG: 'Unable to navigate to anything. No root objects found.'
,Chrome Headless 95.0.4638.54 (Mac OS 10.15.7) DEBUG: 'Unable to navigate to anything. No root objects found.'
,Chrome Headless 95.0.4638.54 (Mac OS 10.15.7) DEBUG: 'Unable to navigate to anything. No root objects found.'
,Chrome Headless 95.0.4638.54 (Mac OS 10.15.7) DEBUG: 'Unable to navigate to anything. No root objects found.'
,Chrome Headless 95.0.4638.54 (Mac OS 10.15.7) DEBUG: 'Unable to navigate to anything. No root objects found.'
,Chrome Headless 95.0.4638.54 (Mac OS 10.15.7) DEBUG: 'Unable to navigate to anything. No root objects found.'
,Chrome Headless 95.0.4638.54 (Mac OS 10.15.7) DEBUG: 'Unable to navigate to anything. No root objects found.'
,Chrome Headless 95.0.4638.54 (Mac OS 10.15.7) DEBUG: 'Unable to navigate to anything. No root objects found.'
,Chrome Headless 95.0.4638.54 (Mac OS 10.15.7) DEBUG: 'Unable to navigate to anything. No root objects found.'
,Chrome Headless 95.0.4638.54 (Mac OS 10.15.7) DEBUG: 'Unable to navigate to anything. No root objects found.'
,Chrome Headless 95.0.4638.54 (Mac OS 10.15.7) DEBUG: 'Unable to navigate to anything. No root objects found.'
,Chrome Headless 95.0.4638.54 (Mac OS 10.15.7) DEBUG: 'Unable to navigate to anything. No root objects found.'
,Chrome Headless 95.0.4638.54 (Mac OS 10.15.7) DEBUG: 'Unable to navigate to anything. No root objects found.'
,Chrome Headless 95.0.4638.54 (Mac OS 10.15.7) DEBUG: 'Unable to navigate to anything. No root objects found.'
,Chrome Headless 95.0.4638.54 (Mac OS 10.15.7) DEBUG: 'Unable to navigate to anything. No root objects found.'
,Chrome Headless 95.0.4638.54 (Mac OS 10.15.7) DEBUG: 'Unable to navigate to anything. No root objects found.'
,Chrome Headless 95.0.4638.54 (Mac OS 10.15.7) DEBUG: 'Unable to navigate to anything. No root objects found.'
,Chrome Headless 95.0.4638.54 (Mac OS 10.15.7) DEBUG: 'Unable to navigate to anything. No root objects found.'
,Chrome Headless 95.0.4638.54 (Mac OS 10.15.7) DEBUG: 'Unable to navigate to anything. No root objects found.'
,Chrome Headless 95.0.4638.54 (Mac OS 10.15.7) DEBUG: 'Unable to navigate to anything. No root objects found.'
,Chrome Headless 95.0.4638.54 (Mac OS 10.15.7) DEBUG: 'Unable to navigate to anything. No root objects found.'
,Chrome Headless 95.0.4638.54 (Mac OS 10.15.7) DEBUG: 'Unable to navigate to anything. No root objects found.'
,Chrome Headless 95.0.4638.54 (Mac OS 10.15.7) DEBUG: 'Unable to navigate to anything. No root objects found.'
,Chrome Headless 95.0.4638.54 (Mac OS 10.15.7) DEBUG: 'Unable to navigate to anything. No root objects found.'
,Chrome Headless 95.0.4638.54 (Mac OS 10.15.7) DEBUG: 'Unable to navigate to anything. No root objects found.'
,Chrome Headless 95.0.4638.54 (Mac OS 10.15.7) DEBUG: 'Unable to navigate to anything. No root objects found.'
,Chrome Headless 95.0.4638.54 (Mac OS 10.15.7) DEBUG: 'Unable to navigate to anything. No root objects found.'
,Chrome Headless 95.0.4638.54 (Mac OS 10.15.7) DEBUG: 'Unable to navigate to anything. No root objects found.'
,Chrome Headless 95.0.4638.54 (Mac OS 10.15.7) DEBUG: 'Unable to navigate to anything. No root objects found.'
,Chrome Headless 95.0.4638.54 (Mac OS 10.15.7) DEBUG: 'Unable to navigate to anything. No root objects found.'
,Chrome Headless 95.0.4638.54 (Mac OS 10.15.7) DEBUG: 'Unable to navigate to anything. No root objects found.'
,Chrome Headless 95.0.4638.54 (Mac OS 10.15.7) DEBUG: 'Unable to navigate to anything. No root objects found.'
,Chrome Headless 95.0.4638.54 (Mac OS 10.15.7) DEBUG: 'Unable to navigate to anything. No root objects found.'
,Chrome Headless 95.0.4638.54 (Mac OS 10.15.7) DEBUG: 'Unable to navigate to anything. No root objects found.'
,Chrome Headless 95.0.4638.54 (Mac OS 10.15.7) DEBUG: 'Unable to navigate to anything. No root objects found.'
,Chrome Headless 95.0.4638.54 (Mac OS 10.15.7) DEBUG: 'Unable to navigate to anything. No root objects found.'
,Chrome Headless 95.0.4638.54 (Mac OS 10.15.7) DEBUG: 'Unable to navigate to anything. No root objects found.'
,Chrome Headless 95.0.4638.54 (Mac OS 10.15.7) DEBUG: 'Unable to navigate to anything. No root objects found.'
,Chrome Headless 95.0.4638.54 (Mac OS 10.15.7) DEBUG: 'Unable to navigate to anything. No root objects found.'
,Chrome Headless 95.0.4638.54 (Mac OS 10.15.7) DEBUG: 'Unable to navigate to anything. No root objects found.'
,Chrome Headless 95.0.4638.54 (Mac OS 10.15.7) DEBUG: 'Unable to navigate to anything. No root objects found.'
,Chrome Headless 95.0.4638.54 (Mac OS 10.15.7) DEBUG: 'Unable to navigate to anything. No root objects found.'
,Chrome Headless 95.0.4638.54 (Mac OS 10.15.7) DEBUG: 'Unable to navigate to anything. No root objects found.'
,Chrome Headless 95.0.4638.54 (Mac OS 10.15.7) DEBUG: 'Unable to navigate to anything. No root objects found.'
,Chrome Headless 95.0.4638.54 (Mac OS 10.15.7) DEBUG: 'Unable to navigate to anything. No root objects found.'
,Chrome Headless 95.0.4638.54 (Mac OS 10.15.7) DEBUG: 'Unable to navigate to anything. No root objects found.'
,Chrome Headless 95.0.4638.54 (Mac OS 10.15.7) DEBUG: 'Unable to navigate to anything. No root objects found.'
,Chrome Headless 95.0.4638.54 (Mac OS 10.15.7) DEBUG: 'Unable to navigate to anything. No root objects found.'
,Chrome Headless 95.0.4638.54 (Mac OS 10.15.7) DEBUG: 'Unable to navigate to anything. No root objects found.'
,Chrome Headless 95.0.4638.54 (Mac OS 10.15.7) DEBUG: 'Unable to navigate to anything. No root objects found.'
,Chrome Headless 95.0.4638.54 (Mac OS 10.15.7) DEBUG: 'Unable to navigate to anything. No root objects found.'
,Chrome Headless 95.0.4638.54 (Mac OS 10.15.7) DEBUG: 'Unable to navigate to anything. No root objects found.'
,Chrome Headless 95.0.4638.54 (Mac OS 10.15.7) DEBUG: 'Unable to navigate to anything. No root objects found.'
,Chrome Headless 95.0.4638.54 (Mac OS 10.15.7) DEBUG: 'Unable to navigate to anything. No root objects found.'
,Chrome Headless 95.0.4638.54 (Mac OS 10.15.7) DEBUG: 'Unable to navigate to anything. No root objects found.'
,Chrome Headless 95.0.4638.54 (Mac OS 10.15.7) LOG: 'create check response', 'some-value'
,Chrome Headless 95.0.4638.54 (Mac OS 10.15.7) ERROR: 'DEPRECATION: An asynchronous before/it/after function took a done callback but also returned a promise. This is not supported and will stop working in the future. Either remove the done callback (recommended) or change the function to not return a promise. (in spec: the plugin the provider updates an object)'
,Chrome Headless 95.0.4638.54 (Mac OS 10.15.7) LOG: 'create check response', 'some-value'
,Chrome Headless 95.0.4638.54 (Mac OS 10.15.7) DEBUG: 'Unable to navigate to anything. No root objects found.'
,Chrome Headless 95.0.4638.54 (Mac OS 10.15.7) DEBUG: 'Unable to navigate to anything. No root objects found.'
,Chrome Headless 95.0.4638.54 (Mac OS 10.15.7) DEBUG: 'Unable to navigate to anything. No root objects found.'
,Chrome Headless 95.0.4638.54 (Mac OS 10.15.7) DEBUG: 'Unable to navigate to anything. No root objects found.'
,Chrome Headless 95.0.4638.54 (Mac OS 10.15.7) DEBUG: 'Unable to navigate to anything. No root objects found.'
,Chrome Headless 95.0.4638.54 (Mac OS 10.15.7) DEBUG: 'Unable to navigate to anything. No root objects found.'
,Chrome Headless 95.0.4638.54 (Mac OS 10.15.7) WARN: 'Provider already defined for key '%s'. Provider keys must be unique.', 'plot-stacked'
,Chrome Headless 95.0.4638.54 (Mac OS 10.15.7) WARN: 'Provider already defined for key '%s'. Provider keys must be unique.', 'plot-overlay'
,Chrome Headless 95.0.4638.54 (Mac OS 10.15.7) WARN: 'Provider already defined for key '%s'. Provider keys must be unique.', 'plot-single'
,Chrome Headless 95.0.4638.54 (Mac OS 10.15.7) WARN: 'Provider already defined for key '%s'. Provider keys must be unique.', 'plots-inspector'
,Chrome Headless 95.0.4638.54 (Mac OS 10.15.7) WARN: 'Provider already defined for key '%s'. Provider keys must be unique.', 'plot-stacked'
,Chrome Headless 95.0.4638.54 (Mac OS 10.15.7) WARN: 'Provider already defined for key '%s'. Provider keys must be unique.', 'plot-overlay'
,Chrome Headless 95.0.4638.54 (Mac OS 10.15.7) WARN: 'Provider already defined for key '%s'. Provider keys must be unique.', 'plot-single'
,Chrome Headless 95.0.4638.54 (Mac OS 10.15.7) WARN: 'Provider already defined for key '%s'. Provider keys must be unique.', 'plots-inspector'
,Chrome Headless 95.0.4638.54 (Mac OS 10.15.7) WARN: 'Provider already defined for key '%s'. Provider keys must be unique.', 'plot-stacked'
,Chrome Headless 95.0.4638.54 (Mac OS 10.15.7) WARN: 'Provider already defined for key '%s'. Provider keys must be unique.', 'plot-overlay'
,Chrome Headless 95.0.4638.54 (Mac OS 10.15.7) WARN: 'Provider already defined for key '%s'. Provider keys must be unique.', 'plot-single'
,Chrome Headless 95.0.4638.54 (Mac OS 10.15.7) WARN: 'Provider already defined for key '%s'. Provider keys must be unique.', 'plots-inspector'
,Chrome Headless 95.0.4638.54 (Mac OS 10.15.7) WARN: 'Provider already defined for key '%s'. Provider keys must be unique.', 'plot-stacked'
,Chrome Headless 95.0.4638.54 (Mac OS 10.15.7) WARN: 'Provider already defined for key '%s'. Provider keys must be unique.', 'plot-overlay'
,Chrome Headless 95.0.4638.54 (Mac OS 10.15.7) WARN: 'Provider already defined for key '%s'. Provider keys must be unique.', 'plot-single'
,Chrome Headless 95.0.4638.54 (Mac OS 10.15.7) WARN: 'Provider already defined for key '%s'. Provider keys must be unique.', 'plots-inspector'
,Chrome Headless 95.0.4638.54 (Mac OS 10.15.7) WARN: 'Provider already defined for key '%s'. Provider keys must be unique.', 'plot-stacked'
,Chrome Headless 95.0.4638.54 (Mac OS 10.15.7) WARN: 'Provider already defined for key '%s'. Provider keys must be unique.', 'plot-overlay'
,Chrome Headless 95.0.4638.54 (Mac OS 10.15.7) WARN: 'Provider already defined for key '%s'. Provider keys must be unique.', 'plot-single'
,Chrome Headless 95.0.4638.54 (Mac OS 10.15.7) WARN: 'Provider already defined for key '%s'. Provider keys must be unique.', 'plots-inspector'
,Chrome Headless 95.0.4638.54 (Mac OS 10.15.7) WARN: 'Provider already defined for key '%s'. Provider keys must be unique.', 'plot-stacked'
,Chrome Headless 95.0.4638.54 (Mac OS 10.15.7) WARN: 'Provider already defined for key '%s'. Provider keys must be unique.', 'plot-overlay'
,Chrome Headless 95.0.4638.54 (Mac OS 10.15.7) WARN: 'Provider already defined for key '%s'. Provider keys must be unique.', 'plot-single'
,Chrome Headless 95.0.4638.54 (Mac OS 10.15.7) WARN: 'Provider already defined for key '%s'. Provider keys must be unique.', 'plots-inspector'
,Chrome Headless 95.0.4638.54 (Mac OS 10.15.7) WARN: '[Plot] Invalid Y Values detected'
,Chrome Headless 95.0.4638.54 (Mac OS 10.15.7) WARN: '[Plot] Invalid Y Values detected'
,Chrome Headless 95.0.4638.54 (Mac OS 10.15.7) WARN: '[Plot] Invalid Y Values detected'
,Chrome Headless 95.0.4638.54 (Mac OS 10.15.7) WARN: '[Plot] Invalid Y Values detected'
,Chrome Headless 95.0.4638.54 (Mac OS 10.15.7) WARN: '[Plot] Invalid Y Values detected'
,Chrome Headless 95.0.4638.54 (Mac OS 10.15.7) WARN: '[Plot] Invalid Y Values detected'
,Chrome Headless 95.0.4638.54 (Mac OS 10.15.7) WARN: 'Provider already defined for key '%s'. Provider keys must be unique.', 'plot-stacked'
,Chrome Headless 95.0.4638.54 (Mac OS 10.15.7) WARN: 'Provider already defined for key '%s'. Provider keys must be unique.', 'plot-overlay'
,Chrome Headless 95.0.4638.54 (Mac OS 10.15.7) WARN: 'Provider already defined for key '%s'. Provider keys must be unique.', 'plot-single'
,Chrome Headless 95.0.4638.54 (Mac OS 10.15.7) WARN: 'Provider already defined for key '%s'. Provider keys must be unique.', 'plots-inspector'
,Chrome Headless 95.0.4638.54 (Mac OS 10.15.7) WARN: '[Plot] Invalid Y Values detected'
,Chrome Headless 95.0.4638.54 (Mac OS 10.15.7) WARN: '[Plot] Invalid Y Values detected'
,Chrome Headless 95.0.4638.54 (Mac OS 10.15.7) WARN: '[Plot] Invalid Y Values detected'
,Chrome Headless 95.0.4638.54 (Mac OS 10.15.7) WARN: '[Plot] Invalid Y Values detected'
,Chrome Headless 95.0.4638.54 (Mac OS 10.15.7) WARN: '[Plot] Invalid Y Values detected'
,Chrome Headless 95.0.4638.54 (Mac OS 10.15.7) WARN: '[Plot] Invalid Y Values detected'
,Chrome Headless 95.0.4638.54 (Mac OS 10.15.7) DEBUG: 'Unable to navigate to anything. No root objects found.'
,Chrome Headless 95.0.4638.54 (Mac OS 10.15.7) DEBUG: 'Unable to navigate to anything. No root objects found.'
,Chrome Headless 95.0.4638.54 (Mac OS 10.15.7) DEBUG: 'Unable to navigate to anything. No root objects found.'
,Chrome Headless 95.0.4638.54 (Mac OS 10.15.7) DEBUG: 'Unable to navigate to anything. No root objects found.'
,Chrome Headless 95.0.4638.54 (Mac OS 10.15.7) DEBUG: 'Unable to navigate to anything. No root objects found.'
,Chrome Headless 95.0.4638.54 (Mac OS 10.15.7) WARN: 'Provider already defined for key '%s'. Provider keys must be unique.', 'plot-stacked'
,Chrome Headless 95.0.4638.54 (Mac OS 10.15.7) WARN: 'Provider already defined for key '%s'. Provider keys must be unique.', 'plot-overlay'
,Chrome Headless 95.0.4638.54 (Mac OS 10.15.7) WARN: 'Provider already defined for key '%s'. Provider keys must be unique.', 'plot-single'
,Chrome Headless 95.0.4638.54 (Mac OS 10.15.7) WARN: 'Provider already defined for key '%s'. Provider keys must be unique.', 'plots-inspector'
,Chrome Headless 95.0.4638.54 (Mac OS 10.15.7) WARN: '[Plot] Invalid Y Values detected'
,Chrome Headless 95.0.4638.54 (Mac OS 10.15.7) WARN: '[Plot] Invalid Y Values detected'
,Chrome Headless 95.0.4638.54 (Mac OS 10.15.7) WARN: '[Plot] Invalid Y Values detected'
,Chrome Headless 95.0.4638.54 (Mac OS 10.15.7) WARN: '[Plot] Invalid Y Values detected'
,Chrome Headless 95.0.4638.54 (Mac OS 10.15.7) WARN: '[Plot] Invalid Y Values detected'
,Chrome Headless 95.0.4638.54 (Mac OS 10.15.7) WARN: '[Plot] Invalid Y Values detected'
,Chrome Headless 95.0.4638.54 (Mac OS 10.15.7) DEBUG: 'Unable to navigate to anything. No root objects found.'
,Chrome Headless 95.0.4638.54 (Mac OS 10.15.7) DEBUG: 'Unable to navigate to anything. No root objects found.'
,Chrome Headless 95.0.4638.54 (Mac OS 10.15.7) DEBUG: 'Unable to navigate to anything. No root objects found.'
,Chrome Headless 95.0.4638.54 (Mac OS 10.15.7) DEBUG: 'Unable to navigate to anything. No root objects found.'
,Chrome Headless 95.0.4638.54 (Mac OS 10.15.7) DEBUG: 'Unable to navigate to anything. No root objects found.'
,Chrome Headless 95.0.4638.54 (Mac OS 10.15.7) WARN: 'Provider already defined for key '%s'. Provider keys must be unique.', 'plot-stacked'
,Chrome Headless 95.0.4638.54 (Mac OS 10.15.7) WARN: 'Provider already defined for key '%s'. Provider keys must be unique.', 'plot-overlay'
,Chrome Headless 95.0.4638.54 (Mac OS 10.15.7) WARN: 'Provider already defined for key '%s'. Provider keys must be unique.', 'plot-single'
,Chrome Headless 95.0.4638.54 (Mac OS 10.15.7) WARN: 'Provider already defined for key '%s'. Provider keys must be unique.', 'plots-inspector'
,Chrome Headless 95.0.4638.54 (Mac OS 10.15.7) WARN: '[Plot] Invalid Y Values detected'
,Chrome Headless 95.0.4638.54 (Mac OS 10.15.7) WARN: '[Plot] Invalid Y Values detected'
,Chrome Headless 95.0.4638.54 (Mac OS 10.15.7) WARN: '[Plot] Invalid Y Values detected'
,Chrome Headless 95.0.4638.54 (Mac OS 10.15.7) WARN: '[Plot] Invalid Y Values detected'
,Chrome Headless 95.0.4638.54 (Mac OS 10.15.7) WARN: '[Plot] Invalid Y Values detected'
,Chrome Headless 95.0.4638.54 (Mac OS 10.15.7) WARN: '[Plot] Invalid Y Values detected'
,Chrome Headless 95.0.4638.54 (Mac OS 10.15.7) DEBUG: 'Unable to navigate to anything. No root objects found.'
,Chrome Headless 95.0.4638.54 (Mac OS 10.15.7) DEBUG: 'Unable to navigate to anything. No root objects found.'
,Chrome Headless 95.0.4638.54 (Mac OS 10.15.7) DEBUG: 'Unable to navigate to anything. No root objects found.'
,Chrome Headless 95.0.4638.54 (Mac OS 10.15.7) DEBUG: 'Unable to navigate to anything. No root objects found.'
,Chrome Headless 95.0.4638.54 (Mac OS 10.15.7) DEBUG: 'Unable to navigate to anything. No root objects found.'
,Chrome Headless 95.0.4638.54 (Mac OS 10.15.7) WARN: 'Provider already defined for key '%s'. Provider keys must be unique.', 'plot-stacked'
,Chrome Headless 95.0.4638.54 (Mac OS 10.15.7) WARN: 'Provider already defined for key '%s'. Provider keys must be unique.', 'plot-overlay'
,Chrome Headless 95.0.4638.54 (Mac OS 10.15.7) WARN: 'Provider already defined for key '%s'. Provider keys must be unique.', 'plot-single'
,Chrome Headless 95.0.4638.54 (Mac OS 10.15.7) WARN: 'Provider already defined for key '%s'. Provider keys must be unique.', 'plots-inspector'
,Chrome Headless 95.0.4638.54 (Mac OS 10.15.7) WARN: '[Plot] Invalid Y Values detected'
,Chrome Headless 95.0.4638.54 (Mac OS 10.15.7) WARN: '[Plot] Invalid Y Values detected'
,Chrome Headless 95.0.4638.54 (Mac OS 10.15.7) WARN: '[Plot] Invalid Y Values detected'
,Chrome Headless 95.0.4638.54 (Mac OS 10.15.7) WARN: '[Plot] Invalid Y Values detected'
,Chrome Headless 95.0.4638.54 (Mac OS 10.15.7) WARN: '[Plot] Invalid Y Values detected'
,Chrome Headless 95.0.4638.54 (Mac OS 10.15.7) WARN: '[Plot] Invalid Y Values detected'
,Chrome Headless 95.0.4638.54 (Mac OS 10.15.7) DEBUG: 'Unable to navigate to anything. No root objects found.'
,Chrome Headless 95.0.4638.54 (Mac OS 10.15.7) DEBUG: 'Unable to navigate to anything. No root objects found.'
,Chrome Headless 95.0.4638.54 (Mac OS 10.15.7) DEBUG: 'Unable to navigate to anything. No root objects found.'
,Chrome Headless 95.0.4638.54 (Mac OS 10.15.7) DEBUG: 'Unable to navigate to anything. No root objects found.'
,Chrome Headless 95.0.4638.54 (Mac OS 10.15.7) DEBUG: 'Unable to navigate to anything. No root objects found.'
,Chrome Headless 95.0.4638.54 (Mac OS 10.15.7) WARN: 'Provider already defined for key '%s'. Provider keys must be unique.', 'plot-stacked'
,Chrome Headless 95.0.4638.54 (Mac OS 10.15.7) WARN: 'Provider already defined for key '%s'. Provider keys must be unique.', 'plot-overlay'
,Chrome Headless 95.0.4638.54 (Mac OS 10.15.7) WARN: 'Provider already defined for key '%s'. Provider keys must be unique.', 'plot-single'
,Chrome Headless 95.0.4638.54 (Mac OS 10.15.7) WARN: 'Provider already defined for key '%s'. Provider keys must be unique.', 'plots-inspector'
,Chrome Headless 95.0.4638.54 (Mac OS 10.15.7) WARN: '[Plot] Invalid Y Values detected'
,Chrome Headless 95.0.4638.54 (Mac OS 10.15.7) WARN: '[Plot] Invalid Y Values detected'
,Chrome Headless 95.0.4638.54 (Mac OS 10.15.7) WARN: '[Plot] Invalid Y Values detected'
,Chrome Headless 95.0.4638.54 (Mac OS 10.15.7) WARN: '[Plot] Invalid Y Values detected'
,Chrome Headless 95.0.4638.54 (Mac OS 10.15.7) WARN: '[Plot] Invalid Y Values detected'
,Chrome Headless 95.0.4638.54 (Mac OS 10.15.7) WARN: '[Plot] Invalid Y Values detected'
,Chrome Headless 95.0.4638.54 (Mac OS 10.15.7) DEBUG: 'Unable to navigate to anything. No root objects found.'
,Chrome Headless 95.0.4638.54 (Mac OS 10.15.7) DEBUG: 'Unable to navigate to anything. No root objects found.'
,Chrome Headless 95.0.4638.54 (Mac OS 10.15.7) DEBUG: 'Unable to navigate to anything. No root objects found.'
,Chrome Headless 95.0.4638.54 (Mac OS 10.15.7) DEBUG: 'Unable to navigate to anything. No root objects found.'
,Chrome Headless 95.0.4638.54 (Mac OS 10.15.7) DEBUG: 'Unable to navigate to anything. No root objects found.'
,Chrome Headless 95.0.4638.54 (Mac OS 10.15.7) WARN: 'Provider already defined for key '%s'. Provider keys must be unique.', 'plot-stacked'
,Chrome Headless 95.0.4638.54 (Mac OS 10.15.7) WARN: 'Provider already defined for key '%s'. Provider keys must be unique.', 'plot-overlay'
,Chrome Headless 95.0.4638.54 (Mac OS 10.15.7) WARN: 'Provider already defined for key '%s'. Provider keys must be unique.', 'plot-single'
,Chrome Headless 95.0.4638.54 (Mac OS 10.15.7) WARN: 'Provider already defined for key '%s'. Provider keys must be unique.', 'plots-inspector'
,Chrome Headless 95.0.4638.54 (Mac OS 10.15.7) WARN: '[Plot] Invalid Y Values detected'
,Chrome Headless 95.0.4638.54 (Mac OS 10.15.7) WARN: '[Plot] Invalid Y Values detected'
,Chrome Headless 95.0.4638.54 (Mac OS 10.15.7) WARN: '[Plot] Invalid Y Values detected'
,Chrome Headless 95.0.4638.54 (Mac OS 10.15.7) WARN: '[Plot] Invalid Y Values detected'
,Chrome Headless 95.0.4638.54 (Mac OS 10.15.7) WARN: '[Plot] Invalid Y Values detected'
,Chrome Headless 95.0.4638.54 (Mac OS 10.15.7) WARN: '[Plot] Invalid Y Values detected'
,Chrome Headless 95.0.4638.54 (Mac OS 10.15.7) WARN: '[Plot] Invalid Y Values detected'
,Chrome Headless 95.0.4638.54 (Mac OS 10.15.7) WARN: '[Plot] Invalid Y Values detected'
,Chrome Headless 95.0.4638.54 (Mac OS 10.15.7) WARN: '[Plot] Invalid Y Values detected'
,Chrome Headless 95.0.4638.54 (Mac OS 10.15.7) WARN: 'Provider already defined for key '%s'. Provider keys must be unique.', 'plot-stacked'
,Chrome Headless 95.0.4638.54 (Mac OS 10.15.7) WARN: 'Provider already defined for key '%s'. Provider keys must be unique.', 'plot-overlay'
,Chrome Headless 95.0.4638.54 (Mac OS 10.15.7) WARN: 'Provider already defined for key '%s'. Provider keys must be unique.', 'plot-single'
,Chrome Headless 95.0.4638.54 (Mac OS 10.15.7) WARN: 'Provider already defined for key '%s'. Provider keys must be unique.', 'plots-inspector'
,Chrome Headless 95.0.4638.54 (Mac OS 10.15.7) WARN: '[Plot] Invalid Y Values detected'
,Chrome Headless 95.0.4638.54 (Mac OS 10.15.7) WARN: '[Plot] Invalid Y Values detected'
,Chrome Headless 95.0.4638.54 (Mac OS 10.15.7) WARN: '[Plot] Invalid Y Values detected'
,Chrome Headless 95.0.4638.54 (Mac OS 10.15.7) WARN: '[Plot] Invalid Y Values detected'
,Chrome Headless 95.0.4638.54 (Mac OS 10.15.7) WARN: '[Plot] Invalid Y Values detected'
,Chrome Headless 95.0.4638.54 (Mac OS 10.15.7) WARN: '[Plot] Invalid Y Values detected'
,Chrome Headless 95.0.4638.54 (Mac OS 10.15.7) WARN: '[Plot] Invalid Y Values detected'
,Chrome Headless 95.0.4638.54 (Mac OS 10.15.7) WARN: '[Plot] Invalid Y Values detected'
,Chrome Headless 95.0.4638.54 (Mac OS 10.15.7) WARN: '[Plot] Invalid Y Values detected'
,Chrome Headless 95.0.4638.54 (Mac OS 10.15.7) DEBUG: 'Unable to navigate to anything. No root objects found.'
,Chrome Headless 95.0.4638.54 (Mac OS 10.15.7) DEBUG: 'Unable to navigate to anything. No root objects found.'
,Chrome Headless 95.0.4638.54 (Mac OS 10.15.7) DEBUG: 'Unable to navigate to anything. No root objects found.'
,Chrome Headless 95.0.4638.54 (Mac OS 10.15.7) DEBUG: 'Unable to navigate to anything. No root objects found.'
,Chrome Headless 95.0.4638.54 (Mac OS 10.15.7) DEBUG: 'Unable to navigate to anything. No root objects found.'
,Chrome Headless 95.0.4638.54 (Mac OS 10.15.7) WARN: 'Provider already defined for key '%s'. Provider keys must be unique.', 'plot-stacked'
,Chrome Headless 95.0.4638.54 (Mac OS 10.15.7) WARN: 'Provider already defined for key '%s'. Provider keys must be unique.', 'plot-overlay'
,Chrome Headless 95.0.4638.54 (Mac OS 10.15.7) WARN: 'Provider already defined for key '%s'. Provider keys must be unique.', 'plot-single'
,Chrome Headless 95.0.4638.54 (Mac OS 10.15.7) WARN: 'Provider already defined for key '%s'. Provider keys must be unique.', 'plots-inspector'
,Chrome Headless 95.0.4638.54 (Mac OS 10.15.7) WARN: '[Plot] Invalid Y Values detected'
,Chrome Headless 95.0.4638.54 (Mac OS 10.15.7) WARN: '[Plot] Invalid Y Values detected'
,Chrome Headless 95.0.4638.54 (Mac OS 10.15.7) WARN: '[Plot] Invalid Y Values detected'
,Chrome Headless 95.0.4638.54 (Mac OS 10.15.7) WARN: '[Plot] Invalid Y Values detected'
,Chrome Headless 95.0.4638.54 (Mac OS 10.15.7) WARN: '[Plot] Invalid Y Values detected'
,Chrome Headless 95.0.4638.54 (Mac OS 10.15.7) WARN: '[Plot] Invalid Y Values detected'
,Chrome Headless 95.0.4638.54 (Mac OS 10.15.7) WARN: '[Plot] Invalid Y Values detected'
,Chrome Headless 95.0.4638.54 (Mac OS 10.15.7) WARN: '[Plot] Invalid Y Values detected'
,Chrome Headless 95.0.4638.54 (Mac OS 10.15.7) WARN: '[Plot] Invalid Y Values detected'
,Chrome Headless 95.0.4638.54 (Mac OS 10.15.7) LOG: 'pauseElAfterClick', NodeList{0: <button title="Pause incoming real-time data" class="c-button icon-pause"></button>}
,Chrome Headless 95.0.4638.54 (Mac OS 10.15.7) WARN: '[Plot] Invalid Y Values detected'
,Chrome Headless 95.0.4638.54 (Mac OS 10.15.7) WARN: '[Plot] Invalid Y Values detected'
,Chrome Headless 95.0.4638.54 (Mac OS 10.15.7) WARN: '[Plot] Invalid Y Values detected'
,Chrome Headless 95.0.4638.54 (Mac OS 10.15.7) DEBUG: 'Unable to navigate to anything. No root objects found.'
,Chrome Headless 95.0.4638.54 (Mac OS 10.15.7) DEBUG: 'Unable to navigate to anything. No root objects found.'
,Chrome Headless 95.0.4638.54 (Mac OS 10.15.7) DEBUG: 'Unable to navigate to anything. No root objects found.'
,Chrome Headless 95.0.4638.54 (Mac OS 10.15.7) DEBUG: 'Unable to navigate to anything. No root objects found.'
,Chrome Headless 95.0.4638.54 (Mac OS 10.15.7) DEBUG: 'Unable to navigate to anything. No root objects found.'
,Chrome Headless 95.0.4638.54 (Mac OS 10.15.7) WARN: 'Provider already defined for key '%s'. Provider keys must be unique.', 'plot-stacked'
,Chrome Headless 95.0.4638.54 (Mac OS 10.15.7) WARN: 'Provider already defined for key '%s'. Provider keys must be unique.', 'plot-overlay'
,Chrome Headless 95.0.4638.54 (Mac OS 10.15.7) WARN: 'Provider already defined for key '%s'. Provider keys must be unique.', 'plot-single'
,Chrome Headless 95.0.4638.54 (Mac OS 10.15.7) WARN: 'Provider already defined for key '%s'. Provider keys must be unique.', 'plots-inspector'
,Chrome Headless 95.0.4638.54 (Mac OS 10.15.7) WARN: '[Plot] Invalid Y Values detected'
,Chrome Headless 95.0.4638.54 (Mac OS 10.15.7) WARN: '[Plot] Invalid Y Values detected'
,Chrome Headless 95.0.4638.54 (Mac OS 10.15.7) WARN: '[Plot] Invalid Y Values detected'
,Chrome Headless 95.0.4638.54 (Mac OS 10.15.7) WARN: '[Plot] Invalid Y Values detected'
,Chrome Headless 95.0.4638.54 (Mac OS 10.15.7) WARN: '[Plot] Invalid Y Values detected'
,Chrome Headless 95.0.4638.54 (Mac OS 10.15.7) WARN: '[Plot] Invalid Y Values detected'
,Chrome Headless 95.0.4638.54 (Mac OS 10.15.7) WARN: '[Plot] Invalid Y Values detected'
,Chrome Headless 95.0.4638.54 (Mac OS 10.15.7) WARN: '[Plot] Invalid Y Values detected'
,Chrome Headless 95.0.4638.54 (Mac OS 10.15.7) WARN: '[Plot] Invalid Y Values detected'
,Chrome Headless 95.0.4638.54 (Mac OS 10.15.7) WARN: 'Provider already defined for key '%s'. Provider keys must be unique.', 'plot-stacked'
,Chrome Headless 95.0.4638.54 (Mac OS 10.15.7) WARN: 'Provider already defined for key '%s'. Provider keys must be unique.', 'plot-overlay'
,Chrome Headless 95.0.4638.54 (Mac OS 10.15.7) WARN: 'Provider already defined for key '%s'. Provider keys must be unique.', 'plot-single'
,Chrome Headless 95.0.4638.54 (Mac OS 10.15.7) WARN: 'Provider already defined for key '%s'. Provider keys must be unique.', 'plots-inspector'
,Chrome Headless 95.0.4638.54 (Mac OS 10.15.7) WARN: '[Plot] Invalid Y Values detected'
,Chrome Headless 95.0.4638.54 (Mac OS 10.15.7) WARN: '[Plot] Invalid Y Values detected'
,Chrome Headless 95.0.4638.54 (Mac OS 10.15.7) WARN: '[Plot] Invalid Y Values detected'
,Chrome Headless 95.0.4638.54 (Mac OS 10.15.7) WARN: '[Plot] Invalid Y Values detected'
,Chrome Headless 95.0.4638.54 (Mac OS 10.15.7) WARN: '[Plot] Invalid Y Values detected'
,Chrome Headless 95.0.4638.54 (Mac OS 10.15.7) WARN: '[Plot] Invalid Y Values detected'
,Chrome Headless 95.0.4638.54 (Mac OS 10.15.7) DEBUG: 'Unable to navigate to anything. No root objects found.'
,Chrome Headless 95.0.4638.54 (Mac OS 10.15.7) DEBUG: 'Unable to navigate to anything. No root objects found.'
,Chrome Headless 95.0.4638.54 (Mac OS 10.15.7) DEBUG: 'Unable to navigate to anything. No root objects found.'
,Chrome Headless 95.0.4638.54 (Mac OS 10.15.7) DEBUG: 'Unable to navigate to anything. No root objects found.'
,Chrome Headless 95.0.4638.54 (Mac OS 10.15.7) DEBUG: 'Unable to navigate to anything. No root objects found.'
,Chrome Headless 95.0.4638.54 (Mac OS 10.15.7) WARN: 'Provider already defined for key '%s'. Provider keys must be unique.', 'plot-stacked'
,Chrome Headless 95.0.4638.54 (Mac OS 10.15.7) WARN: 'Provider already defined for key '%s'. Provider keys must be unique.', 'plot-overlay'
,Chrome Headless 95.0.4638.54 (Mac OS 10.15.7) WARN: 'Provider already defined for key '%s'. Provider keys must be unique.', 'plot-single'
,Chrome Headless 95.0.4638.54 (Mac OS 10.15.7) WARN: 'Provider already defined for key '%s'. Provider keys must be unique.', 'plots-inspector'
,Chrome Headless 95.0.4638.54 (Mac OS 10.15.7) WARN: '[Plot] Invalid Y Values detected'
,Chrome Headless 95.0.4638.54 (Mac OS 10.15.7) WARN: '[Plot] Invalid Y Values detected'
,Chrome Headless 95.0.4638.54 (Mac OS 10.15.7) WARN: '[Plot] Invalid Y Values detected'
,Chrome Headless 95.0.4638.54 (Mac OS 10.15.7) WARN: '[Plot] Invalid Y Values detected'
,Chrome Headless 95.0.4638.54 (Mac OS 10.15.7) WARN: '[Plot] Invalid Y Values detected'
,Chrome Headless 95.0.4638.54 (Mac OS 10.15.7) WARN: '[Plot] Invalid Y Values detected'
,Chrome Headless 95.0.4638.54 (Mac OS 10.15.7) DEBUG: 'Unable to navigate to anything. No root objects found.'
,Chrome Headless 95.0.4638.54 (Mac OS 10.15.7) DEBUG: 'Unable to navigate to anything. No root objects found.'
,Chrome Headless 95.0.4638.54 (Mac OS 10.15.7) DEBUG: 'Unable to navigate to anything. No root objects found.'
,Chrome Headless 95.0.4638.54 (Mac OS 10.15.7) DEBUG: 'Unable to navigate to anything. No root objects found.'
,Chrome Headless 95.0.4638.54 (Mac OS 10.15.7) DEBUG: 'Unable to navigate to anything. No root objects found.'
,Chrome Headless 95.0.4638.54 (Mac OS 10.15.7) WARN: 'Provider already defined for key '%s'. Provider keys must be unique.', 'plot-stacked'
,Chrome Headless 95.0.4638.54 (Mac OS 10.15.7) WARN: 'Provider already defined for key '%s'. Provider keys must be unique.', 'plot-overlay'
,Chrome Headless 95.0.4638.54 (Mac OS 10.15.7) WARN: 'Provider already defined for key '%s'. Provider keys must be unique.', 'plot-single'
,Chrome Headless 95.0.4638.54 (Mac OS 10.15.7) WARN: 'Provider already defined for key '%s'. Provider keys must be unique.', 'plots-inspector'
,Chrome Headless 95.0.4638.54 (Mac OS 10.15.7) WARN: '[Plot] Invalid Y Values detected'
,Chrome Headless 95.0.4638.54 (Mac OS 10.15.7) WARN: '[Plot] Invalid Y Values detected'
,Chrome Headless 95.0.4638.54 (Mac OS 10.15.7) WARN: '[Plot] Invalid Y Values detected'
,Chrome Headless 95.0.4638.54 (Mac OS 10.15.7) WARN: '[Plot] Invalid Y Values detected'
,Chrome Headless 95.0.4638.54 (Mac OS 10.15.7) WARN: '[Plot] Invalid Y Values detected'
,Chrome Headless 95.0.4638.54 (Mac OS 10.15.7) WARN: '[Plot] Invalid Y Values detected'
,Chrome Headless 95.0.4638.54 (Mac OS 10.15.7) DEBUG: 'Unable to navigate to anything. No root objects found.'
,Chrome Headless 95.0.4638.54 (Mac OS 10.15.7) DEBUG: 'Unable to navigate to anything. No root objects found.'
,Chrome Headless 95.0.4638.54 (Mac OS 10.15.7) DEBUG: 'Unable to navigate to anything. No root objects found.'
,Chrome Headless 95.0.4638.54 (Mac OS 10.15.7) DEBUG: 'Unable to navigate to anything. No root objects found.'
,Chrome Headless 95.0.4638.54 (Mac OS 10.15.7) DEBUG: 'Unable to navigate to anything. No root objects found.'
,Chrome Headless 95.0.4638.54 (Mac OS 10.15.7) WARN: 'Provider already defined for key '%s'. Provider keys must be unique.', 'plot-stacked'
,Chrome Headless 95.0.4638.54 (Mac OS 10.15.7) WARN: 'Provider already defined for key '%s'. Provider keys must be unique.', 'plot-overlay'
,Chrome Headless 95.0.4638.54 (Mac OS 10.15.7) WARN: 'Provider already defined for key '%s'. Provider keys must be unique.', 'plot-single'
,Chrome Headless 95.0.4638.54 (Mac OS 10.15.7) WARN: 'Provider already defined for key '%s'. Provider keys must be unique.', 'plots-inspector'
,Chrome Headless 95.0.4638.54 (Mac OS 10.15.7) WARN: '[Plot] Invalid Y Values detected'
,Chrome Headless 95.0.4638.54 (Mac OS 10.15.7) WARN: '[Plot] Invalid Y Values detected'
,Chrome Headless 95.0.4638.54 (Mac OS 10.15.7) WARN: '[Plot] Invalid Y Values detected'
,Chrome Headless 95.0.4638.54 (Mac OS 10.15.7) WARN: '[Plot] Invalid Y Values detected'
,Chrome Headless 95.0.4638.54 (Mac OS 10.15.7) WARN: '[Plot] Invalid Y Values detected'
,Chrome Headless 95.0.4638.54 (Mac OS 10.15.7) WARN: '[Plot] Invalid Y Values detected'
,Chrome Headless 95.0.4638.54 (Mac OS 10.15.7) WARN: 'Provider already defined for key '%s'. Provider keys must be unique.', 'plot-stacked'
,Chrome Headless 95.0.4638.54 (Mac OS 10.15.7) WARN: 'Provider already defined for key '%s'. Provider keys must be unique.', 'plot-overlay'
,Chrome Headless 95.0.4638.54 (Mac OS 10.15.7) WARN: 'Provider already defined for key '%s'. Provider keys must be unique.', 'plot-single'
,Chrome Headless 95.0.4638.54 (Mac OS 10.15.7) WARN: 'Provider already defined for key '%s'. Provider keys must be unique.', 'plots-inspector'
,Chrome Headless 95.0.4638.54 (Mac OS 10.15.7) WARN: '[Plot] Invalid Y Values detected'
,Chrome Headless 95.0.4638.54 (Mac OS 10.15.7) WARN: '[Plot] Invalid Y Values detected'
,Chrome Headless 95.0.4638.54 (Mac OS 10.15.7) WARN: '[Plot] Invalid Y Values detected'
,Chrome Headless 95.0.4638.54 (Mac OS 10.15.7) WARN: '[Plot] Invalid Y Values detected'
,Chrome Headless 95.0.4638.54 (Mac OS 10.15.7) WARN: '[Plot] Invalid Y Values detected'
,Chrome Headless 95.0.4638.54 (Mac OS 10.15.7) WARN: '[Plot] Invalid Y Values detected'
,Chrome Headless 95.0.4638.54 (Mac OS 10.15.7) DEBUG: 'Unable to navigate to anything. No root objects found.'
,Chrome Headless 95.0.4638.54 (Mac OS 10.15.7) DEBUG: 'Unable to navigate to anything. No root objects found.'
,Chrome Headless 95.0.4638.54 (Mac OS 10.15.7) DEBUG: 'Unable to navigate to anything. No root objects found.'
,Chrome Headless 95.0.4638.54 (Mac OS 10.15.7) DEBUG: 'Unable to navigate to anything. No root objects found.'
,Chrome Headless 95.0.4638.54 (Mac OS 10.15.7) DEBUG: 'Unable to navigate to anything. No root objects found.'
,Chrome Headless 95.0.4638.54 (Mac OS 10.15.7) WARN: 'Provider already defined for key '%s'. Provider keys must be unique.', 'plot-stacked'
,Chrome Headless 95.0.4638.54 (Mac OS 10.15.7) WARN: 'Provider already defined for key '%s'. Provider keys must be unique.', 'plot-overlay'
,Chrome Headless 95.0.4638.54 (Mac OS 10.15.7) WARN: 'Provider already defined for key '%s'. Provider keys must be unique.', 'plot-single'
,Chrome Headless 95.0.4638.54 (Mac OS 10.15.7) WARN: 'Provider already defined for key '%s'. Provider keys must be unique.', 'plots-inspector'
,Chrome Headless 95.0.4638.54 (Mac OS 10.15.7) WARN: '[Plot] Invalid Y Values detected'
,Chrome Headless 95.0.4638.54 (Mac OS 10.15.7) WARN: '[Plot] Invalid Y Values detected'
,Chrome Headless 95.0.4638.54 (Mac OS 10.15.7) WARN: '[Plot] Invalid Y Values detected'
,Chrome Headless 95.0.4638.54 (Mac OS 10.15.7) WARN: '[Plot] Invalid Y Values detected'
,Chrome Headless 95.0.4638.54 (Mac OS 10.15.7) WARN: '[Plot] Invalid Y Values detected'
,Chrome Headless 95.0.4638.54 (Mac OS 10.15.7) WARN: '[Plot] Invalid Y Values detected'
,Chrome Headless 95.0.4638.54 (Mac OS 10.15.7) DEBUG: 'Unable to navigate to anything. No root objects found.'
,Chrome Headless 95.0.4638.54 (Mac OS 10.15.7) DEBUG: 'Unable to navigate to anything. No root objects found.'
,Chrome Headless 95.0.4638.54 (Mac OS 10.15.7) DEBUG: 'Unable to navigate to anything. No root objects found.'
,Chrome Headless 95.0.4638.54 (Mac OS 10.15.7) DEBUG: 'Unable to navigate to anything. No root objects found.'
,Chrome Headless 95.0.4638.54 (Mac OS 10.15.7) DEBUG: 'Unable to navigate to anything. No root objects found.'
,Chrome Headless 95.0.4638.54 (Mac OS 10.15.7) WARN: 'Provider already defined for key '%s'. Provider keys must be unique.', 'plot-stacked'
,Chrome Headless 95.0.4638.54 (Mac OS 10.15.7) WARN: 'Provider already defined for key '%s'. Provider keys must be unique.', 'plot-overlay'
,Chrome Headless 95.0.4638.54 (Mac OS 10.15.7) WARN: 'Provider already defined for key '%s'. Provider keys must be unique.', 'plot-single'
,Chrome Headless 95.0.4638.54 (Mac OS 10.15.7) WARN: 'Provider already defined for key '%s'. Provider keys must be unique.', 'plots-inspector'
,Chrome Headless 95.0.4638.54 (Mac OS 10.15.7) WARN: '[Plot] Invalid Y Values detected'
,Chrome Headless 95.0.4638.54 (Mac OS 10.15.7) WARN: '[Plot] Invalid Y Values detected'
,Chrome Headless 95.0.4638.54 (Mac OS 10.15.7) WARN: '[Plot] Invalid Y Values detected'
,Chrome Headless 95.0.4638.54 (Mac OS 10.15.7) WARN: '[Plot] Invalid Y Values detected'
,Chrome Headless 95.0.4638.54 (Mac OS 10.15.7) WARN: '[Plot] Invalid Y Values detected'
,Chrome Headless 95.0.4638.54 (Mac OS 10.15.7) WARN: '[Plot] Invalid Y Values detected'
,Chrome Headless 95.0.4638.54 (Mac OS 10.15.7) DEBUG: 'Unable to navigate to anything. No root objects found.'
,Chrome Headless 95.0.4638.54 (Mac OS 10.15.7) DEBUG: 'Unable to navigate to anything. No root objects found.'
,Chrome Headless 95.0.4638.54 (Mac OS 10.15.7) DEBUG: 'Unable to navigate to anything. No root objects found.'
,Chrome Headless 95.0.4638.54 (Mac OS 10.15.7) DEBUG: 'Unable to navigate to anything. No root objects found.'
,Chrome Headless 95.0.4638.54 (Mac OS 10.15.7) DEBUG: 'Unable to navigate to anything. No root objects found.'
,Chrome Headless 95.0.4638.54 (Mac OS 10.15.7) WARN: 'Provider already defined for key '%s'. Provider keys must be unique.', 'plot-stacked'
,Chrome Headless 95.0.4638.54 (Mac OS 10.15.7) WARN: 'Provider already defined for key '%s'. Provider keys must be unique.', 'plot-overlay'
,Chrome Headless 95.0.4638.54 (Mac OS 10.15.7) WARN: 'Provider already defined for key '%s'. Provider keys must be unique.', 'plot-single'
,Chrome Headless 95.0.4638.54 (Mac OS 10.15.7) WARN: 'Provider already defined for key '%s'. Provider keys must be unique.', 'plots-inspector'
,Chrome Headless 95.0.4638.54 (Mac OS 10.15.7) WARN: '[Plot] Invalid Y Values detected'
,Chrome Headless 95.0.4638.54 (Mac OS 10.15.7) WARN: '[Plot] Invalid Y Values detected'
,Chrome Headless 95.0.4638.54 (Mac OS 10.15.7) WARN: '[Plot] Invalid Y Values detected'
,Chrome Headless 95.0.4638.54 (Mac OS 10.15.7) WARN: '[Plot] Invalid Y Values detected'
,Chrome Headless 95.0.4638.54 (Mac OS 10.15.7) WARN: '[Plot] Invalid Y Values detected'
,Chrome Headless 95.0.4638.54 (Mac OS 10.15.7) WARN: '[Plot] Invalid Y Values detected'
,Chrome Headless 95.0.4638.54 (Mac OS 10.15.7) WARN: 'Provider already defined for key '%s'. Provider keys must be unique.', 'plot-stacked'
,Chrome Headless 95.0.4638.54 (Mac OS 10.15.7) WARN: 'Provider already defined for key '%s'. Provider keys must be unique.', 'plot-overlay'
,Chrome Headless 95.0.4638.54 (Mac OS 10.15.7) WARN: 'Provider already defined for key '%s'. Provider keys must be unique.', 'plot-single'
,Chrome Headless 95.0.4638.54 (Mac OS 10.15.7) WARN: 'Provider already defined for key '%s'. Provider keys must be unique.', 'plots-inspector'
,Chrome Headless 95.0.4638.54 (Mac OS 10.15.7) WARN: '[Plot] Invalid Y Values detected'
,Chrome Headless 95.0.4638.54 (Mac OS 10.15.7) WARN: '[Plot] Invalid Y Values detected'
,Chrome Headless 95.0.4638.54 (Mac OS 10.15.7) WARN: '[Plot] Invalid Y Values detected'
,Chrome Headless 95.0.4638.54 (Mac OS 10.15.7) WARN: '[Plot] Invalid Y Values detected'
,Chrome Headless 95.0.4638.54 (Mac OS 10.15.7) WARN: '[Plot] Invalid Y Values detected'
,Chrome Headless 95.0.4638.54 (Mac OS 10.15.7) WARN: '[Plot] Invalid Y Values detected'
,Chrome Headless 95.0.4638.54 (Mac OS 10.15.7) WARN: 'Provider already defined for key '%s'. Provider keys must be unique.', 'plot-stacked'
,Chrome Headless 95.0.4638.54 (Mac OS 10.15.7) WARN: 'Provider already defined for key '%s'. Provider keys must be unique.', 'plot-overlay'
,Chrome Headless 95.0.4638.54 (Mac OS 10.15.7) WARN: 'Provider already defined for key '%s'. Provider keys must be unique.', 'plot-single'
,Chrome Headless 95.0.4638.54 (Mac OS 10.15.7) WARN: 'Provider already defined for key '%s'. Provider keys must be unique.', 'plots-inspector'
,Chrome Headless 95.0.4638.54 (Mac OS 10.15.7) WARN: '[Plot] Invalid Y Values detected'
,Chrome Headless 95.0.4638.54 (Mac OS 10.15.7) WARN: '[Plot] Invalid Y Values detected'
,Chrome Headless 95.0.4638.54 (Mac OS 10.15.7) WARN: '[Plot] Invalid Y Values detected'
,Chrome Headless 95.0.4638.54 (Mac OS 10.15.7) WARN: '[Plot] Invalid Y Values detected'
,Chrome Headless 95.0.4638.54 (Mac OS 10.15.7) WARN: '[Plot] Invalid Y Values detected'
,Chrome Headless 95.0.4638.54 (Mac OS 10.15.7) WARN: '[Plot] Invalid Y Values detected'
,Chrome Headless 95.0.4638.54 (Mac OS 10.15.7) WARN: 'Provider already defined for key '%s'. Provider keys must be unique.', 'plot-stacked'
,Chrome Headless 95.0.4638.54 (Mac OS 10.15.7) WARN: 'Provider already defined for key '%s'. Provider keys must be unique.', 'plot-overlay'
,Chrome Headless 95.0.4638.54 (Mac OS 10.15.7) WARN: 'Provider already defined for key '%s'. Provider keys must be unique.', 'plot-single'
,Chrome Headless 95.0.4638.54 (Mac OS 10.15.7) WARN: 'Provider already defined for key '%s'. Provider keys must be unique.', 'plots-inspector'
,Chrome Headless 95.0.4638.54 (Mac OS 10.15.7) WARN: '[Plot] Invalid Y Values detected'
,Chrome Headless 95.0.4638.54 (Mac OS 10.15.7) WARN: '[Plot] Invalid Y Values detected'
,Chrome Headless 95.0.4638.54 (Mac OS 10.15.7) WARN: '[Plot] Invalid Y Values detected'
,Chrome Headless 95.0.4638.54 (Mac OS 10.15.7) WARN: '[Plot] Invalid Y Values detected'
,Chrome Headless 95.0.4638.54 (Mac OS 10.15.7) WARN: '[Plot] Invalid Y Values detected'
,Chrome Headless 95.0.4638.54 (Mac OS 10.15.7) WARN: '[Plot] Invalid Y Values detected'
,Chrome Headless 95.0.4638.54 (Mac OS 10.15.7) WARN: 'Provider already defined for key '%s'. Provider keys must be unique.', 'plot-stacked'
,Chrome Headless 95.0.4638.54 (Mac OS 10.15.7) WARN: 'Provider already defined for key '%s'. Provider keys must be unique.', 'plot-overlay'
,Chrome Headless 95.0.4638.54 (Mac OS 10.15.7) WARN: 'Provider already defined for key '%s'. Provider keys must be unique.', 'plot-single'
,Chrome Headless 95.0.4638.54 (Mac OS 10.15.7) WARN: 'Provider already defined for key '%s'. Provider keys must be unique.', 'plots-inspector'
,Chrome Headless 95.0.4638.54 (Mac OS 10.15.7) WARN: '[Plot] Invalid Y Values detected'
,Chrome Headless 95.0.4638.54 (Mac OS 10.15.7) WARN: '[Plot] Invalid Y Values detected'
,Chrome Headless 95.0.4638.54 (Mac OS 10.15.7) WARN: '[Plot] Invalid Y Values detected'
,Chrome Headless 95.0.4638.54 (Mac OS 10.15.7) WARN: '[Plot] Invalid Y Values detected'
,Chrome Headless 95.0.4638.54 (Mac OS 10.15.7) WARN: '[Plot] Invalid Y Values detected'
,Chrome Headless 95.0.4638.54 (Mac OS 10.15.7) WARN: '[Plot] Invalid Y Values detected'
,Chrome Headless 95.0.4638.54 (Mac OS 10.15.7) WARN: '[Plot] Invalid Y Values detected'
,Chrome Headless 95.0.4638.54 (Mac OS 10.15.7) WARN: '[Plot] Invalid Y Values detected'
,Chrome Headless 95.0.4638.54 (Mac OS 10.15.7) WARN: '[Plot] Invalid Y Values detected'
,Chrome Headless 95.0.4638.54 (Mac OS 10.15.7) WARN: '[Plot] Invalid Y Values detected'
,Chrome Headless 95.0.4638.54 (Mac OS 10.15.7) WARN: '[Plot] Invalid Y Values detected'
,Chrome Headless 95.0.4638.54 (Mac OS 10.15.7) WARN: '[Plot] Invalid Y Values detected'
,Chrome Headless 95.0.4638.54 (Mac OS 10.15.7) DEBUG: 'Unable to navigate to anything. No root objects found.'
,Chrome Headless 95.0.4638.54 (Mac OS 10.15.7) DEBUG: 'Unable to navigate to anything. No root objects found.'
,Chrome Headless 95.0.4638.54 (Mac OS 10.15.7) DEBUG: 'Unable to navigate to anything. No root objects found.'
,Chrome Headless 95.0.4638.54 (Mac OS 10.15.7) DEBUG: 'Unable to navigate to anything. No root objects found.'
,Chrome Headless 95.0.4638.54 (Mac OS 10.15.7) DEBUG: 'Unable to navigate to anything. No root objects found.'
,Chrome Headless 95.0.4638.54 (Mac OS 10.15.7) WARN: 'Provider already defined for key '%s'. Provider keys must be unique.', 'plot-stacked'
,Chrome Headless 95.0.4638.54 (Mac OS 10.15.7) WARN: 'Provider already defined for key '%s'. Provider keys must be unique.', 'plot-overlay'
,Chrome Headless 95.0.4638.54 (Mac OS 10.15.7) WARN: 'Provider already defined for key '%s'. Provider keys must be unique.', 'plot-single'
,Chrome Headless 95.0.4638.54 (Mac OS 10.15.7) WARN: 'Provider already defined for key '%s'. Provider keys must be unique.', 'plots-inspector'
,Chrome Headless 95.0.4638.54 (Mac OS 10.15.7) WARN: '[Plot] Invalid Y Values detected'
,Chrome Headless 95.0.4638.54 (Mac OS 10.15.7) WARN: '[Plot] Invalid Y Values detected'
,Chrome Headless 95.0.4638.54 (Mac OS 10.15.7) WARN: '[Plot] Invalid Y Values detected'
,Chrome Headless 95.0.4638.54 (Mac OS 10.15.7) WARN: 'Provider already defined for key '%s'. Provider keys must be unique.', 'plot-stacked'
,Chrome Headless 95.0.4638.54 (Mac OS 10.15.7) WARN: 'Provider already defined for key '%s'. Provider keys must be unique.', 'plot-overlay'
,Chrome Headless 95.0.4638.54 (Mac OS 10.15.7) WARN: 'Provider already defined for key '%s'. Provider keys must be unique.', 'plot-single'
,Chrome Headless 95.0.4638.54 (Mac OS 10.15.7) WARN: 'Provider already defined for key '%s'. Provider keys must be unique.', 'plots-inspector'
,Chrome Headless 95.0.4638.54 (Mac OS 10.15.7) WARN: '[Plot] Invalid Y Values detected'
,Chrome Headless 95.0.4638.54 (Mac OS 10.15.7) WARN: '[Plot] Invalid Y Values detected'
,Chrome Headless 95.0.4638.54 (Mac OS 10.15.7) WARN: '[Plot] Invalid Y Values detected'
,Chrome Headless 95.0.4638.54 (Mac OS 10.15.7) WARN: '[Plot] Invalid Y Values detected'
,Chrome Headless 95.0.4638.54 (Mac OS 10.15.7) WARN: '[Plot] Invalid Y Values detected'
,Chrome Headless 95.0.4638.54 (Mac OS 10.15.7) WARN: '[Plot] Invalid Y Values detected'
,Chrome Headless 95.0.4638.54 (Mac OS 10.15.7) WARN: '[Plot] Invalid Y Values detected'
,Chrome Headless 95.0.4638.54 (Mac OS 10.15.7) WARN: '[Plot] Invalid Y Values detected'
,Chrome Headless 95.0.4638.54 (Mac OS 10.15.7) WARN: '[Plot] Invalid Y Values detected'
,Chrome Headless 95.0.4638.54 (Mac OS 10.15.7) WARN: '[Plot] Invalid Y Values detected'
,Chrome Headless 95.0.4638.54 (Mac OS 10.15.7) WARN: '[Plot] Invalid Y Values detected'
,Chrome Headless 95.0.4638.54 (Mac OS 10.15.7) WARN: '[Plot] Invalid Y Values detected'
,Chrome Headless 95.0.4638.54 (Mac OS 10.15.7) WARN: 'Provider already defined for key '%s'. Provider keys must be unique.', 'plot-stacked'
,Chrome Headless 95.0.4638.54 (Mac OS 10.15.7) WARN: 'Provider already defined for key '%s'. Provider keys must be unique.', 'plot-overlay'
,Chrome Headless 95.0.4638.54 (Mac OS 10.15.7) WARN: 'Provider already defined for key '%s'. Provider keys must be unique.', 'plot-single'
,Chrome Headless 95.0.4638.54 (Mac OS 10.15.7) WARN: 'Provider already defined for key '%s'. Provider keys must be unique.', 'plots-inspector'
,Chrome Headless 95.0.4638.54 (Mac OS 10.15.7) WARN: '[Plot] Invalid Y Values detected'
,Chrome Headless 95.0.4638.54 (Mac OS 10.15.7) WARN: '[Plot] Invalid Y Values detected'
,Chrome Headless 95.0.4638.54 (Mac OS 10.15.7) WARN: '[Plot] Invalid Y Values detected'
,Chrome Headless 95.0.4638.54 (Mac OS 10.15.7) WARN: '[Plot] Invalid Y Values detected'
,Chrome Headless 95.0.4638.54 (Mac OS 10.15.7) WARN: '[Plot] Invalid Y Values detected'
,Chrome Headless 95.0.4638.54 (Mac OS 10.15.7) WARN: '[Plot] Invalid Y Values detected'
,Chrome Headless 95.0.4638.54 (Mac OS 10.15.7) WARN: '[Plot] Invalid Y Values detected'
,Chrome Headless 95.0.4638.54 (Mac OS 10.15.7) WARN: '[Plot] Invalid Y Values detected'
,Chrome Headless 95.0.4638.54 (Mac OS 10.15.7) WARN: '[Plot] Invalid Y Values detected'
,Chrome Headless 95.0.4638.54 (Mac OS 10.15.7) WARN: '[Plot] Invalid Y Values detected'
,Chrome Headless 95.0.4638.54 (Mac OS 10.15.7) WARN: '[Plot] Invalid Y Values detected'
,Chrome Headless 95.0.4638.54 (Mac OS 10.15.7) WARN: '[Plot] Invalid Y Values detected'
,Chrome Headless 95.0.4638.54 (Mac OS 10.15.7) DEBUG: 'Unable to navigate to anything. No root objects found.'
,Chrome Headless 95.0.4638.54 (Mac OS 10.15.7) DEBUG: 'Unable to navigate to anything. No root objects found.'
,Chrome Headless 95.0.4638.54 (Mac OS 10.15.7) DEBUG: 'Unable to navigate to anything. No root objects found.'
,Chrome Headless 95.0.4638.54 (Mac OS 10.15.7) DEBUG: 'Unable to navigate to anything. No root objects found.'
,Chrome Headless 95.0.4638.54 (Mac OS 10.15.7) DEBUG: 'Unable to navigate to anything. No root objects found.'
,Chrome Headless 95.0.4638.54 (Mac OS 10.15.7) WARN: 'Provider already defined for key '%s'. Provider keys must be unique.', 'plot-stacked'
,Chrome Headless 95.0.4638.54 (Mac OS 10.15.7) WARN: 'Provider already defined for key '%s'. Provider keys must be unique.', 'plot-overlay'
,Chrome Headless 95.0.4638.54 (Mac OS 10.15.7) WARN: 'Provider already defined for key '%s'. Provider keys must be unique.', 'plot-single'
,Chrome Headless 95.0.4638.54 (Mac OS 10.15.7) WARN: 'Provider already defined for key '%s'. Provider keys must be unique.', 'plots-inspector'
,Chrome Headless 95.0.4638.54 (Mac OS 10.15.7) WARN: '[Plot] Invalid Y Values detected'
,Chrome Headless 95.0.4638.54 (Mac OS 10.15.7) WARN: '[Plot] Invalid Y Values detected'
,Chrome Headless 95.0.4638.54 (Mac OS 10.15.7) WARN: '[Plot] Invalid Y Values detected'
,Chrome Headless 95.0.4638.54 (Mac OS 10.15.7) WARN: '[Plot] Invalid Y Values detected'
,Chrome Headless 95.0.4638.54 (Mac OS 10.15.7) WARN: '[Plot] Invalid Y Values detected'
,Chrome Headless 95.0.4638.54 (Mac OS 10.15.7) WARN: '[Plot] Invalid Y Values detected'
,Chrome Headless 95.0.4638.54 (Mac OS 10.15.7) DEBUG: 'Unable to navigate to anything. No root objects found.'
,Chrome Headless 95.0.4638.54 (Mac OS 10.15.7) DEBUG: 'Unable to navigate to anything. No root objects found.'
,Chrome Headless 95.0.4638.54 (Mac OS 10.15.7) DEBUG: 'Unable to navigate to anything. No root objects found.'
,Chrome Headless 95.0.4638.54 (Mac OS 10.15.7) DEBUG: 'Unable to navigate to anything. No root objects found.'
,Chrome Headless 95.0.4638.54 (Mac OS 10.15.7) DEBUG: 'Unable to navigate to anything. No root objects found.'
,Chrome Headless 95.0.4638.54 (Mac OS 10.15.7) WARN: 'Provider already defined for key '%s'. Provider keys must be unique.', 'plot-stacked'
,Chrome Headless 95.0.4638.54 (Mac OS 10.15.7) WARN: 'Provider already defined for key '%s'. Provider keys must be unique.', 'plot-overlay'
,Chrome Headless 95.0.4638.54 (Mac OS 10.15.7) WARN: 'Provider already defined for key '%s'. Provider keys must be unique.', 'plot-single'
,Chrome Headless 95.0.4638.54 (Mac OS 10.15.7) WARN: 'Provider already defined for key '%s'. Provider keys must be unique.', 'plots-inspector'
,Chrome Headless 95.0.4638.54 (Mac OS 10.15.7) WARN: '[Plot] Invalid Y Values detected'
,Chrome Headless 95.0.4638.54 (Mac OS 10.15.7) WARN: '[Plot] Invalid Y Values detected'
,Chrome Headless 95.0.4638.54 (Mac OS 10.15.7) WARN: '[Plot] Invalid Y Values detected'
,Chrome Headless 95.0.4638.54 (Mac OS 10.15.7) WARN: '[Plot] Invalid Y Values detected'
,Chrome Headless 95.0.4638.54 (Mac OS 10.15.7) WARN: '[Plot] Invalid Y Values detected'
,Chrome Headless 95.0.4638.54 (Mac OS 10.15.7) WARN: '[Plot] Invalid Y Values detected'
,Chrome Headless 95.0.4638.54 (Mac OS 10.15.7) DEBUG: 'Unable to navigate to anything. No root objects found.'
,Chrome Headless 95.0.4638.54 (Mac OS 10.15.7) DEBUG: 'Unable to navigate to anything. No root objects found.'
,Chrome Headless 95.0.4638.54 (Mac OS 10.15.7) DEBUG: 'Unable to navigate to anything. No root objects found.'
,Chrome Headless 95.0.4638.54 (Mac OS 10.15.7) DEBUG: 'Unable to navigate to anything. No root objects found.'
,Chrome Headless 95.0.4638.54 (Mac OS 10.15.7) DEBUG: 'Unable to navigate to anything. No root objects found.'
,Chrome Headless 95.0.4638.54 (Mac OS 10.15.7) WARN: 'Provider already defined for key '%s'. Provider keys must be unique.', 'plot-stacked'
,Chrome Headless 95.0.4638.54 (Mac OS 10.15.7) WARN: 'Provider already defined for key '%s'. Provider keys must be unique.', 'plot-overlay'
,Chrome Headless 95.0.4638.54 (Mac OS 10.15.7) WARN: 'Provider already defined for key '%s'. Provider keys must be unique.', 'plot-single'
,Chrome Headless 95.0.4638.54 (Mac OS 10.15.7) WARN: 'Provider already defined for key '%s'. Provider keys must be unique.', 'plots-inspector'
,Chrome Headless 95.0.4638.54 (Mac OS 10.15.7) WARN: '[Plot] Invalid Y Values detected'
,Chrome Headless 95.0.4638.54 (Mac OS 10.15.7) WARN: '[Plot] Invalid Y Values detected'
,Chrome Headless 95.0.4638.54 (Mac OS 10.15.7) WARN: '[Plot] Invalid Y Values detected'
,Chrome Headless 95.0.4638.54 (Mac OS 10.15.7) WARN: '[Plot] Invalid Y Values detected'
,Chrome Headless 95.0.4638.54 (Mac OS 10.15.7) WARN: '[Plot] Invalid Y Values detected'
,Chrome Headless 95.0.4638.54 (Mac OS 10.15.7) WARN: '[Plot] Invalid Y Values detected'
,Chrome Headless 95.0.4638.54 (Mac OS 10.15.7) DEBUG: 'Unable to navigate to anything. No root objects found.'
,Chrome Headless 95.0.4638.54 (Mac OS 10.15.7) DEBUG: 'Unable to navigate to anything. No root objects found.'
,Chrome Headless 95.0.4638.54 (Mac OS 10.15.7) DEBUG: 'Unable to navigate to anything. No root objects found.'
,Chrome Headless 95.0.4638.54 (Mac OS 10.15.7) DEBUG: 'Unable to navigate to anything. No root objects found.'
,Chrome Headless 95.0.4638.54 (Mac OS 10.15.7) DEBUG: 'Unable to navigate to anything. No root objects found.'
,Chrome Headless 95.0.4638.54 (Mac OS 10.15.7) WARN: 'Provider already defined for key '%s'. Provider keys must be unique.', 'plot-stacked'
,Chrome Headless 95.0.4638.54 (Mac OS 10.15.7) WARN: 'Provider already defined for key '%s'. Provider keys must be unique.', 'plot-overlay'
,Chrome Headless 95.0.4638.54 (Mac OS 10.15.7) WARN: 'Provider already defined for key '%s'. Provider keys must be unique.', 'plot-single'
,Chrome Headless 95.0.4638.54 (Mac OS 10.15.7) WARN: 'Provider already defined for key '%s'. Provider keys must be unique.', 'plots-inspector'
,Chrome Headless 95.0.4638.54 (Mac OS 10.15.7) WARN: '[Plot] Invalid Y Values detected'
,Chrome Headless 95.0.4638.54 (Mac OS 10.15.7) WARN: '[Plot] Invalid Y Values detected'
,Chrome Headless 95.0.4638.54 (Mac OS 10.15.7) WARN: '[Plot] Invalid Y Values detected'
,Chrome Headless 95.0.4638.54 (Mac OS 10.15.7) WARN: '[Plot] Invalid Y Values detected'
,Chrome Headless 95.0.4638.54 (Mac OS 10.15.7) WARN: '[Plot] Invalid Y Values detected'
,Chrome Headless 95.0.4638.54 (Mac OS 10.15.7) WARN: '[Plot] Invalid Y Values detected'
,Chrome Headless 95.0.4638.54 (Mac OS 10.15.7) DEBUG: 'Unable to navigate to anything. No root objects found.'
,Chrome Headless 95.0.4638.54 (Mac OS 10.15.7) DEBUG: 'Unable to navigate to anything. No root objects found.'
,Chrome Headless 95.0.4638.54 (Mac OS 10.15.7) DEBUG: 'Unable to navigate to anything. No root objects found.'
,Chrome Headless 95.0.4638.54 (Mac OS 10.15.7) DEBUG: 'Unable to navigate to anything. No root objects found.'
,Chrome Headless 95.0.4638.54 (Mac OS 10.15.7) DEBUG: 'Unable to navigate to anything. No root objects found.'
,Chrome Headless 95.0.4638.54 (Mac OS 10.15.7) WARN: 'Provider already defined for key '%s'. Provider keys must be unique.', 'plot-stacked'
,Chrome Headless 95.0.4638.54 (Mac OS 10.15.7) WARN: 'Provider already defined for key '%s'. Provider keys must be unique.', 'plot-overlay'
,Chrome Headless 95.0.4638.54 (Mac OS 10.15.7) WARN: 'Provider already defined for key '%s'. Provider keys must be unique.', 'plot-single'
,Chrome Headless 95.0.4638.54 (Mac OS 10.15.7) WARN: 'Provider already defined for key '%s'. Provider keys must be unique.', 'plots-inspector'
,Chrome Headless 95.0.4638.54 (Mac OS 10.15.7) WARN: '[Plot] Invalid Y Values detected'
,Chrome Headless 95.0.4638.54 (Mac OS 10.15.7) WARN: '[Plot] Invalid Y Values detected'
,Chrome Headless 95.0.4638.54 (Mac OS 10.15.7) WARN: '[Plot] Invalid Y Values detected'
,Chrome Headless 95.0.4638.54 (Mac OS 10.15.7) WARN: '[Plot] Invalid Y Values detected'
,Chrome Headless 95.0.4638.54 (Mac OS 10.15.7) WARN: '[Plot] Invalid Y Values detected'
,Chrome Headless 95.0.4638.54 (Mac OS 10.15.7) WARN: '[Plot] Invalid Y Values detected'
,Chrome Headless 95.0.4638.54 (Mac OS 10.15.7) DEBUG: 'Unable to navigate to anything. No root objects found.'
,Chrome Headless 95.0.4638.54 (Mac OS 10.15.7) DEBUG: 'Unable to navigate to anything. No root objects found.'
,Chrome Headless 95.0.4638.54 (Mac OS 10.15.7) DEBUG: 'Unable to navigate to anything. No root objects found.'
,Chrome Headless 95.0.4638.54 (Mac OS 10.15.7) DEBUG: 'Unable to navigate to anything. No root objects found.'
,Chrome Headless 95.0.4638.54 (Mac OS 10.15.7) DEBUG: 'Unable to navigate to anything. No root objects found.'
,Chrome Headless 95.0.4638.54 (Mac OS 10.15.7) WARN: 'Provider already defined for key '%s'. Provider keys must be unique.', 'plot-stacked'
,Chrome Headless 95.0.4638.54 (Mac OS 10.15.7) WARN: 'Provider already defined for key '%s'. Provider keys must be unique.', 'plot-overlay'
,Chrome Headless 95.0.4638.54 (Mac OS 10.15.7) WARN: 'Provider already defined for key '%s'. Provider keys must be unique.', 'plot-single'
,Chrome Headless 95.0.4638.54 (Mac OS 10.15.7) WARN: 'Provider already defined for key '%s'. Provider keys must be unique.', 'plots-inspector'
,Chrome Headless 95.0.4638.54 (Mac OS 10.15.7) WARN: 'Provider already defined for key '%s'. Provider keys must be unique.', 'plot-stacked'
,Chrome Headless 95.0.4638.54 (Mac OS 10.15.7) WARN: 'Provider already defined for key '%s'. Provider keys must be unique.', 'plot-overlay'
,Chrome Headless 95.0.4638.54 (Mac OS 10.15.7) WARN: 'Provider already defined for key '%s'. Provider keys must be unique.', 'plot-single'
,Chrome Headless 95.0.4638.54 (Mac OS 10.15.7) WARN: 'Provider already defined for key '%s'. Provider keys must be unique.', 'plots-inspector'
,Chrome Headless 95.0.4638.54 (Mac OS 10.15.7) WARN: 'Provider already defined for key '%s'. Provider keys must be unique.', 'plot-stacked'
,Chrome Headless 95.0.4638.54 (Mac OS 10.15.7) WARN: 'Provider already defined for key '%s'. Provider keys must be unique.', 'plot-overlay'
,Chrome Headless 95.0.4638.54 (Mac OS 10.15.7) WARN: 'Provider already defined for key '%s'. Provider keys must be unique.', 'plot-single'
,Chrome Headless 95.0.4638.54 (Mac OS 10.15.7) WARN: 'Provider already defined for key '%s'. Provider keys must be unique.', 'plots-inspector'
,Chrome Headless 95.0.4638.54 (Mac OS 10.15.7) DEBUG: 'Unable to navigate to anything. No root objects found.'
,Chrome Headless 95.0.4638.54 (Mac OS 10.15.7) DEBUG: 'Unable to navigate to anything. No root objects found.'
,Chrome Headless 95.0.4638.54 (Mac OS 10.15.7) DEBUG: 'Unable to navigate to anything. No root objects found.'
,Chrome Headless 95.0.4638.54 (Mac OS 10.15.7) DEBUG: 'Unable to navigate to anything. No root objects found.'
,Chrome Headless 95.0.4638.54 (Mac OS 10.15.7) DEBUG: 'Unable to navigate to anything. No root objects found.'
,Chrome Headless 95.0.4638.54 (Mac OS 10.15.7) WARN: 'Provider already defined for key '%s'. Provider keys must be unique.', 'plot-stacked'
,Chrome Headless 95.0.4638.54 (Mac OS 10.15.7) WARN: 'Provider already defined for key '%s'. Provider keys must be unique.', 'plot-overlay'
,Chrome Headless 95.0.4638.54 (Mac OS 10.15.7) WARN: 'Provider already defined for key '%s'. Provider keys must be unique.', 'plot-single'
,Chrome Headless 95.0.4638.54 (Mac OS 10.15.7) WARN: 'Provider already defined for key '%s'. Provider keys must be unique.', 'plots-inspector'
,Chrome Headless 95.0.4638.54 (Mac OS 10.15.7) WARN: 'Provider already defined for key '%s'. Provider keys must be unique.', 'plot-stacked'
,Chrome Headless 95.0.4638.54 (Mac OS 10.15.7) WARN: 'Provider already defined for key '%s'. Provider keys must be unique.', 'plot-overlay'
,Chrome Headless 95.0.4638.54 (Mac OS 10.15.7) WARN: 'Provider already defined for key '%s'. Provider keys must be unique.', 'plot-single'
,Chrome Headless 95.0.4638.54 (Mac OS 10.15.7) WARN: 'Provider already defined for key '%s'. Provider keys must be unique.', 'plots-inspector'
,Chrome Headless 95.0.4638.54 (Mac OS 10.15.7) DEBUG: 'Unable to navigate to anything. No root objects found.'
,Chrome Headless 95.0.4638.54 (Mac OS 10.15.7) DEBUG: 'Unable to navigate to anything. No root objects found.'
,Chrome Headless 95.0.4638.54 (Mac OS 10.15.7) DEBUG: 'Unable to navigate to anything. No root objects found.'
,Chrome Headless 95.0.4638.54 (Mac OS 10.15.7) DEBUG: 'Unable to navigate to anything. No root objects found.'
,Chrome Headless 95.0.4638.54 (Mac OS 10.15.7) DEBUG: 'Unable to navigate to anything. No root objects found.'
,Chrome Headless 95.0.4638.54 (Mac OS 10.15.7) WARN: 'Provider already defined for key '%s'. Provider keys must be unique.', 'plot-stacked'
,Chrome Headless 95.0.4638.54 (Mac OS 10.15.7) WARN: 'Provider already defined for key '%s'. Provider keys must be unique.', 'plot-overlay'
,Chrome Headless 95.0.4638.54 (Mac OS 10.15.7) WARN: 'Provider already defined for key '%s'. Provider keys must be unique.', 'plot-single'
,Chrome Headless 95.0.4638.54 (Mac OS 10.15.7) WARN: 'Provider already defined for key '%s'. Provider keys must be unique.', 'plots-inspector'
,Chrome Headless 95.0.4638.54 (Mac OS 10.15.7) DEBUG: 'Unable to navigate to anything. No root objects found.'
,Chrome Headless 95.0.4638.54 (Mac OS 10.15.7) DEBUG: 'Unable to navigate to anything. No root objects found.'
,Chrome Headless 95.0.4638.54 (Mac OS 10.15.7) DEBUG: 'Unable to navigate to anything. No root objects found.'
,Chrome Headless 95.0.4638.54 (Mac OS 10.15.7) DEBUG: 'Unable to navigate to anything. No root objects found.'
,Chrome Headless 95.0.4638.54 (Mac OS 10.15.7) DEBUG: 'Unable to navigate to anything. No root objects found.'
,Chrome Headless 95.0.4638.54 (Mac OS 10.15.7) WARN: 'Provider already defined for key '%s'. Provider keys must be unique.', 'plot-stacked'
,Chrome Headless 95.0.4638.54 (Mac OS 10.15.7) WARN: 'Provider already defined for key '%s'. Provider keys must be unique.', 'plot-overlay'
,Chrome Headless 95.0.4638.54 (Mac OS 10.15.7) WARN: 'Provider already defined for key '%s'. Provider keys must be unique.', 'plot-single'
,Chrome Headless 95.0.4638.54 (Mac OS 10.15.7) WARN: 'Provider already defined for key '%s'. Provider keys must be unique.', 'plots-inspector'
,Chrome Headless 95.0.4638.54 (Mac OS 10.15.7) DEBUG: 'Unable to navigate to anything. No root objects found.'
,Chrome Headless 95.0.4638.54 (Mac OS 10.15.7) DEBUG: 'Unable to navigate to anything. No root objects found.'
,Chrome Headless 95.0.4638.54 (Mac OS 10.15.7) DEBUG: 'Unable to navigate to anything. No root objects found.'
,Chrome Headless 95.0.4638.54 (Mac OS 10.15.7) DEBUG: 'Unable to navigate to anything. No root objects found.'
,Chrome Headless 95.0.4638.54 (Mac OS 10.15.7) DEBUG: 'Unable to navigate to anything. No root objects found.'
,Chrome Headless 95.0.4638.54 (Mac OS 10.15.7) WARN: 'Provider already defined for key '%s'. Provider keys must be unique.', 'plot-stacked'
,Chrome Headless 95.0.4638.54 (Mac OS 10.15.7) WARN: 'Provider already defined for key '%s'. Provider keys must be unique.', 'plot-overlay'
,Chrome Headless 95.0.4638.54 (Mac OS 10.15.7) WARN: 'Provider already defined for key '%s'. Provider keys must be unique.', 'plot-single'
,Chrome Headless 95.0.4638.54 (Mac OS 10.15.7) WARN: 'Provider already defined for key '%s'. Provider keys must be unique.', 'plots-inspector'
,Chrome Headless 95.0.4638.54 (Mac OS 10.15.7) WARN: 'Provider already defined for key '%s'. Provider keys must be unique.', 'plot-stacked'
,Chrome Headless 95.0.4638.54 (Mac OS 10.15.7) WARN: 'Provider already defined for key '%s'. Provider keys must be unique.', 'plot-overlay'
,Chrome Headless 95.0.4638.54 (Mac OS 10.15.7) WARN: 'Provider already defined for key '%s'. Provider keys must be unique.', 'plot-single'
,Chrome Headless 95.0.4638.54 (Mac OS 10.15.7) WARN: 'Provider already defined for key '%s'. Provider keys must be unique.', 'plots-inspector'
,Chrome Headless 95.0.4638.54 (Mac OS 10.15.7) DEBUG: 'Unable to navigate to anything. No root objects found.'
,Chrome Headless 95.0.4638.54 (Mac OS 10.15.7) DEBUG: 'Unable to navigate to anything. No root objects found.'
,Chrome Headless 95.0.4638.54 (Mac OS 10.15.7) DEBUG: 'Unable to navigate to anything. No root objects found.'
,Chrome Headless 95.0.4638.54 (Mac OS 10.15.7) DEBUG: 'Unable to navigate to anything. No root objects found.'
,Chrome Headless 95.0.4638.54 (Mac OS 10.15.7) DEBUG: 'Unable to navigate to anything. No root objects found.'
,Chrome Headless 95.0.4638.54 (Mac OS 10.15.7) WARN: 'Provider already defined for key '%s'. Provider keys must be unique.', 'plot-stacked'
,Chrome Headless 95.0.4638.54 (Mac OS 10.15.7) WARN: 'Provider already defined for key '%s'. Provider keys must be unique.', 'plot-overlay'
,Chrome Headless 95.0.4638.54 (Mac OS 10.15.7) WARN: 'Provider already defined for key '%s'. Provider keys must be unique.', 'plot-single'
,Chrome Headless 95.0.4638.54 (Mac OS 10.15.7) WARN: 'Provider already defined for key '%s'. Provider keys must be unique.', 'plots-inspector'
,Chrome Headless 95.0.4638.54 (Mac OS 10.15.7) DEBUG: 'Unable to navigate to anything. No root objects found.'
,Chrome Headless 95.0.4638.54 (Mac OS 10.15.7) DEBUG: 'Unable to navigate to anything. No root objects found.'
,Chrome Headless 95.0.4638.54 (Mac OS 10.15.7) DEBUG: 'Unable to navigate to anything. No root objects found.'
,Chrome Headless 95.0.4638.54 (Mac OS 10.15.7) DEBUG: 'Unable to navigate to anything. No root objects found.'
,Chrome Headless 95.0.4638.54 (Mac OS 10.15.7) DEBUG: 'Unable to navigate to anything. No root objects found.'
,Chrome Headless 95.0.4638.54 (Mac OS 10.15.7) WARN: 'Provider already defined for key '%s'. Provider keys must be unique.', 'plot-stacked'
,Chrome Headless 95.0.4638.54 (Mac OS 10.15.7) WARN: 'Provider already defined for key '%s'. Provider keys must be unique.', 'plot-overlay'
,Chrome Headless 95.0.4638.54 (Mac OS 10.15.7) WARN: 'Provider already defined for key '%s'. Provider keys must be unique.', 'plot-single'
,Chrome Headless 95.0.4638.54 (Mac OS 10.15.7) WARN: 'Provider already defined for key '%s'. Provider keys must be unique.', 'plots-inspector'
,Chrome Headless 95.0.4638.54 (Mac OS 10.15.7) DEBUG: 'Unable to navigate to anything. No root objects found.'
,Chrome Headless 95.0.4638.54 (Mac OS 10.15.7) DEBUG: 'Unable to navigate to anything. No root objects found.'
,Chrome Headless 95.0.4638.54 (Mac OS 10.15.7) DEBUG: 'Unable to navigate to anything. No root objects found.'
,Chrome Headless 95.0.4638.54 (Mac OS 10.15.7) DEBUG: 'Unable to navigate to anything. No root objects found.'
,Chrome Headless 95.0.4638.54 (Mac OS 10.15.7) DEBUG: 'Unable to navigate to anything. No root objects found.'
,Chrome Headless 95.0.4638.54 (Mac OS 10.15.7) WARN: 'Provider already defined for key '%s'. Provider keys must be unique.', 'plot-stacked'
,Chrome Headless 95.0.4638.54 (Mac OS 10.15.7) WARN: 'Provider already defined for key '%s'. Provider keys must be unique.', 'plot-overlay'
,Chrome Headless 95.0.4638.54 (Mac OS 10.15.7) WARN: 'Provider already defined for key '%s'. Provider keys must be unique.', 'plot-single'
,Chrome Headless 95.0.4638.54 (Mac OS 10.15.7) WARN: 'Provider already defined for key '%s'. Provider keys must be unique.', 'plots-inspector'
,Chrome Headless 95.0.4638.54 (Mac OS 10.15.7) DEBUG: 'Unable to navigate to anything. No root objects found.'
,Chrome Headless 95.0.4638.54 (Mac OS 10.15.7) DEBUG: 'Unable to navigate to anything. No root objects found.'
,Chrome Headless 95.0.4638.54 (Mac OS 10.15.7) DEBUG: 'Unable to navigate to anything. No root objects found.'
,Chrome Headless 95.0.4638.54 (Mac OS 10.15.7) DEBUG: 'Unable to navigate to anything. No root objects found.'
,Chrome Headless 95.0.4638.54 (Mac OS 10.15.7) DEBUG: 'Unable to navigate to anything. No root objects found.'
,Chrome Headless 95.0.4638.54 (Mac OS 10.15.7) DEBUG: 'Unable to navigate to anything. No root objects found.'
,Chrome Headless 95.0.4638.54 (Mac OS 10.15.7) DEBUG: 'Unable to navigate to anything. No root objects found.'
,Chrome Headless 95.0.4638.54 (Mac OS 10.15.7) DEBUG: 'Unable to navigate to anything. No root objects found.'
,Chrome Headless 95.0.4638.54 (Mac OS 10.15.7) DEBUG: 'Unable to navigate to anything. No root objects found.'
,Chrome Headless 95.0.4638.54 (Mac OS 10.15.7) DEBUG: 'Unable to navigate to anything. No root objects found.'
,Chrome Headless 95.0.4638.54 (Mac OS 10.15.7) DEBUG: 'Unable to navigate to anything. No root objects found.'
,Chrome Headless 95.0.4638.54 (Mac OS 10.15.7) DEBUG: 'Unable to navigate to anything. No root objects found.'
,Chrome Headless 95.0.4638.54 (Mac OS 10.15.7) DEBUG: 'Unable to navigate to anything. No root objects found.'
,Chrome Headless 95.0.4638.54 (Mac OS 10.15.7) DEBUG: 'Unable to navigate to anything. No root objects found.'
,Chrome Headless 95.0.4638.54 (Mac OS 10.15.7) DEBUG: 'Unable to navigate to anything. No root objects found.'
,Chrome Headless 95.0.4638.54 (Mac OS 10.15.7) DEBUG: 'Unable to navigate to anything. No root objects found.'
,Chrome Headless 95.0.4638.54 (Mac OS 10.15.7) DEBUG: 'Unable to navigate to anything. No root objects found.'
,Chrome Headless 95.0.4638.54 (Mac OS 10.15.7) DEBUG: 'Unable to navigate to anything. No root objects found.'
,Chrome Headless 95.0.4638.54 (Mac OS 10.15.7) DEBUG: 'Unable to navigate to anything. No root objects found.'
,Chrome Headless 95.0.4638.54 (Mac OS 10.15.7) DEBUG: 'Unable to navigate to anything. No root objects found.'
,Chrome Headless 95.0.4638.54 (Mac OS 10.15.7) DEBUG: 'Unable to navigate to anything. No root objects found.'
,Chrome Headless 95.0.4638.54 (Mac OS 10.15.7) DEBUG: 'Unable to navigate to anything. No root objects found.'
,Chrome Headless 95.0.4638.54 (Mac OS 10.15.7) DEBUG: 'Unable to navigate to anything. No root objects found.'
,Chrome Headless 95.0.4638.54 (Mac OS 10.15.7) DEBUG: 'Unable to navigate to anything. No root objects found.'
,Chrome Headless 95.0.4638.54 (Mac OS 10.15.7) DEBUG: 'Unable to navigate to anything. No root objects found.'
,Chrome Headless 95.0.4638.54 (Mac OS 10.15.7) WARN: 'Provider already defined for key '%s'. Provider keys must be unique.', 'tabs'
,Chrome Headless 95.0.4638.54 (Mac OS 10.15.7) DEBUG: 'Unable to navigate to anything. No root objects found.'
,Chrome Headless 95.0.4638.54 (Mac OS 10.15.7) DEBUG: 'Unable to navigate to anything. No root objects found.'
,Chrome Headless 95.0.4638.54 (Mac OS 10.15.7) DEBUG: 'Unable to navigate to anything. No root objects found.'
,Chrome Headless 95.0.4638.54 (Mac OS 10.15.7) DEBUG: 'Unable to navigate to anything. No root objects found.'
,Chrome Headless 95.0.4638.54 (Mac OS 10.15.7) DEBUG: 'Unable to navigate to anything. No root objects found.'
,Chrome Headless 95.0.4638.54 (Mac OS 10.15.7) WARN: 'Provider already defined for key '%s'. Provider keys must be unique.', 'tabs'
,Chrome Headless 95.0.4638.54 (Mac OS 10.15.7) WARN: 'Provider already defined for key '%s'. Provider keys must be unique.', 'tabs'
,Chrome Headless 95.0.4638.54 (Mac OS 10.15.7) WARN: 'Provider already defined for key '%s'. Provider keys must be unique.', 'tabs'
,Chrome Headless 95.0.4638.54 (Mac OS 10.15.7) WARN: 'Provider already defined for key '%s'. Provider keys must be unique.', 'tabs'
,Chrome Headless 95.0.4638.54 (Mac OS 10.15.7) WARN: 'Provider already defined for key '%s'. Provider keys must be unique.', 'tabs'
,Chrome Headless 95.0.4638.54 (Mac OS 10.15.7) WARN: 'Provider already defined for key '%s'. Provider keys must be unique.', 'table'
,Chrome Headless 95.0.4638.54 (Mac OS 10.15.7) WARN: 'Provider already defined for key '%s'. Provider keys must be unique.', 'table-configuration'
,Chrome Headless 95.0.4638.54 (Mac OS 10.15.7) WARN: 'Provider already defined for key '%s'. Provider keys must be unique.', 'table'
,Chrome Headless 95.0.4638.54 (Mac OS 10.15.7) WARN: 'Provider already defined for key '%s'. Provider keys must be unique.', 'table-configuration'
,Chrome Headless 95.0.4638.54 (Mac OS 10.15.7) WARN: 'Provider already defined for key '%s'. Provider keys must be unique.', 'table'
,Chrome Headless 95.0.4638.54 (Mac OS 10.15.7) WARN: 'Provider already defined for key '%s'. Provider keys must be unique.', 'table-configuration'
,Chrome Headless 95.0.4638.54 (Mac OS 10.15.7) WARN: 'Provider already defined for key '%s'. Provider keys must be unique.', 'table'
,Chrome Headless 95.0.4638.54 (Mac OS 10.15.7) WARN: 'Provider already defined for key '%s'. Provider keys must be unique.', 'table-configuration'
,Chrome Headless 95.0.4638.54 (Mac OS 10.15.7) WARN: 'Provider already defined for key '%s'. Provider keys must be unique.', 'table'
,Chrome Headless 95.0.4638.54 (Mac OS 10.15.7) WARN: 'Provider already defined for key '%s'. Provider keys must be unique.', 'table-configuration'
,Chrome Headless 95.0.4638.54 (Mac OS 10.15.7) WARN: 'Provider already defined for key '%s'. Provider keys must be unique.', 'table'
,Chrome Headless 95.0.4638.54 (Mac OS 10.15.7) WARN: 'Provider already defined for key '%s'. Provider keys must be unique.', 'table-configuration'
,Chrome Headless 95.0.4638.54 (Mac OS 10.15.7) WARN: 'Provider already defined for key '%s'. Provider keys must be unique.', 'table'
,Chrome Headless 95.0.4638.54 (Mac OS 10.15.7) WARN: 'Provider already defined for key '%s'. Provider keys must be unique.', 'table-configuration'
,Chrome Headless 95.0.4638.54 (Mac OS 10.15.7) WARN: 'Provider already defined for key '%s'. Provider keys must be unique.', 'table'
,Chrome Headless 95.0.4638.54 (Mac OS 10.15.7) WARN: 'Provider already defined for key '%s'. Provider keys must be unique.', 'table-configuration'
,Chrome Headless 95.0.4638.54 (Mac OS 10.15.7) WARN: 'Provider already defined for key '%s'. Provider keys must be unique.', 'table'
,Chrome Headless 95.0.4638.54 (Mac OS 10.15.7) WARN: 'Provider already defined for key '%s'. Provider keys must be unique.', 'table-configuration'
,Chrome Headless 95.0.4638.54 (Mac OS 10.15.7) WARN: 'Provider already defined for key '%s'. Provider keys must be unique.', 'table'
,Chrome Headless 95.0.4638.54 (Mac OS 10.15.7) WARN: 'Provider already defined for key '%s'. Provider keys must be unique.', 'table-configuration'
,Chrome Headless 95.0.4638.54 (Mac OS 10.15.7) WARN: 'Provider already defined for key '%s'. Provider keys must be unique.', 'table'
,Chrome Headless 95.0.4638.54 (Mac OS 10.15.7) WARN: 'Provider already defined for key '%s'. Provider keys must be unique.', 'table-configuration'
,Chrome Headless 95.0.4638.54 (Mac OS 10.15.7) DEBUG: 'Unable to navigate to anything. No root objects found.'
,Chrome Headless 95.0.4638.54 (Mac OS 10.15.7) DEBUG: 'Unable to navigate to anything. No root objects found.'
,Chrome Headless 95.0.4638.54 (Mac OS 10.15.7) DEBUG: 'Unable to navigate to anything. No root objects found.'
,Chrome Headless 95.0.4638.54 (Mac OS 10.15.7) DEBUG: 'Unable to navigate to anything. No root objects found.'
,Chrome Headless 95.0.4638.54 (Mac OS 10.15.7) DEBUG: 'Unable to navigate to anything. No root objects found.'
,Chrome Headless 95.0.4638.54 (Mac OS 10.15.7) DEBUG: 'Unable to navigate to anything. No root objects found.'
,Chrome Headless 95.0.4638.54 (Mac OS 10.15.7) DEBUG: 'Unable to navigate to anything. No root objects found.'
,Chrome Headless 95.0.4638.54 (Mac OS 10.15.7) DEBUG: 'Unable to navigate to anything. No root objects found.'
,Chrome Headless 95.0.4638.54 (Mac OS 10.15.7) DEBUG: 'Unable to navigate to anything. No root objects found.'
,Chrome Headless 95.0.4638.54 (Mac OS 10.15.7) DEBUG: 'Unable to navigate to anything. No root objects found.'
,Chrome Headless 95.0.4638.54 (Mac OS 10.15.7) DEBUG: 'Unable to navigate to anything. No root objects found.'
,Chrome Headless 95.0.4638.54 (Mac OS 10.15.7) DEBUG: 'Unable to navigate to anything. No root objects found.'
,Chrome Headless 95.0.4638.54 (Mac OS 10.15.7) DEBUG: 'Unable to navigate to anything. No root objects found.'
,Chrome Headless 95.0.4638.54 (Mac OS 10.15.7) DEBUG: 'Unable to navigate to anything. No root objects found.'
,Chrome Headless 95.0.4638.54 (Mac OS 10.15.7) DEBUG: 'Unable to navigate to anything. No root objects found.'
,Chrome Headless 95.0.4638.54 (Mac OS 10.15.7) DEBUG: 'Unable to navigate to anything. No root objects found.'
,Chrome Headless 95.0.4638.54 (Mac OS 10.15.7) DEBUG: 'Unable to navigate to anything. No root objects found.'
,Chrome Headless 95.0.4638.54 (Mac OS 10.15.7) DEBUG: 'Unable to navigate to anything. No root objects found.'
,Chrome Headless 95.0.4638.54 (Mac OS 10.15.7) DEBUG: 'Unable to navigate to anything. No root objects found.'
,Chrome Headless 95.0.4638.54 (Mac OS 10.15.7) DEBUG: 'Unable to navigate to anything. No root objects found.'
,Chrome Headless 95.0.4638.54 (Mac OS 10.15.7) DEBUG: 'Unable to navigate to anything. No root objects found.'
,Chrome Headless 95.0.4638.54 (Mac OS 10.15.7) DEBUG: 'Unable to navigate to anything. No root objects found.'
,Chrome Headless 95.0.4638.54 (Mac OS 10.15.7) DEBUG: 'Unable to navigate to anything. No root objects found.'
,Chrome Headless 95.0.4638.54 (Mac OS 10.15.7) DEBUG: 'Unable to navigate to anything. No root objects found.'
,Chrome Headless 95.0.4638.54 (Mac OS 10.15.7) DEBUG: 'Unable to navigate to anything. No root objects found.'
,Chrome Headless 95.0.4638.54 (Mac OS 10.15.7) DEBUG: 'Unable to navigate to anything. No root objects found.'
,Chrome Headless 95.0.4638.54 (Mac OS 10.15.7) DEBUG: 'Unable to navigate to anything. No root objects found.'
,Chrome Headless 95.0.4638.54 (Mac OS 10.15.7) ERROR: '[Vue warn]: Error in data(): "TypeError: Cannot read properties of undefined (reading 'useIndependentTime')"

found in

---> <TimelineViewLayout> at src/plugins/timeline/TimelineViewLayout.vue
       <Root>'
,Chrome Headless 95.0.4638.54 (Mac OS 10.15.7) ERROR: TypeError: Cannot read properties of undefined (reading 'useIndependentTime')
TypeError: Cannot read properties of undefined (reading 'useIndependentTime')
    at VueComponent.data (webpack-internal:///./node_modules/vue-loader/lib/index.js?!./src/plugins/timeline/TimelineViewLayout.vue?vue&type=script&lang=js&:95:65)
    at getData (webpack-internal:///./node_modules/vue/dist/vue.js:3354:17)
    at initData (webpack-internal:///./node_modules/vue/dist/vue.js:3313:7)
    at initState (webpack-internal:///./node_modules/vue/dist/vue.js:3254:5)
    at VueComponent.Vue._init (webpack-internal:///./node_modules/vue/dist/vue.js:4501:5)
    at new VueComponent (webpack-internal:///./node_modules/vue/dist/vue.js:4673:12)
    at createComponentInstanceForVnode (webpack-internal:///./node_modules/vue/dist/vue.js:4194:10)
    at init (webpack-internal:///./node_modules/vue/dist/vue.js:4011:45)
    at createComponent (webpack-internal:///./node_modules/vue/dist/vue.js:5457:9)
    at createElm (webpack-internal:///./node_modules/vue/dist/vue.js:5405:9)
,Chrome Headless 95.0.4638.54 (Mac OS 10.15.7) ERROR: '[Vue warn]: Property or method "timeSystems" is not defined on the instance but referenced during render. Make sure that this property is reactive, either in the data option, or for class-based components, by initializing the property. See: https://vuejs.org/v2/guide/reactivity.html#Declaring-Reactive-Properties.

found in

---> <TimelineViewLayout> at src/plugins/timeline/TimelineViewLayout.vue
       <Root>'
,Chrome Headless 95.0.4638.54 (Mac OS 10.15.7) ERROR: '[Vue warn]: Property or method "items" is not defined on the instance but referenced during render. Make sure that this property is reactive, either in the data option, or for class-based components, by initializing the property. See: https://vuejs.org/v2/guide/reactivity.html#Declaring-Reactive-Properties.

found in

---> <TimelineViewLayout> at src/plugins/timeline/TimelineViewLayout.vue
       <Root>'
,Chrome Headless 95.0.4638.54 (Mac OS 10.15.7) ERROR: '[Vue warn]: Error in mounted hook: "TypeError: objectPath.forEach is not a function"

found in

---> <TimelineViewLayout> at src/plugins/timeline/TimelineViewLayout.vue
       <Root>'
,Chrome Headless 95.0.4638.54 (Mac OS 10.15.7) ERROR: TypeError: objectPath.forEach is not a function
TypeError: objectPath.forEach is not a function
    at TimeAPI.getContextForView (webpack-internal:///./src/api/time/TimeAPI.js:181:20)
    at VueComponent.setTimeContext (webpack-internal:///./node_modules/vue-loader/lib/index.js?!./src/plugins/timeline/TimelineViewLayout.vue?vue&type=script&lang=js&:177:50)
    at VueComponent.boundFn [as setTimeContext] (webpack-internal:///./node_modules/vue/dist/vue.js:194:12)
    at VueComponent.mounted (webpack-internal:///./node_modules/vue-loader/lib/index.js?!./src/plugins/timeline/TimelineViewLayout.vue?vue&type=script&lang=js&:113:14)
    at callHook (webpack-internal:///./node_modules/vue/dist/vue.js:2871:21)
    at Object.insert (webpack-internal:///./node_modules/vue/dist/vue.js:4042:7)
    at invokeInsertHook (webpack-internal:///./node_modules/vue/dist/vue.js:5791:28)
    at Vue$3.patch [as __patch__] (webpack-internal:///./node_modules/vue/dist/vue.js:6010:5)
    at Vue$3.Vue._update (webpack-internal:///./node_modules/vue/dist/vue.js:2616:19)
    at Vue$3.updateComponent (webpack-internal:///./node_modules/vue/dist/vue.js:2744:10)
,Chrome Headless 95.0.4638.54 (Mac OS 10.15.7) ERROR: '[Vue warn]: Error in data(): "TypeError: Cannot read properties of undefined (reading 'useIndependentTime')"

found in

---> <TimelineViewLayout> at src/plugins/timeline/TimelineViewLayout.vue
       <Root>'
,Chrome Headless 95.0.4638.54 (Mac OS 10.15.7) ERROR: TypeError: Cannot read properties of undefined (reading 'useIndependentTime')
TypeError: Cannot read properties of undefined (reading 'useIndependentTime')
    at VueComponent.data (webpack-internal:///./node_modules/vue-loader/lib/index.js?!./src/plugins/timeline/TimelineViewLayout.vue?vue&type=script&lang=js&:95:65)
    at getData (webpack-internal:///./node_modules/vue/dist/vue.js:3354:17)
    at initData (webpack-internal:///./node_modules/vue/dist/vue.js:3313:7)
    at initState (webpack-internal:///./node_modules/vue/dist/vue.js:3254:5)
    at VueComponent.Vue._init (webpack-internal:///./node_modules/vue/dist/vue.js:4501:5)
    at new VueComponent (webpack-internal:///./node_modules/vue/dist/vue.js:4673:12)
    at createComponentInstanceForVnode (webpack-internal:///./node_modules/vue/dist/vue.js:4194:10)
    at init (webpack-internal:///./node_modules/vue/dist/vue.js:4011:45)
    at createComponent (webpack-internal:///./node_modules/vue/dist/vue.js:5457:9)
    at createElm (webpack-internal:///./node_modules/vue/dist/vue.js:5405:9)
,Chrome Headless 95.0.4638.54 (Mac OS 10.15.7) ERROR: '[Vue warn]: Property or method "timeSystems" is not defined on the instance but referenced during render. Make sure that this property is reactive, either in the data option, or for class-based components, by initializing the property. See: https://vuejs.org/v2/guide/reactivity.html#Declaring-Reactive-Properties.

found in

---> <TimelineViewLayout> at src/plugins/timeline/TimelineViewLayout.vue
       <Root>'
,Chrome Headless 95.0.4638.54 (Mac OS 10.15.7) ERROR: '[Vue warn]: Property or method "items" is not defined on the instance but referenced during render. Make sure that this property is reactive, either in the data option, or for class-based components, by initializing the property. See: https://vuejs.org/v2/guide/reactivity.html#Declaring-Reactive-Properties.

found in

---> <TimelineViewLayout> at src/plugins/timeline/TimelineViewLayout.vue
       <Root>'
,Chrome Headless 95.0.4638.54 (Mac OS 10.15.7) ERROR: '[Vue warn]: Error in mounted hook: "TypeError: objectPath.forEach is not a function"

found in

---> <TimelineViewLayout> at src/plugins/timeline/TimelineViewLayout.vue
       <Root>'
,Chrome Headless 95.0.4638.54 (Mac OS 10.15.7) ERROR: TypeError: objectPath.forEach is not a function
TypeError: objectPath.forEach is not a function
    at TimeAPI.getContextForView (webpack-internal:///./src/api/time/TimeAPI.js:181:20)
    at VueComponent.setTimeContext (webpack-internal:///./node_modules/vue-loader/lib/index.js?!./src/plugins/timeline/TimelineViewLayout.vue?vue&type=script&lang=js&:177:50)
    at VueComponent.boundFn [as setTimeContext] (webpack-internal:///./node_modules/vue/dist/vue.js:194:12)
    at VueComponent.mounted (webpack-internal:///./node_modules/vue-loader/lib/index.js?!./src/plugins/timeline/TimelineViewLayout.vue?vue&type=script&lang=js&:113:14)
    at callHook (webpack-internal:///./node_modules/vue/dist/vue.js:2871:21)
    at Object.insert (webpack-internal:///./node_modules/vue/dist/vue.js:4042:7)
    at invokeInsertHook (webpack-internal:///./node_modules/vue/dist/vue.js:5791:28)
    at Vue$3.patch [as __patch__] (webpack-internal:///./node_modules/vue/dist/vue.js:6010:5)
    at Vue$3.Vue._update (webpack-internal:///./node_modules/vue/dist/vue.js:2616:19)
    at Vue$3.updateComponent (webpack-internal:///./node_modules/vue/dist/vue.js:2744:10)
,Chrome Headless 95.0.4638.54 (Mac OS 10.15.7) DEBUG: 'Unable to navigate to anything. No root objects found.'
,Chrome Headless 95.0.4638.54 (Mac OS 10.15.7) DEBUG: 'Unable to navigate to anything. No root objects found.'
,Chrome Headless 95.0.4638.54 (Mac OS 10.15.7) DEBUG: 'Unable to navigate to anything. No root objects found.'
,Chrome Headless 95.0.4638.54 (Mac OS 10.15.7) DEBUG: 'Unable to navigate to anything. No root objects found.'
,Chrome Headless 95.0.4638.54 (Mac OS 10.15.7) DEBUG: 'Unable to navigate to anything. No root objects found.'
,Chrome Headless 95.0.4638.54 (Mac OS 10.15.7) DEBUG: 'Unable to navigate to anything. No root objects found.'
,Chrome Headless 95.0.4638.54 (Mac OS 10.15.7) DEBUG: 'Unable to navigate to anything. No root objects found.'
,Chrome Headless 95.0.4638.54 (Mac OS 10.15.7) ERROR: '[Vue warn]: Error in data(): "TypeError: Cannot read properties of undefined (reading 'useIndependentTime')"

found in

---> <TimelineViewLayout> at src/plugins/timeline/TimelineViewLayout.vue
       <Root>'
,Chrome Headless 95.0.4638.54 (Mac OS 10.15.7) ERROR: TypeError: Cannot read properties of undefined (reading 'useIndependentTime')
TypeError: Cannot read properties of undefined (reading 'useIndependentTime')
    at VueComponent.data (webpack-internal:///./node_modules/vue-loader/lib/index.js?!./src/plugins/timeline/TimelineViewLayout.vue?vue&type=script&lang=js&:95:65)
    at getData (webpack-internal:///./node_modules/vue/dist/vue.js:3354:17)
    at initData (webpack-internal:///./node_modules/vue/dist/vue.js:3313:7)
    at initState (webpack-internal:///./node_modules/vue/dist/vue.js:3254:5)
    at VueComponent.Vue._init (webpack-internal:///./node_modules/vue/dist/vue.js:4501:5)
    at new VueComponent (webpack-internal:///./node_modules/vue/dist/vue.js:4673:12)
    at createComponentInstanceForVnode (webpack-internal:///./node_modules/vue/dist/vue.js:4194:10)
    at init (webpack-internal:///./node_modules/vue/dist/vue.js:4011:45)
    at createComponent (webpack-internal:///./node_modules/vue/dist/vue.js:5457:9)
    at createElm (webpack-internal:///./node_modules/vue/dist/vue.js:5405:9)
,Chrome Headless 95.0.4638.54 (Mac OS 10.15.7) ERROR: '[Vue warn]: Property or method "timeSystems" is not defined on the instance but referenced during render. Make sure that this property is reactive, either in the data option, or for class-based components, by initializing the property. See: https://vuejs.org/v2/guide/reactivity.html#Declaring-Reactive-Properties.

found in

---> <TimelineViewLayout> at src/plugins/timeline/TimelineViewLayout.vue
       <Root>'
,Chrome Headless 95.0.4638.54 (Mac OS 10.15.7) ERROR: '[Vue warn]: Property or method "items" is not defined on the instance but referenced during render. Make sure that this property is reactive, either in the data option, or for class-based components, by initializing the property. See: https://vuejs.org/v2/guide/reactivity.html#Declaring-Reactive-Properties.

found in

---> <TimelineViewLayout> at src/plugins/timeline/TimelineViewLayout.vue
       <Root>'
,Chrome Headless 95.0.4638.54 (Mac OS 10.15.7) ERROR: '[Vue warn]: Error in mounted hook: "TypeError: objectPath.forEach is not a function"

found in

---> <TimelineViewLayout> at src/plugins/timeline/TimelineViewLayout.vue
       <Root>'
,Chrome Headless 95.0.4638.54 (Mac OS 10.15.7) ERROR: TypeError: objectPath.forEach is not a function
TypeError: objectPath.forEach is not a function
    at TimeAPI.getContextForView (webpack-internal:///./src/api/time/TimeAPI.js:181:20)
    at VueComponent.setTimeContext (webpack-internal:///./node_modules/vue-loader/lib/index.js?!./src/plugins/timeline/TimelineViewLayout.vue?vue&type=script&lang=js&:177:50)
    at VueComponent.boundFn [as setTimeContext] (webpack-internal:///./node_modules/vue/dist/vue.js:194:12)
    at VueComponent.mounted (webpack-internal:///./node_modules/vue-loader/lib/index.js?!./src/plugins/timeline/TimelineViewLayout.vue?vue&type=script&lang=js&:113:14)
    at callHook (webpack-internal:///./node_modules/vue/dist/vue.js:2871:21)
    at Object.insert (webpack-internal:///./node_modules/vue/dist/vue.js:4042:7)
    at invokeInsertHook (webpack-internal:///./node_modules/vue/dist/vue.js:5791:28)
    at Vue$3.patch [as __patch__] (webpack-internal:///./node_modules/vue/dist/vue.js:6010:5)
    at Vue$3.Vue._update (webpack-internal:///./node_modules/vue/dist/vue.js:2616:19)
    at Vue$3.updateComponent (webpack-internal:///./node_modules/vue/dist/vue.js:2744:10)
,Chrome Headless 95.0.4638.54 (Mac OS 10.15.7) ERROR: '[Vue warn]: Error in mounted hook: "TypeError: objectPath.forEach is not a function"

found in

---> <TimelineViewLayout> at src/plugins/timeline/TimelineViewLayout.vue
       <Root>'
,Chrome Headless 95.0.4638.54 (Mac OS 10.15.7) ERROR: TypeError: objectPath.forEach is not a function
TypeError: objectPath.forEach is not a function
    at TimeAPI.getContextForView (webpack-internal:///./src/api/time/TimeAPI.js:181:20)
    at VueComponent.setTimeContext (webpack-internal:///./node_modules/vue-loader/lib/index.js?!./src/plugins/timeline/TimelineViewLayout.vue?vue&type=script&lang=js&:177:50)
    at VueComponent.boundFn [as setTimeContext] (webpack-internal:///./node_modules/vue/dist/vue.js:194:12)
    at VueComponent.mounted (webpack-internal:///./node_modules/vue-loader/lib/index.js?!./src/plugins/timeline/TimelineViewLayout.vue?vue&type=script&lang=js&:113:14)
    at callHook (webpack-internal:///./node_modules/vue/dist/vue.js:2871:21)
    at Object.insert (webpack-internal:///./node_modules/vue/dist/vue.js:4042:7)
    at invokeInsertHook (webpack-internal:///./node_modules/vue/dist/vue.js:5791:28)
    at Vue$3.patch [as __patch__] (webpack-internal:///./node_modules/vue/dist/vue.js:6010:5)
    at Vue$3.Vue._update (webpack-internal:///./node_modules/vue/dist/vue.js:2616:19)
    at Vue$3.updateComponent (webpack-internal:///./node_modules/vue/dist/vue.js:2744:10)
,Chrome Headless 95.0.4638.54 (Mac OS 10.15.7) ERROR: '[Vue warn]: Error in nextTick: "TypeError: Cannot read properties of undefined (reading 'clockOffsets')"'
,Chrome Headless 95.0.4638.54 (Mac OS 10.15.7) ERROR: TypeError: Cannot read properties of undefined (reading 'clockOffsets')
TypeError: Cannot read properties of undefined (reading 'clockOffsets')
    at eval (webpack-internal:///./src/plugins/timeline/pluginSpec.js:184:47)
    at Array.eval (webpack-internal:///./node_modules/vue/dist/vue.js:1797:12)
    at flushCallbacks (webpack-internal:///./node_modules/vue/dist/vue.js:1718:14)
,Chrome Headless 95.0.4638.54 (Mac OS 10.15.7) ERROR: '[Vue warn]: Error in mounted hook: "TypeError: objectPath.forEach is not a function"

found in

---> <TimelineViewLayout> at src/plugins/timeline/TimelineViewLayout.vue
       <Root>'
,Chrome Headless 95.0.4638.54 (Mac OS 10.15.7) ERROR: TypeError: objectPath.forEach is not a function
TypeError: objectPath.forEach is not a function
    at TimeAPI.getContextForView (webpack-internal:///./src/api/time/TimeAPI.js:181:20)
    at VueComponent.setTimeContext (webpack-internal:///./node_modules/vue-loader/lib/index.js?!./src/plugins/timeline/TimelineViewLayout.vue?vue&type=script&lang=js&:177:50)
    at VueComponent.boundFn [as setTimeContext] (webpack-internal:///./node_modules/vue/dist/vue.js:194:12)
    at VueComponent.mounted (webpack-internal:///./node_modules/vue-loader/lib/index.js?!./src/plugins/timeline/TimelineViewLayout.vue?vue&type=script&lang=js&:113:14)
    at callHook (webpack-internal:///./node_modules/vue/dist/vue.js:2871:21)
    at Object.insert (webpack-internal:///./node_modules/vue/dist/vue.js:4042:7)
    at invokeInsertHook (webpack-internal:///./node_modules/vue/dist/vue.js:5791:28)
    at Vue$3.patch [as __patch__] (webpack-internal:///./node_modules/vue/dist/vue.js:6010:5)
    at Vue$3.Vue._update (webpack-internal:///./node_modules/vue/dist/vue.js:2616:19)
    at Vue$3.updateComponent (webpack-internal:///./node_modules/vue/dist/vue.js:2744:10)
,Chrome Headless 95.0.4638.54 (Mac OS 10.15.7) ERROR: '[Vue warn]: Error in nextTick: "TypeError: Cannot read properties of undefined (reading 'bounds')"'
,Chrome Headless 95.0.4638.54 (Mac OS 10.15.7) ERROR: TypeError: Cannot read properties of undefined (reading 'bounds')
TypeError: Cannot read properties of undefined (reading 'bounds')
    at eval (webpack-internal:///./src/plugins/timeline/pluginSpec.js:231:47)
    at Array.eval (webpack-internal:///./node_modules/vue/dist/vue.js:1797:12)
    at flushCallbacks (webpack-internal:///./node_modules/vue/dist/vue.js:1718:14)
,Chrome Headless 95.0.4638.54 (Mac OS 10.15.7) DEBUG: 'Unable to navigate to anything. No root objects found.'
,Chrome Headless 95.0.4638.54 (Mac OS 10.15.7) DEBUG: 'Unable to navigate to anything. No root objects found.'
,Chrome Headless 95.0.4638.54 (Mac OS 10.15.7) DEBUG: 'Unable to navigate to anything. No root objects found.'
,Chrome Headless 95.0.4638.54 (Mac OS 10.15.7) DEBUG: 'Unable to navigate to anything. No root objects found.'
,Chrome Headless 95.0.4638.54 (Mac OS 10.15.7) DEBUG: 'Unable to navigate to anything. No root objects found.'
,Chrome Headless 95.0.4638.54 (Mac OS 10.15.7) DEBUG: 'Unable to navigate to anything. No root objects found.'
,Chrome Headless 95.0.4638.54 (Mac OS 10.15.7) DEBUG: 'Unable to navigate to anything. No root objects found.'
,Chrome Headless 95.0.4638.54 (Mac OS 10.15.7) DEBUG: 'Unable to navigate to anything. No root objects found.'
,Chrome Headless 95.0.4638.54 (Mac OS 10.15.7) DEBUG: 'Unable to navigate to anything. No root objects found.'
,Chrome Headless 95.0.4638.54 (Mac OS 10.15.7) DEBUG: 'Unable to navigate to anything. No root objects found.'
,Chrome Headless 95.0.4638.54 (Mac OS 10.15.7) DEBUG: 'Unable to navigate to anything. No root objects found.'
,Chrome Headless 95.0.4638.54 (Mac OS 10.15.7) DEBUG: 'Unable to navigate to anything. No root objects found.'
,Chrome Headless 95.0.4638.54 (Mac OS 10.15.7) DEBUG: 'Unable to navigate to anything. No root objects found.'
,Chrome Headless 95.0.4638.54 (Mac OS 10.15.7) DEBUG: 'Unable to navigate to anything. No root objects found.'
,Chrome Headless 95.0.4638.54 (Mac OS 10.15.7) DEBUG: 'Unable to navigate to anything. No root objects found.'
,Chrome Headless 95.0.4638.54 (Mac OS 10.15.7) DEBUG: 'Unable to navigate to anything. No root objects found.'
,Chrome Headless 95.0.4638.54 (Mac OS 10.15.7) DEBUG: 'Unable to navigate to anything. No root objects found.'
,Chrome Headless 95.0.4638.54 (Mac OS 10.15.7) DEBUG: 'Unable to navigate to anything. No root objects found.'
,Chrome Headless 95.0.4638.54 (Mac OS 10.15.7) DEBUG: 'Unable to navigate to anything. No root objects found.'
,Chrome Headless 95.0.4638.54 (Mac OS 10.15.7) DEBUG: 'Unable to navigate to anything. No root objects found.'
,Chrome Headless 95.0.4638.54 (Mac OS 10.15.7) DEBUG: 'Unable to navigate to anything. No root objects found.'
,Chrome Headless 95.0.4638.54 (Mac OS 10.15.7) DEBUG: 'Unable to navigate to anything. No root objects found.'
,Chrome Headless 95.0.4638.54 (Mac OS 10.15.7) DEBUG: 'Unable to navigate to anything. No root objects found.'
,Chrome Headless 95.0.4638.54 (Mac OS 10.15.7) DEBUG: 'Unable to navigate to anything. No root objects found.'
,Chrome Headless 95.0.4638.54 (Mac OS 10.15.7) DEBUG: 'Unable to navigate to anything. No root objects found.'
,Chrome Headless 95.0.4638.54 (Mac OS 10.15.7) DEBUG: 'Unable to navigate to anything. No root objects found.'
,Chrome Headless 95.0.4638.54 (Mac OS 10.15.7) DEBUG: 'Unable to navigate to anything. No root objects found.'
,Chrome Headless 95.0.4638.54 (Mac OS 10.15.7) DEBUG: 'Unable to navigate to anything. No root objects found.'
,Chrome Headless 95.0.4638.54 (Mac OS 10.15.7) DEBUG: 'Unable to navigate to anything. No root objects found.'
,Chrome Headless 95.0.4638.54 (Mac OS 10.15.7) DEBUG: 'Unable to navigate to anything. No root objects found.'
,Chrome Headless 95.0.4638.54 (Mac OS 10.15.7) DEBUG: 'Unable to navigate to anything. No root objects found.'
,Chrome Headless 95.0.4638.54 (Mac OS 10.15.7) DEBUG: 'Unable to navigate to anything. No root objects found.'
,Chrome Headless 95.0.4638.54 (Mac OS 10.15.7) DEBUG: 'Unable to navigate to anything. No root objects found.'
,Chrome Headless 95.0.4638.54 (Mac OS 10.15.7) DEBUG: 'Unable to navigate to anything. No root objects found.'
,Chrome Headless 95.0.4638.54 (Mac OS 10.15.7) DEBUG: 'Unable to navigate to anything. No root objects found.'
,Chrome Headless 95.0.4638.54 (Mac OS 10.15.7) DEBUG: 'Unable to navigate to anything. No root objects found.'
,Chrome Headless 95.0.4638.54 (Mac OS 10.15.7) DEBUG: 'Unable to navigate to anything. No root objects found.'
,Chrome Headless 95.0.4638.54 (Mac OS 10.15.7) DEBUG: 'Unable to navigate to anything. No root objects found.'
,Chrome Headless 95.0.4638.54 (Mac OS 10.15.7) DEBUG: 'Unable to navigate to anything. No root objects found.'
,Chrome Headless 95.0.4638.54 (Mac OS 10.15.7) DEBUG: 'Unable to navigate to anything. No root objects found.'
,Chrome Headless 95.0.4638.54 (Mac OS 10.15.7) DEBUG: 'Unable to navigate to anything. No root objects found.'
,Chrome Headless 95.0.4638.54 (Mac OS 10.15.7) DEBUG: 'Unable to navigate to anything. No root objects found.'
,Chrome Headless 95.0.4638.54 (Mac OS 10.15.7) DEBUG: 'Unable to navigate to anything. No root objects found.'
,Chrome Headless 95.0.4638.54 (Mac OS 10.15.7) DEBUG: 'Unable to navigate to anything. No root objects found.'
,Chrome Headless 95.0.4638.54 (Mac OS 10.15.7) DEBUG: 'Unable to navigate to anything. No root objects found.'
,Chrome Headless 95.0.4638.54 (Mac OS 10.15.7) DEBUG: 'Unable to navigate to anything. No root objects found.'
,Chrome Headless 95.0.4638.54 (Mac OS 10.15.7) DEBUG: 'Unable to navigate to anything. No root objects found.'
,Chrome Headless 95.0.4638.54 (Mac OS 10.15.7) DEBUG: 'Unable to navigate to anything. No root objects found.'
,Chrome Headless 95.0.4638.54 (Mac OS 10.15.7) DEBUG: 'Unable to navigate to anything. No root objects found.'
,Chrome Headless 95.0.4638.54 (Mac OS 10.15.7) DEBUG: 'Unable to navigate to anything. No root objects found.'
,Chrome Headless 95.0.4638.54 (Mac OS 10.15.7) DEBUG: 'Unable to navigate to anything. No root objects found.'
,Chrome Headless 95.0.4638.54 (Mac OS 10.15.7) DEBUG: 'Unable to navigate to anything. No root objects found.'
,Chrome Headless 95.0.4638.54 (Mac OS 10.15.7) DEBUG: 'Unable to navigate to anything. No root objects found.'
,Chrome Headless 95.0.4638.54 (Mac OS 10.15.7) DEBUG: 'Unable to navigate to anything. No root objects found.'
,Chrome Headless 95.0.4638.54 (Mac OS 10.15.7) DEBUG: 'Unable to navigate to anything. No root objects found.'
,Chrome Headless 95.0.4638.54 (Mac OS 10.15.7) DEBUG: 'Unable to navigate to anything. No root objects found.'
,Chrome Headless 95.0.4638.54 (Mac OS 10.15.7) DEBUG: 'Unable to navigate to anything. No root objects found.'
,Chrome Headless 95.0.4638.54 (Mac OS 10.15.7) DEBUG: 'Unable to navigate to anything. No root objects found.'
,Chrome Headless 95.0.4638.54 (Mac OS 10.15.7) DEBUG: 'Unable to navigate to anything. No root objects found.'
,Chrome Headless 95.0.4638.54 (Mac OS 10.15.7) DEBUG: 'Unable to navigate to anything. No root objects found.'
,Chrome Headless 95.0.4638.54 (Mac OS 10.15.7) DEBUG: 'Unable to navigate to anything. No root objects found.'
,Chrome Headless 95.0.4638.54 (Mac OS 10.15.7) DEBUG: 'Unable to navigate to anything. No root objects found.'
,Chrome Headless 95.0.4638.54 (Mac OS 10.15.7) DEBUG: 'Unable to navigate to anything. No root objects found.'
,Chrome Headless 95.0.4638.54 (Mac OS 10.15.7) DEBUG: 'Unable to navigate to anything. No root objects found.'
,Chrome Headless 95.0.4638.54 (Mac OS 10.15.7) DEBUG: 'Unable to navigate to anything. No root objects found.'
,Chrome Headless 95.0.4638.54 (Mac OS 10.15.7) DEBUG: 'Unable to navigate to anything. No root objects found.'

]]>
  </system-out>
  <system-err/>
</testsuite>